22:53:41 **** Incremental Build of configuration Release for project compressor ****
make all 
Building file: ../Src/amplitude_following.c
Invoking: MCU GCC Compiler
/Users/willmitchell/Documents/stm32_workspace/compressor/Release
arm-none-eabi-gcc -mcpu=cortex-m4 -mthumb -mfloat-abi=hard -mfpu=fpv4-sp-d16 '-D__weak=__attribute__((weak))' '-D__packed="__attribute__((__packed__))"' -DUSE_HAL_DRIVER -DSTM32F303xC -I"/Users/willmitchell/Documents/stm32_workspace/compressor/Inc" -I"/Users/willmitchell/Documents/stm32_workspace/compressor/Drivers/STM32F3xx_HAL_Driver/Inc" -I"/Users/willmitchell/Documents/stm32_workspace/compressor/Drivers/STM32F3xx_HAL_Driver/Inc/Legacy" -I"/Users/willmitchell/Documents/stm32_workspace/compressor/Drivers/CMSIS/Device/ST/STM32F3xx/Include" -I"/Users/willmitchell/Documents/stm32_workspace/compressor/Drivers/CMSIS/Include"  -O3 -mtune=cortex-m4 -g -Wall -fmessage-length=0 -ffunction-sections -fdata-sections -c -fmessage-length=0 -MMD -MP -MF"Src/amplitude_following.d" -MT"Src/amplitude_following.o" -o "Src/amplitude_following.o" "../Src/amplitude_following.c"
Finished building: ../Src/amplitude_following.c
 
Building file: ../Src/biquad_filter_setup.c
Invoking: MCU GCC Compiler
/Users/willmitchell/Documents/stm32_workspace/compressor/Release
arm-none-eabi-gcc -mcpu=cortex-m4 -mthumb -mfloat-abi=hard -mfpu=fpv4-sp-d16 '-D__weak=__attribute__((weak))' '-D__packed="__attribute__((__packed__))"' -DUSE_HAL_DRIVER -DSTM32F303xC -I"/Users/willmitchell/Documents/stm32_workspace/compressor/Inc" -I"/Users/willmitchell/Documents/stm32_workspace/compressor/Drivers/STM32F3xx_HAL_Driver/Inc" -I"/Users/willmitchell/Documents/stm32_workspace/compressor/Drivers/STM32F3xx_HAL_Driver/Inc/Legacy" -I"/Users/willmitchell/Documents/stm32_workspace/compressor/Drivers/CMSIS/Device/ST/STM32F3xx/Include" -I"/Users/willmitchell/Documents/stm32_workspace/compressor/Drivers/CMSIS/Include"  -O3 -mtune=cortex-m4 -g -Wall -fmessage-length=0 -ffunction-sections -fdata-sections -c -fmessage-length=0 -MMD -MP -MF"Src/biquad_filter_setup.d" -MT"Src/biquad_filter_setup.o" -o "Src/biquad_filter_setup.o" "../Src/biquad_filter_setup.c"
Finished building: ../Src/biquad_filter_setup.c
 
Building file: ../Src/eeprom.c
Invoking: MCU GCC Compiler
/Users/willmitchell/Documents/stm32_workspace/compressor/Release
arm-none-eabi-gcc -mcpu=cortex-m4 -mthumb -mfloat-abi=hard -mfpu=fpv4-sp-d16 '-D__weak=__attribute__((weak))' '-D__packed="__attribute__((__packed__))"' -DUSE_HAL_DRIVER -DSTM32F303xC -I"/Users/willmitchell/Documents/stm32_workspace/compressor/Inc" -I"/Users/willmitchell/Documents/stm32_workspace/compressor/Drivers/STM32F3xx_HAL_Driver/Inc" -I"/Users/willmitchell/Documents/stm32_workspace/compressor/Drivers/STM32F3xx_HAL_Driver/Inc/Legacy" -I"/Users/willmitchell/Documents/stm32_workspace/compressor/Drivers/CMSIS/Device/ST/STM32F3xx/Include" -I"/Users/willmitchell/Documents/stm32_workspace/compressor/Drivers/CMSIS/Include"  -O3 -mtune=cortex-m4 -g -Wall -fmessage-length=0 -ffunction-sections -fdata-sections -c -fmessage-length=0 -MMD -MP -MF"Src/eeprom.d" -MT"Src/eeprom.o" -o "Src/eeprom.o" "../Src/eeprom.c"
Finished building: ../Src/eeprom.c
 
Building file: ../Src/main.c
Invoking: MCU GCC Compiler
/Users/willmitchell/Documents/stm32_workspace/compressor/Release
arm-none-eabi-gcc -mcpu=cortex-m4 -mthumb -mfloat-abi=hard -mfpu=fpv4-sp-d16 '-D__weak=__attribute__((weak))' '-D__packed="__attribute__((__packed__))"' -DUSE_HAL_DRIVER -DSTM32F303xC -I"/Users/willmitchell/Documents/stm32_workspace/compressor/Inc" -I"/Users/willmitchell/Documents/stm32_workspace/compressor/Drivers/STM32F3xx_HAL_Driver/Inc" -I"/Users/willmitchell/Documents/stm32_workspace/compressor/Drivers/STM32F3xx_HAL_Driver/Inc/Legacy" -I"/Users/willmitchell/Documents/stm32_workspace/compressor/Drivers/CMSIS/Device/ST/STM32F3xx/Include" -I"/Users/willmitchell/Documents/stm32_workspace/compressor/Drivers/CMSIS/Include"  -O3 -mtune=cortex-m4 -g -Wall -fmessage-length=0 -ffunction-sections -fdata-sections -c -fmessage-length=0 -MMD -MP -MF"Src/main.d" -MT"Src/main.o" -o "Src/main.o" "../Src/main.c"
../Src/main.c: In function 'main':
../Src/main.c:195:2: warning: implicit declaration of function 'uiInitialize' [-Wimplicit-function-declaration]
  uiInitialize();
  ^
Finished building: ../Src/main.c
 
Building file: ../Src/stm32f3xx_hal_msp.c
Invoking: MCU GCC Compiler
/Users/willmitchell/Documents/stm32_workspace/compressor/Release
arm-none-eabi-gcc -mcpu=cortex-m4 -mthumb -mfloat-abi=hard -mfpu=fpv4-sp-d16 '-D__weak=__attribute__((weak))' '-D__packed="__attribute__((__packed__))"' -DUSE_HAL_DRIVER -DSTM32F303xC -I"/Users/willmitchell/Documents/stm32_workspace/compressor/Inc" -I"/Users/willmitchell/Documents/stm32_workspace/compressor/Drivers/STM32F3xx_HAL_Driver/Inc" -I"/Users/willmitchell/Documents/stm32_workspace/compressor/Drivers/STM32F3xx_HAL_Driver/Inc/Legacy" -I"/Users/willmitchell/Documents/stm32_workspace/compressor/Drivers/CMSIS/Device/ST/STM32F3xx/Include" -I"/Users/willmitchell/Documents/stm32_workspace/compressor/Drivers/CMSIS/Include"  -O3 -mtune=cortex-m4 -g -Wall -fmessage-length=0 -ffunction-sections -fdata-sections -c -fmessage-length=0 -MMD -MP -MF"Src/stm32f3xx_hal_msp.d" -MT"Src/stm32f3xx_hal_msp.o" -o "Src/stm32f3xx_hal_msp.o" "../Src/stm32f3xx_hal_msp.c"
Finished building: ../Src/stm32f3xx_hal_msp.c
 
Building file: ../Src/stm32f3xx_it.c
Invoking: MCU GCC Compiler
/Users/willmitchell/Documents/stm32_workspace/compressor/Release
arm-none-eabi-gcc -mcpu=cortex-m4 -mthumb -mfloat-abi=hard -mfpu=fpv4-sp-d16 '-D__weak=__attribute__((weak))' '-D__packed="__attribute__((__packed__))"' -DUSE_HAL_DRIVER -DSTM32F303xC -I"/Users/willmitchell/Documents/stm32_workspace/compressor/Inc" -I"/Users/willmitchell/Documents/stm32_workspace/compressor/Drivers/STM32F3xx_HAL_Driver/Inc" -I"/Users/willmitchell/Documents/stm32_workspace/compressor/Drivers/STM32F3xx_HAL_Driver/Inc/Legacy" -I"/Users/willmitchell/Documents/stm32_workspace/compressor/Drivers/CMSIS/Device/ST/STM32F3xx/Include" -I"/Users/willmitchell/Documents/stm32_workspace/compressor/Drivers/CMSIS/Include"  -O3 -mtune=cortex-m4 -g -Wall -fmessage-length=0 -ffunction-sections -fdata-sections -c -fmessage-length=0 -MMD -MP -MF"Src/stm32f3xx_it.d" -MT"Src/stm32f3xx_it.o" -o "Src/stm32f3xx_it.o" "../Src/stm32f3xx_it.c"
Finished building: ../Src/stm32f3xx_it.c
 
Building file: ../Src/system_stm32f3xx.c
Invoking: MCU GCC Compiler
/Users/willmitchell/Documents/stm32_workspace/compressor/Release
arm-none-eabi-gcc -mcpu=cortex-m4 -mthumb -mfloat-abi=hard -mfpu=fpv4-sp-d16 '-D__weak=__attribute__((weak))' '-D__packed="__attribute__((__packed__))"' -DUSE_HAL_DRIVER -DSTM32F303xC -I"/Users/willmitchell/Documents/stm32_workspace/compressor/Inc" -I"/Users/willmitchell/Documents/stm32_workspace/compressor/Drivers/STM32F3xx_HAL_Driver/Inc" -I"/Users/willmitchell/Documents/stm32_workspace/compressor/Drivers/STM32F3xx_HAL_Driver/Inc/Legacy" -I"/Users/willmitchell/Documents/stm32_workspace/compressor/Drivers/CMSIS/Device/ST/STM32F3xx/Include" -I"/Users/willmitchell/Documents/stm32_workspace/compressor/Drivers/CMSIS/Include"  -O3 -mtune=cortex-m4 -g -Wall -fmessage-length=0 -ffunction-sections -fdata-sections -c -fmessage-length=0 -MMD -MP -MF"Src/system_stm32f3xx.d" -MT"Src/system_stm32f3xx.o" -o "Src/system_stm32f3xx.o" "../Src/system_stm32f3xx.c"
Finished building: ../Src/system_stm32f3xx.c
 
Building file: ../Src/tsl.c
Invoking: MCU GCC Compiler
/Users/willmitchell/Documents/stm32_workspace/compressor/Release
arm-none-eabi-gcc -mcpu=cortex-m4 -mthumb -mfloat-abi=hard -mfpu=fpv4-sp-d16 '-D__weak=__attribute__((weak))' '-D__packed="__attribute__((__packed__))"' -DUSE_HAL_DRIVER -DSTM32F303xC -I"/Users/willmitchell/Documents/stm32_workspace/compressor/Inc" -I"/Users/willmitchell/Documents/stm32_workspace/compressor/Drivers/STM32F3xx_HAL_Driver/Inc" -I"/Users/willmitchell/Documents/stm32_workspace/compressor/Drivers/STM32F3xx_HAL_Driver/Inc/Legacy" -I"/Users/willmitchell/Documents/stm32_workspace/compressor/Drivers/CMSIS/Device/ST/STM32F3xx/Include" -I"/Users/willmitchell/Documents/stm32_workspace/compressor/Drivers/CMSIS/Include"  -O3 -mtune=cortex-m4 -g -Wall -fmessage-length=0 -ffunction-sections -fdata-sections -c -fmessage-length=0 -MMD -MP -MF"Src/tsl.d" -MT"Src/tsl.o" -o "Src/tsl.o" "../Src/tsl.c"
Finished building: ../Src/tsl.c
 
Building file: ../Src/tsl_acq.c
Invoking: MCU GCC Compiler
/Users/willmitchell/Documents/stm32_workspace/compressor/Release
arm-none-eabi-gcc -mcpu=cortex-m4 -mthumb -mfloat-abi=hard -mfpu=fpv4-sp-d16 '-D__weak=__attribute__((weak))' '-D__packed="__attribute__((__packed__))"' -DUSE_HAL_DRIVER -DSTM32F303xC -I"/Users/willmitchell/Documents/stm32_workspace/compressor/Inc" -I"/Users/willmitchell/Documents/stm32_workspace/compressor/Drivers/STM32F3xx_HAL_Driver/Inc" -I"/Users/willmitchell/Documents/stm32_workspace/compressor/Drivers/STM32F3xx_HAL_Driver/Inc/Legacy" -I"/Users/willmitchell/Documents/stm32_workspace/compressor/Drivers/CMSIS/Device/ST/STM32F3xx/Include" -I"/Users/willmitchell/Documents/stm32_workspace/compressor/Drivers/CMSIS/Include"  -O3 -mtune=cortex-m4 -g -Wall -fmessage-length=0 -ffunction-sections -fdata-sections -c -fmessage-length=0 -MMD -MP -MF"Src/tsl_acq.d" -MT"Src/tsl_acq.o" -o "Src/tsl_acq.o" "../Src/tsl_acq.c"
Finished building: ../Src/tsl_acq.c
 
Building file: ../Src/tsl_acq_tsc.c
Invoking: MCU GCC Compiler
/Users/willmitchell/Documents/stm32_workspace/compressor/Release
arm-none-eabi-gcc -mcpu=cortex-m4 -mthumb -mfloat-abi=hard -mfpu=fpv4-sp-d16 '-D__weak=__attribute__((weak))' '-D__packed="__attribute__((__packed__))"' -DUSE_HAL_DRIVER -DSTM32F303xC -I"/Users/willmitchell/Documents/stm32_workspace/compressor/Inc" -I"/Users/willmitchell/Documents/stm32_workspace/compressor/Drivers/STM32F3xx_HAL_Driver/Inc" -I"/Users/willmitchell/Documents/stm32_workspace/compressor/Drivers/STM32F3xx_HAL_Driver/Inc/Legacy" -I"/Users/willmitchell/Documents/stm32_workspace/compressor/Drivers/CMSIS/Device/ST/STM32F3xx/Include" -I"/Users/willmitchell/Documents/stm32_workspace/compressor/Drivers/CMSIS/Include"  -O3 -mtune=cortex-m4 -g -Wall -fmessage-length=0 -ffunction-sections -fdata-sections -c -fmessage-length=0 -MMD -MP -MF"Src/tsl_acq_tsc.d" -MT"Src/tsl_acq_tsc.o" -o "Src/tsl_acq_tsc.o" "../Src/tsl_acq_tsc.c"
Finished building: ../Src/tsl_acq_tsc.c
 
Building file: ../Src/tsl_dxs.c
Invoking: MCU GCC Compiler
/Users/willmitchell/Documents/stm32_workspace/compressor/Release
arm-none-eabi-gcc -mcpu=cortex-m4 -mthumb -mfloat-abi=hard -mfpu=fpv4-sp-d16 '-D__weak=__attribute__((weak))' '-D__packed="__attribute__((__packed__))"' -DUSE_HAL_DRIVER -DSTM32F303xC -I"/Users/willmitchell/Documents/stm32_workspace/compressor/Inc" -I"/Users/willmitchell/Documents/stm32_workspace/compressor/Drivers/STM32F3xx_HAL_Driver/Inc" -I"/Users/willmitchell/Documents/stm32_workspace/compressor/Drivers/STM32F3xx_HAL_Driver/Inc/Legacy" -I"/Users/willmitchell/Documents/stm32_workspace/compressor/Drivers/CMSIS/Device/ST/STM32F3xx/Include" -I"/Users/willmitchell/Documents/stm32_workspace/compressor/Drivers/CMSIS/Include"  -O3 -mtune=cortex-m4 -g -Wall -fmessage-length=0 -ffunction-sections -fdata-sections -c -fmessage-length=0 -MMD -MP -MF"Src/tsl_dxs.d" -MT"Src/tsl_dxs.o" -o "Src/tsl_dxs.o" "../Src/tsl_dxs.c"
Finished building: ../Src/tsl_dxs.c
 
Building file: ../Src/tsl_ecs.c
Invoking: MCU GCC Compiler
/Users/willmitchell/Documents/stm32_workspace/compressor/Release
arm-none-eabi-gcc -mcpu=cortex-m4 -mthumb -mfloat-abi=hard -mfpu=fpv4-sp-d16 '-D__weak=__attribute__((weak))' '-D__packed="__attribute__((__packed__))"' -DUSE_HAL_DRIVER -DSTM32F303xC -I"/Users/willmitchell/Documents/stm32_workspace/compressor/Inc" -I"/Users/willmitchell/Documents/stm32_workspace/compressor/Drivers/STM32F3xx_HAL_Driver/Inc" -I"/Users/willmitchell/Documents/stm32_workspace/compressor/Drivers/STM32F3xx_HAL_Driver/Inc/Legacy" -I"/Users/willmitchell/Documents/stm32_workspace/compressor/Drivers/CMSIS/Device/ST/STM32F3xx/Include" -I"/Users/willmitchell/Documents/stm32_workspace/compressor/Drivers/CMSIS/Include"  -O3 -mtune=cortex-m4 -g -Wall -fmessage-length=0 -ffunction-sections -fdata-sections -c -fmessage-length=0 -MMD -MP -MF"Src/tsl_ecs.d" -MT"Src/tsl_ecs.o" -o "Src/tsl_ecs.o" "../Src/tsl_ecs.c"
Finished building: ../Src/tsl_ecs.c
 
Building file: ../Src/tsl_filter.c
Invoking: MCU GCC Compiler
/Users/willmitchell/Documents/stm32_workspace/compressor/Release
arm-none-eabi-gcc -mcpu=cortex-m4 -mthumb -mfloat-abi=hard -mfpu=fpv4-sp-d16 '-D__weak=__attribute__((weak))' '-D__packed="__attribute__((__packed__))"' -DUSE_HAL_DRIVER -DSTM32F303xC -I"/Users/willmitchell/Documents/stm32_workspace/compressor/Inc" -I"/Users/willmitchell/Documents/stm32_workspace/compressor/Drivers/STM32F3xx_HAL_Driver/Inc" -I"/Users/willmitchell/Documents/stm32_workspace/compressor/Drivers/STM32F3xx_HAL_Driver/Inc/Legacy" -I"/Users/willmitchell/Documents/stm32_workspace/compressor/Drivers/CMSIS/Device/ST/STM32F3xx/Include" -I"/Users/willmitchell/Documents/stm32_workspace/compressor/Drivers/CMSIS/Include"  -O3 -mtune=cortex-m4 -g -Wall -fmessage-length=0 -ffunction-sections -fdata-sections -c -fmessage-length=0 -MMD -MP -MF"Src/tsl_filter.d" -MT"Src/tsl_filter.o" -o "Src/tsl_filter.o" "../Src/tsl_filter.c"
Finished building: ../Src/tsl_filter.c
 
Building file: ../Src/tsl_globals.c
Invoking: MCU GCC Compiler
/Users/willmitchell/Documents/stm32_workspace/compressor/Release
arm-none-eabi-gcc -mcpu=cortex-m4 -mthumb -mfloat-abi=hard -mfpu=fpv4-sp-d16 '-D__weak=__attribute__((weak))' '-D__packed="__attribute__((__packed__))"' -DUSE_HAL_DRIVER -DSTM32F303xC -I"/Users/willmitchell/Documents/stm32_workspace/compressor/Inc" -I"/Users/willmitchell/Documents/stm32_workspace/compressor/Drivers/STM32F3xx_HAL_Driver/Inc" -I"/Users/willmitchell/Documents/stm32_workspace/compressor/Drivers/STM32F3xx_HAL_Driver/Inc/Legacy" -I"/Users/willmitchell/Documents/stm32_workspace/compressor/Drivers/CMSIS/Device/ST/STM32F3xx/Include" -I"/Users/willmitchell/Documents/stm32_workspace/compressor/Drivers/CMSIS/Include"  -O3 -mtune=cortex-m4 -g -Wall -fmessage-length=0 -ffunction-sections -fdata-sections -c -fmessage-length=0 -MMD -MP -MF"Src/tsl_globals.d" -MT"Src/tsl_globals.o" -o "Src/tsl_globals.o" "../Src/tsl_globals.c"
Finished building: ../Src/tsl_globals.c
 
Building file: ../Src/tsl_linrot.c
Invoking: MCU GCC Compiler
/Users/willmitchell/Documents/stm32_workspace/compressor/Release
arm-none-eabi-gcc -mcpu=cortex-m4 -mthumb -mfloat-abi=hard -mfpu=fpv4-sp-d16 '-D__weak=__attribute__((weak))' '-D__packed="__attribute__((__packed__))"' -DUSE_HAL_DRIVER -DSTM32F303xC -I"/Users/willmitchell/Documents/stm32_workspace/compressor/Inc" -I"/Users/willmitchell/Documents/stm32_workspace/compressor/Drivers/STM32F3xx_HAL_Driver/Inc" -I"/Users/willmitchell/Documents/stm32_workspace/compressor/Drivers/STM32F3xx_HAL_Driver/Inc/Legacy" -I"/Users/willmitchell/Documents/stm32_workspace/compressor/Drivers/CMSIS/Device/ST/STM32F3xx/Include" -I"/Users/willmitchell/Documents/stm32_workspace/compressor/Drivers/CMSIS/Include"  -O3 -mtune=cortex-m4 -g -Wall -fmessage-length=0 -ffunction-sections -fdata-sections -c -fmessage-length=0 -MMD -MP -MF"Src/tsl_linrot.d" -MT"Src/tsl_linrot.o" -o "Src/tsl_linrot.o" "../Src/tsl_linrot.c"
Finished building: ../Src/tsl_linrot.c
 
Building file: ../Src/tsl_object.c
Invoking: MCU GCC Compiler
/Users/willmitchell/Documents/stm32_workspace/compressor/Release
arm-none-eabi-gcc -mcpu=cortex-m4 -mthumb -mfloat-abi=hard -mfpu=fpv4-sp-d16 '-D__weak=__attribute__((weak))' '-D__packed="__attribute__((__packed__))"' -DUSE_HAL_DRIVER -DSTM32F303xC -I"/Users/willmitchell/Documents/stm32_workspace/compressor/Inc" -I"/Users/willmitchell/Documents/stm32_workspace/compressor/Drivers/STM32F3xx_HAL_Driver/Inc" -I"/Users/willmitchell/Documents/stm32_workspace/compressor/Drivers/STM32F3xx_HAL_Driver/Inc/Legacy" -I"/Users/willmitchell/Documents/stm32_workspace/compressor/Drivers/CMSIS/Device/ST/STM32F3xx/Include" -I"/Users/willmitchell/Documents/stm32_workspace/compressor/Drivers/CMSIS/Include"  -O3 -mtune=cortex-m4 -g -Wall -fmessage-length=0 -ffunction-sections -fdata-sections -c -fmessage-length=0 -MMD -MP -MF"Src/tsl_object.d" -MT"Src/tsl_object.o" -o "Src/tsl_object.o" "../Src/tsl_object.c"
Finished building: ../Src/tsl_object.c
 
Building file: ../Src/tsl_time.c
Invoking: MCU GCC Compiler
/Users/willmitchell/Documents/stm32_workspace/compressor/Release
arm-none-eabi-gcc -mcpu=cortex-m4 -mthumb -mfloat-abi=hard -mfpu=fpv4-sp-d16 '-D__weak=__attribute__((weak))' '-D__packed="__attribute__((__packed__))"' -DUSE_HAL_DRIVER -DSTM32F303xC -I"/Users/willmitchell/Documents/stm32_workspace/compressor/Inc" -I"/Users/willmitchell/Documents/stm32_workspace/compressor/Drivers/STM32F3xx_HAL_Driver/Inc" -I"/Users/willmitchell/Documents/stm32_workspace/compressor/Drivers/STM32F3xx_HAL_Driver/Inc/Legacy" -I"/Users/willmitchell/Documents/stm32_workspace/compressor/Drivers/CMSIS/Device/ST/STM32F3xx/Include" -I"/Users/willmitchell/Documents/stm32_workspace/compressor/Drivers/CMSIS/Include"  -O3 -mtune=cortex-m4 -g -Wall -fmessage-length=0 -ffunction-sections -fdata-sections -c -fmessage-length=0 -MMD -MP -MF"Src/tsl_time.d" -MT"Src/tsl_time.o" -o "Src/tsl_time.o" "../Src/tsl_time.c"
Finished building: ../Src/tsl_time.c
 
Building file: ../Src/tsl_touchkey.c
Invoking: MCU GCC Compiler
/Users/willmitchell/Documents/stm32_workspace/compressor/Release
arm-none-eabi-gcc -mcpu=cortex-m4 -mthumb -mfloat-abi=hard -mfpu=fpv4-sp-d16 '-D__weak=__attribute__((weak))' '-D__packed="__attribute__((__packed__))"' -DUSE_HAL_DRIVER -DSTM32F303xC -I"/Users/willmitchell/Documents/stm32_workspace/compressor/Inc" -I"/Users/willmitchell/Documents/stm32_workspace/compressor/Drivers/STM32F3xx_HAL_Driver/Inc" -I"/Users/willmitchell/Documents/stm32_workspace/compressor/Drivers/STM32F3xx_HAL_Driver/Inc/Legacy" -I"/Users/willmitchell/Documents/stm32_workspace/compressor/Drivers/CMSIS/Device/ST/STM32F3xx/Include" -I"/Users/willmitchell/Documents/stm32_workspace/compressor/Drivers/CMSIS/Include"  -O3 -mtune=cortex-m4 -g -Wall -fmessage-length=0 -ffunction-sections -fdata-sections -c -fmessage-length=0 -MMD -MP -MF"Src/tsl_touchkey.d" -MT"Src/tsl_touchkey.o" -o "Src/tsl_touchkey.o" "../Src/tsl_touchkey.c"
Finished building: ../Src/tsl_touchkey.c
 
Building file: ../Src/tsl_user.c
Invoking: MCU GCC Compiler
/Users/willmitchell/Documents/stm32_workspace/compressor/Release
arm-none-eabi-gcc -mcpu=cortex-m4 -mthumb -mfloat-abi=hard -mfpu=fpv4-sp-d16 '-D__weak=__attribute__((weak))' '-D__packed="__attribute__((__packed__))"' -DUSE_HAL_DRIVER -DSTM32F303xC -I"/Users/willmitchell/Documents/stm32_workspace/compressor/Inc" -I"/Users/willmitchell/Documents/stm32_workspace/compressor/Drivers/STM32F3xx_HAL_Driver/Inc" -I"/Users/willmitchell/Documents/stm32_workspace/compressor/Drivers/STM32F3xx_HAL_Driver/Inc/Legacy" -I"/Users/willmitchell/Documents/stm32_workspace/compressor/Drivers/CMSIS/Device/ST/STM32F3xx/Include" -I"/Users/willmitchell/Documents/stm32_workspace/compressor/Drivers/CMSIS/Include"  -O3 -mtune=cortex-m4 -g -Wall -fmessage-length=0 -ffunction-sections -fdata-sections -c -fmessage-length=0 -MMD -MP -MF"Src/tsl_user.d" -MT"Src/tsl_user.o" -o "Src/tsl_user.o" "../Src/tsl_user.c"
Finished building: ../Src/tsl_user.c
 
Building file: ../Src/user_interface.c
Invoking: MCU GCC Compiler
/Users/willmitchell/Documents/stm32_workspace/compressor/Release
arm-none-eabi-gcc -mcpu=cortex-m4 -mthumb -mfloat-abi=hard -mfpu=fpv4-sp-d16 '-D__weak=__attribute__((weak))' '-D__packed="__attribute__((__packed__))"' -DUSE_HAL_DRIVER -DSTM32F303xC -I"/Users/willmitchell/Documents/stm32_workspace/compressor/Inc" -I"/Users/willmitchell/Documents/stm32_workspace/compressor/Drivers/STM32F3xx_HAL_Driver/Inc" -I"/Users/willmitchell/Documents/stm32_workspace/compressor/Drivers/STM32F3xx_HAL_Driver/Inc/Legacy" -I"/Users/willmitchell/Documents/stm32_workspace/compressor/Drivers/CMSIS/Device/ST/STM32F3xx/Include" -I"/Users/willmitchell/Documents/stm32_workspace/compressor/Drivers/CMSIS/Include"  -O3 -mtune=cortex-m4 -g -Wall -fmessage-length=0 -ffunction-sections -fdata-sections -c -fmessage-length=0 -MMD -MP -MF"Src/user_interface.d" -MT"Src/user_interface.o" -o "Src/user_interface.o" "../Src/user_interface.c"
../Src/user_interface.c: In function 'ui_factoryReset':
../Src/user_interface.c:851:18: warning: unused variable 'tempData' [-Wunused-variable]
  static uint16_t tempData;
                  ^
Finished building: ../Src/user_interface.c
 
Building file: ../Drivers/STM32F3xx_HAL_Driver/Src/stm32f3xx_hal.c
Invoking: MCU GCC Compiler
/Users/willmitchell/Documents/stm32_workspace/compressor/Release
arm-none-eabi-gcc -mcpu=cortex-m4 -mthumb -mfloat-abi=hard -mfpu=fpv4-sp-d16 '-D__weak=__attribute__((weak))' '-D__packed="__attribute__((__packed__))"' -DUSE_HAL_DRIVER -DSTM32F303xC -I"/Users/willmitchell/Documents/stm32_workspace/compressor/Inc" -I"/Users/willmitchell/Documents/stm32_workspace/compressor/Drivers/STM32F3xx_HAL_Driver/Inc" -I"/Users/willmitchell/Documents/stm32_workspace/compressor/Drivers/STM32F3xx_HAL_Driver/Inc/Legacy" -I"/Users/willmitchell/Documents/stm32_workspace/compressor/Drivers/CMSIS/Device/ST/STM32F3xx/Include" -I"/Users/willmitchell/Documents/stm32_workspace/compressor/Drivers/CMSIS/Include"  -O3 -mtune=cortex-m4 -g -Wall -fmessage-length=0 -ffunction-sections -fdata-sections -c -fmessage-length=0 -MMD -MP -MF"Drivers/STM32F3xx_HAL_Driver/Src/stm32f3xx_hal.d" -MT"Drivers/STM32F3xx_HAL_Driver/Src/stm32f3xx_hal.o" -o "Drivers/STM32F3xx_HAL_Driver/Src/stm32f3xx_hal.o" "../Drivers/STM32F3xx_HAL_Driver/Src/stm32f3xx_hal.c"
Finished building: ../Drivers/STM32F3xx_HAL_Driver/Src/stm32f3xx_hal.c
 
Building file: ../Drivers/STM32F3xx_HAL_Driver/Src/stm32f3xx_hal_adc.c
Invoking: MCU GCC Compiler
/Users/willmitchell/Documents/stm32_workspace/compressor/Release
arm-none-eabi-gcc -mcpu=cortex-m4 -mthumb -mfloat-abi=hard -mfpu=fpv4-sp-d16 '-D__weak=__attribute__((weak))' '-D__packed="__attribute__((__packed__))"' -DUSE_HAL_DRIVER -DSTM32F303xC -I"/Users/willmitchell/Documents/stm32_workspace/compressor/Inc" -I"/Users/willmitchell/Documents/stm32_workspace/compressor/Drivers/STM32F3xx_HAL_Driver/Inc" -I"/Users/willmitchell/Documents/stm32_workspace/compressor/Drivers/STM32F3xx_HAL_Driver/Inc/Legacy" -I"/Users/willmitchell/Documents/stm32_workspace/compressor/Drivers/CMSIS/Device/ST/STM32F3xx/Include" -I"/Users/willmitchell/Documents/stm32_workspace/compressor/Drivers/CMSIS/Include"  -O3 -mtune=cortex-m4 -g -Wall -fmessage-length=0 -ffunction-sections -fdata-sections -c -fmessage-length=0 -MMD -MP -MF"Drivers/STM32F3xx_HAL_Driver/Src/stm32f3xx_hal_adc.d" -MT"Drivers/STM32F3xx_HAL_Driver/Src/stm32f3xx_hal_adc.o" -o "Drivers/STM32F3xx_HAL_Driver/Src/stm32f3xx_hal_adc.o" "../Drivers/STM32F3xx_HAL_Driver/Src/stm32f3xx_hal_adc.c"
Finished building: ../Drivers/STM32F3xx_HAL_Driver/Src/stm32f3xx_hal_adc.c
 
Building file: ../Drivers/STM32F3xx_HAL_Driver/Src/stm32f3xx_hal_adc_ex.c
Invoking: MCU GCC Compiler
/Users/willmitchell/Documents/stm32_workspace/compressor/Release
arm-none-eabi-gcc -mcpu=cortex-m4 -mthumb -mfloat-abi=hard -mfpu=fpv4-sp-d16 '-D__weak=__attribute__((weak))' '-D__packed="__attribute__((__packed__))"' -DUSE_HAL_DRIVER -DSTM32F303xC -I"/Users/willmitchell/Documents/stm32_workspace/compressor/Inc" -I"/Users/willmitchell/Documents/stm32_workspace/compressor/Drivers/STM32F3xx_HAL_Driver/Inc" -I"/Users/willmitchell/Documents/stm32_workspace/compressor/Drivers/STM32F3xx_HAL_Driver/Inc/Legacy" -I"/Users/willmitchell/Documents/stm32_workspace/compressor/Drivers/CMSIS/Device/ST/STM32F3xx/Include" -I"/Users/willmitchell/Documents/stm32_workspace/compressor/Drivers/CMSIS/Include"  -O3 -mtune=cortex-m4 -g -Wall -fmessage-length=0 -ffunction-sections -fdata-sections -c -fmessage-length=0 -MMD -MP -MF"Drivers/STM32F3xx_HAL_Driver/Src/stm32f3xx_hal_adc_ex.d" -MT"Drivers/STM32F3xx_HAL_Driver/Src/stm32f3xx_hal_adc_ex.o" -o "Drivers/STM32F3xx_HAL_Driver/Src/stm32f3xx_hal_adc_ex.o" "../Drivers/STM32F3xx_HAL_Driver/Src/stm32f3xx_hal_adc_ex.c"
Finished building: ../Drivers/STM32F3xx_HAL_Driver/Src/stm32f3xx_hal_adc_ex.c
 
Building file: ../Drivers/STM32F3xx_HAL_Driver/Src/stm32f3xx_hal_cortex.c
Invoking: MCU GCC Compiler
/Users/willmitchell/Documents/stm32_workspace/compressor/Release
arm-none-eabi-gcc -mcpu=cortex-m4 -mthumb -mfloat-abi=hard -mfpu=fpv4-sp-d16 '-D__weak=__attribute__((weak))' '-D__packed="__attribute__((__packed__))"' -DUSE_HAL_DRIVER -DSTM32F303xC -I"/Users/willmitchell/Documents/stm32_workspace/compressor/Inc" -I"/Users/willmitchell/Documents/stm32_workspace/compressor/Drivers/STM32F3xx_HAL_Driver/Inc" -I"/Users/willmitchell/Documents/stm32_workspace/compressor/Drivers/STM32F3xx_HAL_Driver/Inc/Legacy" -I"/Users/willmitchell/Documents/stm32_workspace/compressor/Drivers/CMSIS/Device/ST/STM32F3xx/Include" -I"/Users/willmitchell/Documents/stm32_workspace/compressor/Drivers/CMSIS/Include"  -O3 -mtune=cortex-m4 -g -Wall -fmessage-length=0 -ffunction-sections -fdata-sections -c -fmessage-length=0 -MMD -MP -MF"Drivers/STM32F3xx_HAL_Driver/Src/stm32f3xx_hal_cortex.d" -MT"Drivers/STM32F3xx_HAL_Driver/Src/stm32f3xx_hal_cortex.o" -o "Drivers/STM32F3xx_HAL_Driver/Src/stm32f3xx_hal_cortex.o" "../Drivers/STM32F3xx_HAL_Driver/Src/stm32f3xx_hal_cortex.c"
Finished building: ../Drivers/STM32F3xx_HAL_Driver/Src/stm32f3xx_hal_cortex.c
 
Building file: ../Drivers/STM32F3xx_HAL_Driver/Src/stm32f3xx_hal_dac.c
Invoking: MCU GCC Compiler
/Users/willmitchell/Documents/stm32_workspace/compressor/Release
arm-none-eabi-gcc -mcpu=cortex-m4 -mthumb -mfloat-abi=hard -mfpu=fpv4-sp-d16 '-D__weak=__attribute__((weak))' '-D__packed="__attribute__((__packed__))"' -DUSE_HAL_DRIVER -DSTM32F303xC -I"/Users/willmitchell/Documents/stm32_workspace/compressor/Inc" -I"/Users/willmitchell/Documents/stm32_workspace/compressor/Drivers/STM32F3xx_HAL_Driver/Inc" -I"/Users/willmitchell/Documents/stm32_workspace/compressor/Drivers/STM32F3xx_HAL_Driver/Inc/Legacy" -I"/Users/willmitchell/Documents/stm32_workspace/compressor/Drivers/CMSIS/Device/ST/STM32F3xx/Include" -I"/Users/willmitchell/Documents/stm32_workspace/compressor/Drivers/CMSIS/Include"  -O3 -mtune=cortex-m4 -g -Wall -fmessage-length=0 -ffunction-sections -fdata-sections -c -fmessage-length=0 -MMD -MP -MF"Drivers/STM32F3xx_HAL_Driver/Src/stm32f3xx_hal_dac.d" -MT"Drivers/STM32F3xx_HAL_Driver/Src/stm32f3xx_hal_dac.o" -o "Drivers/STM32F3xx_HAL_Driver/Src/stm32f3xx_hal_dac.o" "../Drivers/STM32F3xx_HAL_Driver/Src/stm32f3xx_hal_dac.c"
Finished building: ../Drivers/STM32F3xx_HAL_Driver/Src/stm32f3xx_hal_dac.c
 
Building file: ../Drivers/STM32F3xx_HAL_Driver/Src/stm32f3xx_hal_dac_ex.c
Invoking: MCU GCC Compiler
/Users/willmitchell/Documents/stm32_workspace/compressor/Release
arm-none-eabi-gcc -mcpu=cortex-m4 -mthumb -mfloat-abi=hard -mfpu=fpv4-sp-d16 '-D__weak=__attribute__((weak))' '-D__packed="__attribute__((__packed__))"' -DUSE_HAL_DRIVER -DSTM32F303xC -I"/Users/willmitchell/Documents/stm32_workspace/compressor/Inc" -I"/Users/willmitchell/Documents/stm32_workspace/compressor/Drivers/STM32F3xx_HAL_Driver/Inc" -I"/Users/willmitchell/Documents/stm32_workspace/compressor/Drivers/STM32F3xx_HAL_Driver/Inc/Legacy" -I"/Users/willmitchell/Documents/stm32_workspace/compressor/Drivers/CMSIS/Device/ST/STM32F3xx/Include" -I"/Users/willmitchell/Documents/stm32_workspace/compressor/Drivers/CMSIS/Include"  -O3 -mtune=cortex-m4 -g -Wall -fmessage-length=0 -ffunction-sections -fdata-sections -c -fmessage-length=0 -MMD -MP -MF"Drivers/STM32F3xx_HAL_Driver/Src/stm32f3xx_hal_dac_ex.d" -MT"Drivers/STM32F3xx_HAL_Driver/Src/stm32f3xx_hal_dac_ex.o" -o "Drivers/STM32F3xx_HAL_Driver/Src/stm32f3xx_hal_dac_ex.o" "../Drivers/STM32F3xx_HAL_Driver/Src/stm32f3xx_hal_dac_ex.c"
Finished building: ../Drivers/STM32F3xx_HAL_Driver/Src/stm32f3xx_hal_dac_ex.c
 
Building file: ../Drivers/STM32F3xx_HAL_Driver/Src/stm32f3xx_hal_dma.c
Invoking: MCU GCC Compiler
/Users/willmitchell/Documents/stm32_workspace/compressor/Release
arm-none-eabi-gcc -mcpu=cortex-m4 -mthumb -mfloat-abi=hard -mfpu=fpv4-sp-d16 '-D__weak=__attribute__((weak))' '-D__packed="__attribute__((__packed__))"' -DUSE_HAL_DRIVER -DSTM32F303xC -I"/Users/willmitchell/Documents/stm32_workspace/compressor/Inc" -I"/Users/willmitchell/Documents/stm32_workspace/compressor/Drivers/STM32F3xx_HAL_Driver/Inc" -I"/Users/willmitchell/Documents/stm32_workspace/compressor/Drivers/STM32F3xx_HAL_Driver/Inc/Legacy" -I"/Users/willmitchell/Documents/stm32_workspace/compressor/Drivers/CMSIS/Device/ST/STM32F3xx/Include" -I"/Users/willmitchell/Documents/stm32_workspace/compressor/Drivers/CMSIS/Include"  -O3 -mtune=cortex-m4 -g -Wall -fmessage-length=0 -ffunction-sections -fdata-sections -c -fmessage-length=0 -MMD -MP -MF"Drivers/STM32F3xx_HAL_Driver/Src/stm32f3xx_hal_dma.d" -MT"Drivers/STM32F3xx_HAL_Driver/Src/stm32f3xx_hal_dma.o" -o "Drivers/STM32F3xx_HAL_Driver/Src/stm32f3xx_hal_dma.o" "../Drivers/STM32F3xx_HAL_Driver/Src/stm32f3xx_hal_dma.c"
Finished building: ../Drivers/STM32F3xx_HAL_Driver/Src/stm32f3xx_hal_dma.c
 
Building file: ../Drivers/STM32F3xx_HAL_Driver/Src/stm32f3xx_hal_flash.c
Invoking: MCU GCC Compiler
/Users/willmitchell/Documents/stm32_workspace/compressor/Release
arm-none-eabi-gcc -mcpu=cortex-m4 -mthumb -mfloat-abi=hard -mfpu=fpv4-sp-d16 '-D__weak=__attribute__((weak))' '-D__packed="__attribute__((__packed__))"' -DUSE_HAL_DRIVER -DSTM32F303xC -I"/Users/willmitchell/Documents/stm32_workspace/compressor/Inc" -I"/Users/willmitchell/Documents/stm32_workspace/compressor/Drivers/STM32F3xx_HAL_Driver/Inc" -I"/Users/willmitchell/Documents/stm32_workspace/compressor/Drivers/STM32F3xx_HAL_Driver/Inc/Legacy" -I"/Users/willmitchell/Documents/stm32_workspace/compressor/Drivers/CMSIS/Device/ST/STM32F3xx/Include" -I"/Users/willmitchell/Documents/stm32_workspace/compressor/Drivers/CMSIS/Include"  -O3 -mtune=cortex-m4 -g -Wall -fmessage-length=0 -ffunction-sections -fdata-sections -c -fmessage-length=0 -MMD -MP -MF"Drivers/STM32F3xx_HAL_Driver/Src/stm32f3xx_hal_flash.d" -MT"Drivers/STM32F3xx_HAL_Driver/Src/stm32f3xx_hal_flash.o" -o "Drivers/STM32F3xx_HAL_Driver/Src/stm32f3xx_hal_flash.o" "../Drivers/STM32F3xx_HAL_Driver/Src/stm32f3xx_hal_flash.c"
Finished building: ../Drivers/STM32F3xx_HAL_Driver/Src/stm32f3xx_hal_flash.c
 
Building file: ../Drivers/STM32F3xx_HAL_Driver/Src/stm32f3xx_hal_flash_ex.c
Invoking: MCU GCC Compiler
/Users/willmitchell/Documents/stm32_workspace/compressor/Release
arm-none-eabi-gcc -mcpu=cortex-m4 -mthumb -mfloat-abi=hard -mfpu=fpv4-sp-d16 '-D__weak=__attribute__((weak))' '-D__packed="__attribute__((__packed__))"' -DUSE_HAL_DRIVER -DSTM32F303xC -I"/Users/willmitchell/Documents/stm32_workspace/compressor/Inc" -I"/Users/willmitchell/Documents/stm32_workspace/compressor/Drivers/STM32F3xx_HAL_Driver/Inc" -I"/Users/willmitchell/Documents/stm32_workspace/compressor/Drivers/STM32F3xx_HAL_Driver/Inc/Legacy" -I"/Users/willmitchell/Documents/stm32_workspace/compressor/Drivers/CMSIS/Device/ST/STM32F3xx/Include" -I"/Users/willmitchell/Documents/stm32_workspace/compressor/Drivers/CMSIS/Include"  -O3 -mtune=cortex-m4 -g -Wall -fmessage-length=0 -ffunction-sections -fdata-sections -c -fmessage-length=0 -MMD -MP -MF"Drivers/STM32F3xx_HAL_Driver/Src/stm32f3xx_hal_flash_ex.d" -MT"Drivers/STM32F3xx_HAL_Driver/Src/stm32f3xx_hal_flash_ex.o" -o "Drivers/STM32F3xx_HAL_Driver/Src/stm32f3xx_hal_flash_ex.o" "../Drivers/STM32F3xx_HAL_Driver/Src/stm32f3xx_hal_flash_ex.c"
Finished building: ../Drivers/STM32F3xx_HAL_Driver/Src/stm32f3xx_hal_flash_ex.c
 
Building file: ../Drivers/STM32F3xx_HAL_Driver/Src/stm32f3xx_hal_gpio.c
Invoking: MCU GCC Compiler
/Users/willmitchell/Documents/stm32_workspace/compressor/Release
arm-none-eabi-gcc -mcpu=cortex-m4 -mthumb -mfloat-abi=hard -mfpu=fpv4-sp-d16 '-D__weak=__attribute__((weak))' '-D__packed="__attribute__((__packed__))"' -DUSE_HAL_DRIVER -DSTM32F303xC -I"/Users/willmitchell/Documents/stm32_workspace/compressor/Inc" -I"/Users/willmitchell/Documents/stm32_workspace/compressor/Drivers/STM32F3xx_HAL_Driver/Inc" -I"/Users/willmitchell/Documents/stm32_workspace/compressor/Drivers/STM32F3xx_HAL_Driver/Inc/Legacy" -I"/Users/willmitchell/Documents/stm32_workspace/compressor/Drivers/CMSIS/Device/ST/STM32F3xx/Include" -I"/Users/willmitchell/Documents/stm32_workspace/compressor/Drivers/CMSIS/Include"  -O3 -mtune=cortex-m4 -g -Wall -fmessage-length=0 -ffunction-sections -fdata-sections -c -fmessage-length=0 -MMD -MP -MF"Drivers/STM32F3xx_HAL_Driver/Src/stm32f3xx_hal_gpio.d" -MT"Drivers/STM32F3xx_HAL_Driver/Src/stm32f3xx_hal_gpio.o" -o "Drivers/STM32F3xx_HAL_Driver/Src/stm32f3xx_hal_gpio.o" "../Drivers/STM32F3xx_HAL_Driver/Src/stm32f3xx_hal_gpio.c"
Finished building: ../Drivers/STM32F3xx_HAL_Driver/Src/stm32f3xx_hal_gpio.c
 
Building file: ../Drivers/STM32F3xx_HAL_Driver/Src/stm32f3xx_hal_i2c.c
Invoking: MCU GCC Compiler
/Users/willmitchell/Documents/stm32_workspace/compressor/Release
arm-none-eabi-gcc -mcpu=cortex-m4 -mthumb -mfloat-abi=hard -mfpu=fpv4-sp-d16 '-D__weak=__attribute__((weak))' '-D__packed="__attribute__((__packed__))"' -DUSE_HAL_DRIVER -DSTM32F303xC -I"/Users/willmitchell/Documents/stm32_workspace/compressor/Inc" -I"/Users/willmitchell/Documents/stm32_workspace/compressor/Drivers/STM32F3xx_HAL_Driver/Inc" -I"/Users/willmitchell/Documents/stm32_workspace/compressor/Drivers/STM32F3xx_HAL_Driver/Inc/Legacy" -I"/Users/willmitchell/Documents/stm32_workspace/compressor/Drivers/CMSIS/Device/ST/STM32F3xx/Include" -I"/Users/willmitchell/Documents/stm32_workspace/compressor/Drivers/CMSIS/Include"  -O3 -mtune=cortex-m4 -g -Wall -fmessage-length=0 -ffunction-sections -fdata-sections -c -fmessage-length=0 -MMD -MP -MF"Drivers/STM32F3xx_HAL_Driver/Src/stm32f3xx_hal_i2c.d" -MT"Drivers/STM32F3xx_HAL_Driver/Src/stm32f3xx_hal_i2c.o" -o "Drivers/STM32F3xx_HAL_Driver/Src/stm32f3xx_hal_i2c.o" "../Drivers/STM32F3xx_HAL_Driver/Src/stm32f3xx_hal_i2c.c"
Finished building: ../Drivers/STM32F3xx_HAL_Driver/Src/stm32f3xx_hal_i2c.c
 
Building file: ../Drivers/STM32F3xx_HAL_Driver/Src/stm32f3xx_hal_i2c_ex.c
Invoking: MCU GCC Compiler
/Users/willmitchell/Documents/stm32_workspace/compressor/Release
arm-none-eabi-gcc -mcpu=cortex-m4 -mthumb -mfloat-abi=hard -mfpu=fpv4-sp-d16 '-D__weak=__attribute__((weak))' '-D__packed="__attribute__((__packed__))"' -DUSE_HAL_DRIVER -DSTM32F303xC -I"/Users/willmitchell/Documents/stm32_workspace/compressor/Inc" -I"/Users/willmitchell/Documents/stm32_workspace/compressor/Drivers/STM32F3xx_HAL_Driver/Inc" -I"/Users/willmitchell/Documents/stm32_workspace/compressor/Drivers/STM32F3xx_HAL_Driver/Inc/Legacy" -I"/Users/willmitchell/Documents/stm32_workspace/compressor/Drivers/CMSIS/Device/ST/STM32F3xx/Include" -I"/Users/willmitchell/Documents/stm32_workspace/compressor/Drivers/CMSIS/Include"  -O3 -mtune=cortex-m4 -g -Wall -fmessage-length=0 -ffunction-sections -fdata-sections -c -fmessage-length=0 -MMD -MP -MF"Drivers/STM32F3xx_HAL_Driver/Src/stm32f3xx_hal_i2c_ex.d" -MT"Drivers/STM32F3xx_HAL_Driver/Src/stm32f3xx_hal_i2c_ex.o" -o "Drivers/STM32F3xx_HAL_Driver/Src/stm32f3xx_hal_i2c_ex.o" "../Drivers/STM32F3xx_HAL_Driver/Src/stm32f3xx_hal_i2c_ex.c"
Finished building: ../Drivers/STM32F3xx_HAL_Driver/Src/stm32f3xx_hal_i2c_ex.c
 
Building file: ../Drivers/STM32F3xx_HAL_Driver/Src/stm32f3xx_hal_pwr.c
Invoking: MCU GCC Compiler
/Users/willmitchell/Documents/stm32_workspace/compressor/Release
arm-none-eabi-gcc -mcpu=cortex-m4 -mthumb -mfloat-abi=hard -mfpu=fpv4-sp-d16 '-D__weak=__attribute__((weak))' '-D__packed="__attribute__((__packed__))"' -DUSE_HAL_DRIVER -DSTM32F303xC -I"/Users/willmitchell/Documents/stm32_workspace/compressor/Inc" -I"/Users/willmitchell/Documents/stm32_workspace/compressor/Drivers/STM32F3xx_HAL_Driver/Inc" -I"/Users/willmitchell/Documents/stm32_workspace/compressor/Drivers/STM32F3xx_HAL_Driver/Inc/Legacy" -I"/Users/willmitchell/Documents/stm32_workspace/compressor/Drivers/CMSIS/Device/ST/STM32F3xx/Include" -I"/Users/willmitchell/Documents/stm32_workspace/compressor/Drivers/CMSIS/Include"  -O3 -mtune=cortex-m4 -g -Wall -fmessage-length=0 -ffunction-sections -fdata-sections -c -fmessage-length=0 -MMD -MP -MF"Drivers/STM32F3xx_HAL_Driver/Src/stm32f3xx_hal_pwr.d" -MT"Drivers/STM32F3xx_HAL_Driver/Src/stm32f3xx_hal_pwr.o" -o "Drivers/STM32F3xx_HAL_Driver/Src/stm32f3xx_hal_pwr.o" "../Drivers/STM32F3xx_HAL_Driver/Src/stm32f3xx_hal_pwr.c"
Finished building: ../Drivers/STM32F3xx_HAL_Driver/Src/stm32f3xx_hal_pwr.c
 
Building file: ../Drivers/STM32F3xx_HAL_Driver/Src/stm32f3xx_hal_pwr_ex.c
Invoking: MCU GCC Compiler
/Users/willmitchell/Documents/stm32_workspace/compressor/Release
arm-none-eabi-gcc -mcpu=cortex-m4 -mthumb -mfloat-abi=hard -mfpu=fpv4-sp-d16 '-D__weak=__attribute__((weak))' '-D__packed="__attribute__((__packed__))"' -DUSE_HAL_DRIVER -DSTM32F303xC -I"/Users/willmitchell/Documents/stm32_workspace/compressor/Inc" -I"/Users/willmitchell/Documents/stm32_workspace/compressor/Drivers/STM32F3xx_HAL_Driver/Inc" -I"/Users/willmitchell/Documents/stm32_workspace/compressor/Drivers/STM32F3xx_HAL_Driver/Inc/Legacy" -I"/Users/willmitchell/Documents/stm32_workspace/compressor/Drivers/CMSIS/Device/ST/STM32F3xx/Include" -I"/Users/willmitchell/Documents/stm32_workspace/compressor/Drivers/CMSIS/Include"  -O3 -mtune=cortex-m4 -g -Wall -fmessage-length=0 -ffunction-sections -fdata-sections -c -fmessage-length=0 -MMD -MP -MF"Drivers/STM32F3xx_HAL_Driver/Src/stm32f3xx_hal_pwr_ex.d" -MT"Drivers/STM32F3xx_HAL_Driver/Src/stm32f3xx_hal_pwr_ex.o" -o "Drivers/STM32F3xx_HAL_Driver/Src/stm32f3xx_hal_pwr_ex.o" "../Drivers/STM32F3xx_HAL_Driver/Src/stm32f3xx_hal_pwr_ex.c"
Finished building: ../Drivers/STM32F3xx_HAL_Driver/Src/stm32f3xx_hal_pwr_ex.c
 
Building file: ../Drivers/STM32F3xx_HAL_Driver/Src/stm32f3xx_hal_rcc.c
Invoking: MCU GCC Compiler
/Users/willmitchell/Documents/stm32_workspace/compressor/Release
arm-none-eabi-gcc -mcpu=cortex-m4 -mthumb -mfloat-abi=hard -mfpu=fpv4-sp-d16 '-D__weak=__attribute__((weak))' '-D__packed="__attribute__((__packed__))"' -DUSE_HAL_DRIVER -DSTM32F303xC -I"/Users/willmitchell/Documents/stm32_workspace/compressor/Inc" -I"/Users/willmitchell/Documents/stm32_workspace/compressor/Drivers/STM32F3xx_HAL_Driver/Inc" -I"/Users/willmitchell/Documents/stm32_workspace/compressor/Drivers/STM32F3xx_HAL_Driver/Inc/Legacy" -I"/Users/willmitchell/Documents/stm32_workspace/compressor/Drivers/CMSIS/Device/ST/STM32F3xx/Include" -I"/Users/willmitchell/Documents/stm32_workspace/compressor/Drivers/CMSIS/Include"  -O3 -mtune=cortex-m4 -g -Wall -fmessage-length=0 -ffunction-sections -fdata-sections -c -fmessage-length=0 -MMD -MP -MF"Drivers/STM32F3xx_HAL_Driver/Src/stm32f3xx_hal_rcc.d" -MT"Drivers/STM32F3xx_HAL_Driver/Src/stm32f3xx_hal_rcc.o" -o "Drivers/STM32F3xx_HAL_Driver/Src/stm32f3xx_hal_rcc.o" "../Drivers/STM32F3xx_HAL_Driver/Src/stm32f3xx_hal_rcc.c"
Finished building: ../Drivers/STM32F3xx_HAL_Driver/Src/stm32f3xx_hal_rcc.c
 
Building file: ../Drivers/STM32F3xx_HAL_Driver/Src/stm32f3xx_hal_rcc_ex.c
Invoking: MCU GCC Compiler
/Users/willmitchell/Documents/stm32_workspace/compressor/Release
arm-none-eabi-gcc -mcpu=cortex-m4 -mthumb -mfloat-abi=hard -mfpu=fpv4-sp-d16 '-D__weak=__attribute__((weak))' '-D__packed="__attribute__((__packed__))"' -DUSE_HAL_DRIVER -DSTM32F303xC -I"/Users/willmitchell/Documents/stm32_workspace/compressor/Inc" -I"/Users/willmitchell/Documents/stm32_workspace/compressor/Drivers/STM32F3xx_HAL_Driver/Inc" -I"/Users/willmitchell/Documents/stm32_workspace/compressor/Drivers/STM32F3xx_HAL_Driver/Inc/Legacy" -I"/Users/willmitchell/Documents/stm32_workspace/compressor/Drivers/CMSIS/Device/ST/STM32F3xx/Include" -I"/Users/willmitchell/Documents/stm32_workspace/compressor/Drivers/CMSIS/Include"  -O3 -mtune=cortex-m4 -g -Wall -fmessage-length=0 -ffunction-sections -fdata-sections -c -fmessage-length=0 -MMD -MP -MF"Drivers/STM32F3xx_HAL_Driver/Src/stm32f3xx_hal_rcc_ex.d" -MT"Drivers/STM32F3xx_HAL_Driver/Src/stm32f3xx_hal_rcc_ex.o" -o "Drivers/STM32F3xx_HAL_Driver/Src/stm32f3xx_hal_rcc_ex.o" "../Drivers/STM32F3xx_HAL_Driver/Src/stm32f3xx_hal_rcc_ex.c"
Finished building: ../Drivers/STM32F3xx_HAL_Driver/Src/stm32f3xx_hal_rcc_ex.c
 
Building file: ../Drivers/STM32F3xx_HAL_Driver/Src/stm32f3xx_hal_tim.c
Invoking: MCU GCC Compiler
/Users/willmitchell/Documents/stm32_workspace/compressor/Release
arm-none-eabi-gcc -mcpu=cortex-m4 -mthumb -mfloat-abi=hard -mfpu=fpv4-sp-d16 '-D__weak=__attribute__((weak))' '-D__packed="__attribute__((__packed__))"' -DUSE_HAL_DRIVER -DSTM32F303xC -I"/Users/willmitchell/Documents/stm32_workspace/compressor/Inc" -I"/Users/willmitchell/Documents/stm32_workspace/compressor/Drivers/STM32F3xx_HAL_Driver/Inc" -I"/Users/willmitchell/Documents/stm32_workspace/compressor/Drivers/STM32F3xx_HAL_Driver/Inc/Legacy" -I"/Users/willmitchell/Documents/stm32_workspace/compressor/Drivers/CMSIS/Device/ST/STM32F3xx/Include" -I"/Users/willmitchell/Documents/stm32_workspace/compressor/Drivers/CMSIS/Include"  -O3 -mtune=cortex-m4 -g -Wall -fmessage-length=0 -ffunction-sections -fdata-sections -c -fmessage-length=0 -MMD -MP -MF"Drivers/STM32F3xx_HAL_Driver/Src/stm32f3xx_hal_tim.d" -MT"Drivers/STM32F3xx_HAL_Driver/Src/stm32f3xx_hal_tim.o" -o "Drivers/STM32F3xx_HAL_Driver/Src/stm32f3xx_hal_tim.o" "../Drivers/STM32F3xx_HAL_Driver/Src/stm32f3xx_hal_tim.c"
Finished building: ../Drivers/STM32F3xx_HAL_Driver/Src/stm32f3xx_hal_tim.c
 
Building file: ../Drivers/STM32F3xx_HAL_Driver/Src/stm32f3xx_hal_tim_ex.c
Invoking: MCU GCC Compiler
/Users/willmitchell/Documents/stm32_workspace/compressor/Release
arm-none-eabi-gcc -mcpu=cortex-m4 -mthumb -mfloat-abi=hard -mfpu=fpv4-sp-d16 '-D__weak=__attribute__((weak))' '-D__packed="__attribute__((__packed__))"' -DUSE_HAL_DRIVER -DSTM32F303xC -I"/Users/willmitchell/Documents/stm32_workspace/compressor/Inc" -I"/Users/willmitchell/Documents/stm32_workspace/compressor/Drivers/STM32F3xx_HAL_Driver/Inc" -I"/Users/willmitchell/Documents/stm32_workspace/compressor/Drivers/STM32F3xx_HAL_Driver/Inc/Legacy" -I"/Users/willmitchell/Documents/stm32_workspace/compressor/Drivers/CMSIS/Device/ST/STM32F3xx/Include" -I"/Users/willmitchell/Documents/stm32_workspace/compressor/Drivers/CMSIS/Include"  -O3 -mtune=cortex-m4 -g -Wall -fmessage-length=0 -ffunction-sections -fdata-sections -c -fmessage-length=0 -MMD -MP -MF"Drivers/STM32F3xx_HAL_Driver/Src/stm32f3xx_hal_tim_ex.d" -MT"Drivers/STM32F3xx_HAL_Driver/Src/stm32f3xx_hal_tim_ex.o" -o "Drivers/STM32F3xx_HAL_Driver/Src/stm32f3xx_hal_tim_ex.o" "../Drivers/STM32F3xx_HAL_Driver/Src/stm32f3xx_hal_tim_ex.c"
Finished building: ../Drivers/STM32F3xx_HAL_Driver/Src/stm32f3xx_hal_tim_ex.c
 
Building file: ../Drivers/STM32F3xx_HAL_Driver/Src/stm32f3xx_hal_tsc.c
Invoking: MCU GCC Compiler
/Users/willmitchell/Documents/stm32_workspace/compressor/Release
arm-none-eabi-gcc -mcpu=cortex-m4 -mthumb -mfloat-abi=hard -mfpu=fpv4-sp-d16 '-D__weak=__attribute__((weak))' '-D__packed="__attribute__((__packed__))"' -DUSE_HAL_DRIVER -DSTM32F303xC -I"/Users/willmitchell/Documents/stm32_workspace/compressor/Inc" -I"/Users/willmitchell/Documents/stm32_workspace/compressor/Drivers/STM32F3xx_HAL_Driver/Inc" -I"/Users/willmitchell/Documents/stm32_workspace/compressor/Drivers/STM32F3xx_HAL_Driver/Inc/Legacy" -I"/Users/willmitchell/Documents/stm32_workspace/compressor/Drivers/CMSIS/Device/ST/STM32F3xx/Include" -I"/Users/willmitchell/Documents/stm32_workspace/compressor/Drivers/CMSIS/Include"  -O3 -mtune=cortex-m4 -g -Wall -fmessage-length=0 -ffunction-sections -fdata-sections -c -fmessage-length=0 -MMD -MP -MF"Drivers/STM32F3xx_HAL_Driver/Src/stm32f3xx_hal_tsc.d" -MT"Drivers/STM32F3xx_HAL_Driver/Src/stm32f3xx_hal_tsc.o" -o "Drivers/STM32F3xx_HAL_Driver/Src/stm32f3xx_hal_tsc.o" "../Drivers/STM32F3xx_HAL_Driver/Src/stm32f3xx_hal_tsc.c"
Finished building: ../Drivers/STM32F3xx_HAL_Driver/Src/stm32f3xx_hal_tsc.c
 
Building target: compressor.elf
Invoking: MCU GCC Linker
arm-none-eabi-gcc -mcpu=cortex-m4 -mthumb -mfloat-abi=hard -mfpu=fpv4-sp-d16 -L"/Users/willmitchell/Documents/stm32_workspace/compressor/Lib"  -specs=nosys.specs -specs=nano.specs -T"../STM32F303CCTx_FLASH.ld" -Wl,-Map=output.map -Wl,--gc-sections -o "compressor.elf" @"objects.list"  -larm_cortexM4lf_math -lm
Finished building target: compressor.elf
 
/Applications/Xcode.app/Contents/Developer/usr/bin/make --no-print-directory post-build
Generating binary and Printing size information:
arm-none-eabi-objcopy -O binary "compressor.elf" "compressor.bin"
arm-none-eabi-size "compressor.elf"
   text	   data	    bss	    dec	    hex	filename
  34332	    124	  35948	  70404	  11304	compressor.elf
 

22:53:47 Build Finished (took 6s.863ms)

