17:51:10 **** Incremental Build of configuration Release for project f373 ****
make all 
Building file: ../Src/ui_menus.c
Invoking: MCU GCC Compiler
/Users/willmitchell/Documents/stm32_workspace/f373/Release
arm-none-eabi-gcc -mcpu=cortex-m4 -mthumb -mfloat-abi=hard -mfpu=fpv4-sp-d16 -std=c11 '-D__weak=__attribute__((weak))' '-D__packed="__attribute__((__packed__))"' -DUSE_HAL_DRIVER -DSTM32F373xC -I"/Users/willmitchell/Documents/stm32_workspace/f373/Inc" -I"/Users/willmitchell/Documents/stm32_workspace/f373/Drivers/STM32F3xx_HAL_Driver/Inc" -I"/Users/willmitchell/Documents/stm32_workspace/f373/Drivers/STM32F3xx_HAL_Driver/Inc/Legacy" -I"/Users/willmitchell/Documents/stm32_workspace/f373/Middlewares/ST/STM32_TouchSensing_Library/inc" -I"/Users/willmitchell/Documents/stm32_workspace/f373/Drivers/CMSIS/Device/ST/STM32F3xx/Include" -I"/Users/willmitchell/Documents/stm32_workspace/f373/Drivers/CMSIS/Include"  -O3 -Wall -fmessage-length=0 -ffunction-sections -fdata-sections -mslow-flash-data -c -fmessage-length=0 -MMD -MP -MF"Src/ui_menus.d" -MT"Src/ui_menus.o" -o "Src/ui_menus.o" "../Src/ui_menus.c"
../Src/ui_menus.c: In function 'ui_button1Menu':
../Src/ui_menus.c:56:5: warning: implicit declaration of function 'uiTransition' [-Wimplicit-function-declaration]
     uiTransition(&ui_default);
     ^
../Src/ui_menus.c: In function 'ui_button2Menu':
../Src/ui_menus.c:134:5: warning: implicit declaration of function 'switchFamily' [-Wimplicit-function-declaration]
     switchFamily();
     ^
../Src/ui_menus.c: In function 'ui_button3Menu':
../Src/ui_menus.c:204:41: warning: left shift count >= width of type [-Wshift-count-overflow]
     modeStateBuffer = XCV_MASK | (xMode << XCV_MASK);
                                         ^
Finished building: ../Src/ui_menus.c
 
Building target: f373.elf
Invoking: MCU GCC Linker
arm-none-eabi-gcc -mcpu=cortex-m4 -mthumb -mfloat-abi=hard -mfpu=fpv4-sp-d16 -L"/Users/willmitchell/Documents/stm32_workspace/f373/Lib"  -specs=nosys.specs -specs=nano.specs -T"../STM32F373CCTx_FLASH.ld" -Wl,-Map=output.map -Wl,--gc-sections -o "f373.elf" @"objects.list"  -larm_cortexM4lf_math -lm
Finished building target: f373.elf
 
/Applications/Xcode.app/Contents/Developer/usr/bin/make --no-print-directory post-build
Generating binary and Printing size information:
arm-none-eabi-objcopy -O binary "f373.elf" "f373.bin"
arm-none-eabi-size "f373.elf"
   text	   data	    bss	    dec	    hex	filename
  75856	   8980	  15384	 100220	  1877c	f373.elf
 

17:51:10 Build Finished (took 348ms)

