23:14:16 **** Build of configuration Release for project scanner_cpp_f373 ****
make -j7 all 
Building file: ../src/interrupt_link.cpp
Building file: ../src/main.cpp
Building file: ../src/main_hardware_init.cpp
Invoking: MCU G++ Compiler
Invoking: MCU G++ Compiler
Invoking: MCU G++ Compiler
/Users/willmitchell/Documents/stm32_workspace/scanner_cpp_f373/Release
arm-none-eabi-g++ -mcpu=cortex-m4 -mthumb -mfloat-abi=hard -mfpu=fpv4-sp-d16 -std=c++0x -DBUILD_F373 '-D__weak=__attribute__((weak))' '-D__packed="__attribute__((__packed__))"' -DUSE_HAL_DRIVER -DSTM32F373xC -I"/Users/willmitchell/Documents/stm32_workspace/via_cplusplus/synthesis/inc" -I"/Users/willmitchell/Documents/stm32_workspace/via_cplusplus/modules/inc" -I"/Users/willmitchell/Documents/stm32_workspace/via_cplusplus/stm32f373/Middlewares/ST/STM32_TouchSensing_Library/inc" -I"/Users/willmitchell/Documents/stm32_workspace/via_cplusplus/stm32f373/inc" -I"/Users/willmitchell/Documents/stm32_workspace/via_cplusplus/ui/inc" -I"/Users/willmitchell/Documents/stm32_workspace/via_cplusplus/io/inc" -I"/Users/willmitchell/Documents/stm32_workspace/scanner_cpp_f373/inc" -I"/Users/willmitchell/Documents/stm32_workspace/scanner_cpp_f373/Drivers/STM32F3xx_HAL_Driver/Inc" -I"/Users/willmitchell/Documents/stm32_workspace/scanner_cpp_f373/Drivers/STM32F3xx_HAL_Driver/Inc/Legacy" -I"/Users/willmitchell/Documents/stm32_workspace/scanner_cpp_f373/Drivers/CMSIS/Device/ST/STM32F3xx/Include" -I"/Users/willmitchell/Documents/stm32_workspace/scanner_cpp_f373/Drivers/CMSIS/Include"  -O3 -g3 -w -Wall -fmessage-length=0 -ffunction-sections -c -fno-exceptions -fno-rtti -MMD -MP -MF"src/main_hardware_init.d" -MT"src/main_hardware_init.o" -o "src/main_hardware_init.o" "../src/main_hardware_init.cpp"
/Users/willmitchell/Documents/stm32_workspace/scanner_cpp_f373/Release
arm-none-eabi-g++ -mcpu=cortex-m4 -mthumb -mfloat-abi=hard -mfpu=fpv4-sp-d16 -std=c++0x -DBUILD_F373 '-D__weak=__attribute__((weak))' '-D__packed="__attribute__((__packed__))"' -DUSE_HAL_DRIVER -DSTM32F373xC -I"/Users/willmitchell/Documents/stm32_workspace/via_cplusplus/synthesis/inc" -I"/Users/willmitchell/Documents/stm32_workspace/via_cplusplus/modules/inc" -I"/Users/willmitchell/Documents/stm32_workspace/via_cplusplus/stm32f373/Middlewares/ST/STM32_TouchSensing_Library/inc" -I"/Users/willmitchell/Documents/stm32_workspace/via_cplusplus/stm32f373/inc" -I"/Users/willmitchell/Documents/stm32_workspace/via_cplusplus/ui/inc" -I"/Users/willmitchell/Documents/stm32_workspace/via_cplusplus/io/inc" -I"/Users/willmitchell/Documents/stm32_workspace/scanner_cpp_f373/inc" -I"/Users/willmitchell/Documents/stm32_workspace/scanner_cpp_f373/Drivers/STM32F3xx_HAL_Driver/Inc" -I"/Users/willmitchell/Documents/stm32_workspace/scanner_cpp_f373/Drivers/STM32F3xx_HAL_Driver/Inc/Legacy" -I"/Users/willmitchell/Documents/stm32_workspace/scanner_cpp_f373/Drivers/CMSIS/Device/ST/STM32F3xx/Include" -I"/Users/willmitchell/Documents/stm32_workspace/scanner_cpp_f373/Drivers/CMSIS/Include"  -O3 -g3 -w -Wall -fmessage-length=0 -ffunction-sections -c -fno-exceptions -fno-rtti -MMD -MP -MF"src/interrupt_link.d" -MT"src/interrupt_link.o" -o "src/interrupt_link.o" "../src/interrupt_link.cpp"
/Users/willmitchell/Documents/stm32_workspace/scanner_cpp_f373/Release
arm-none-eabi-g++ -mcpu=cortex-m4 -mthumb -mfloat-abi=hard -mfpu=fpv4-sp-d16 -std=c++0x -DBUILD_F373 '-D__weak=__attribute__((weak))' '-D__packed="__attribute__((__packed__))"' -DUSE_HAL_DRIVER -DSTM32F373xC -I"/Users/willmitchell/Documents/stm32_workspace/via_cplusplus/synthesis/inc" -I"/Users/willmitchell/Documents/stm32_workspace/via_cplusplus/modules/inc" -I"/Users/willmitchell/Documents/stm32_workspace/via_cplusplus/stm32f373/Middlewares/ST/STM32_TouchSensing_Library/inc" -I"/Users/willmitchell/Documents/stm32_workspace/via_cplusplus/stm32f373/inc" -I"/Users/willmitchell/Documents/stm32_workspace/via_cplusplus/ui/inc" -I"/Users/willmitchell/Documents/stm32_workspace/via_cplusplus/io/inc" -I"/Users/willmitchell/Documents/stm32_workspace/scanner_cpp_f373/inc" -I"/Users/willmitchell/Documents/stm32_workspace/scanner_cpp_f373/Drivers/STM32F3xx_HAL_Driver/Inc" -I"/Users/willmitchell/Documents/stm32_workspace/scanner_cpp_f373/Drivers/STM32F3xx_HAL_Driver/Inc/Legacy" -I"/Users/willmitchell/Documents/stm32_workspace/scanner_cpp_f373/Drivers/CMSIS/Device/ST/STM32F3xx/Include" -I"/Users/willmitchell/Documents/stm32_workspace/scanner_cpp_f373/Drivers/CMSIS/Include"  -O3 -g3 -w -Wall -fmessage-length=0 -ffunction-sections -c -fno-exceptions -fno-rtti -MMD -MP -MF"src/main.d" -MT"src/main.o" -o "src/main.o" "../src/main.cpp"
Finished building: ../src/main_hardware_init.cpp
 
Finished building: ../src/interrupt_link.cpp
 
Finished building: ../src/main.cpp
 
Building target: scanner_cpp_f373.elf
Invoking: MCU G++ Linker
arm-none-eabi-g++ -mcpu=cortex-m4 -mthumb -mfloat-abi=hard -mfpu=fpv4-sp-d16 -L"/Users/willmitchell/Documents/stm32_workspace/via_cplusplus/Release" -specs=nosys.specs -specs=nano.specs -T"/Users/willmitchell/Documents/stm32_workspace/scanner_cpp_f373/STM32F373CCTx_FLASH.ld" -Wl,-Map=output.map -Wl,--gc-sections -fno-exceptions -fno-rtti -o "scanner_cpp_f373.elf" @"objects.list"  -lvia_cplusplus -lm
Finished building target: scanner_cpp_f373.elf
 

23:14:17 Build Finished (took 915ms)

