22:35:20 **** Incremental Build of configuration Debug for project trigseq_rev5_dismembered ****
make all 
Building file: ../Drivers/STM32F3xx_HAL_Driver/Src/stm32f3xx_hal.c
Invoking: MCU GCC Compiler
/Users/willmitchell/Documents/stm32_workspace/trigseq_rev5_dismembered/Debug
arm-none-eabi-gcc -mcpu=cortex-m4 -mthumb -mfloat-abi=hard -mfpu=fpv4-sp-d16 '-D__weak=__attribute__((weak))' '-D__packed="__attribute__((__packed__))"' -DUSE_HAL_DRIVER -DSTM32F373xC -I"/Users/willmitchell/Documents/stm32_workspace/via_hardware/Middlewares/ST/STM32_TouchSensing_Library/inc" -I"/Users/willmitchell/Documents/stm32_workspace/via_hardware/inc" -I"/Users/willmitchell/Documents/stm32_workspace/via_trigseq/inc" -I"/Users/willmitchell/Documents/stm32_workspace/via_ui/inc" -I../Inc -I"/Users/willmitchell/Documents/stm32_workspace/trigseq_rev5_dismembered/Drivers/STM32F3xx_HAL_Driver/Inc" -I"/Users/willmitchell/Documents/stm32_workspace/trigseq_rev5_dismembered/Drivers/STM32F3xx_HAL_Driver/Inc/Legacy" -I../Middlewares/ST/STM32_TouchSensing_Library/inc -I"/Users/willmitchell/Documents/stm32_workspace/trigseq_rev5_dismembered/Drivers/CMSIS/Device/ST/STM32F3xx/Include" -I"/Users/willmitchell/Documents/stm32_workspace/trigseq_rev5_dismembered/Drivers/CMSIS/Include"  -O3 -g3 -w -Wall -fmessage-length=0 -ffunction-sections -fdata-sections -c -fmessage-length=0 -MMD -MP -MF"Drivers/STM32F3xx_HAL_Driver/Src/stm32f3xx_hal.d" -MT"Drivers/STM32F3xx_HAL_Driver/Src/stm32f3xx_hal.o" -o "Drivers/STM32F3xx_HAL_Driver/Src/stm32f3xx_hal.o" "../Drivers/STM32F3xx_HAL_Driver/Src/stm32f3xx_hal.c"
Finished building: ../Drivers/STM32F3xx_HAL_Driver/Src/stm32f3xx_hal.c
 
Building file: ../Drivers/STM32F3xx_HAL_Driver/Src/stm32f3xx_hal_adc.c
Invoking: MCU GCC Compiler
/Users/willmitchell/Documents/stm32_workspace/trigseq_rev5_dismembered/Debug
arm-none-eabi-gcc -mcpu=cortex-m4 -mthumb -mfloat-abi=hard -mfpu=fpv4-sp-d16 '-D__weak=__attribute__((weak))' '-D__packed="__attribute__((__packed__))"' -DUSE_HAL_DRIVER -DSTM32F373xC -I"/Users/willmitchell/Documents/stm32_workspace/via_hardware/Middlewares/ST/STM32_TouchSensing_Library/inc" -I"/Users/willmitchell/Documents/stm32_workspace/via_hardware/inc" -I"/Users/willmitchell/Documents/stm32_workspace/via_trigseq/inc" -I"/Users/willmitchell/Documents/stm32_workspace/via_ui/inc" -I../Inc -I"/Users/willmitchell/Documents/stm32_workspace/trigseq_rev5_dismembered/Drivers/STM32F3xx_HAL_Driver/Inc" -I"/Users/willmitchell/Documents/stm32_workspace/trigseq_rev5_dismembered/Drivers/STM32F3xx_HAL_Driver/Inc/Legacy" -I../Middlewares/ST/STM32_TouchSensing_Library/inc -I"/Users/willmitchell/Documents/stm32_workspace/trigseq_rev5_dismembered/Drivers/CMSIS/Device/ST/STM32F3xx/Include" -I"/Users/willmitchell/Documents/stm32_workspace/trigseq_rev5_dismembered/Drivers/CMSIS/Include"  -O3 -g3 -w -Wall -fmessage-length=0 -ffunction-sections -fdata-sections -c -fmessage-length=0 -MMD -MP -MF"Drivers/STM32F3xx_HAL_Driver/Src/stm32f3xx_hal_adc.d" -MT"Drivers/STM32F3xx_HAL_Driver/Src/stm32f3xx_hal_adc.o" -o "Drivers/STM32F3xx_HAL_Driver/Src/stm32f3xx_hal_adc.o" "../Drivers/STM32F3xx_HAL_Driver/Src/stm32f3xx_hal_adc.c"
Finished building: ../Drivers/STM32F3xx_HAL_Driver/Src/stm32f3xx_hal_adc.c
 
Building file: ../Drivers/STM32F3xx_HAL_Driver/Src/stm32f3xx_hal_adc_ex.c
Invoking: MCU GCC Compiler
/Users/willmitchell/Documents/stm32_workspace/trigseq_rev5_dismembered/Debug
arm-none-eabi-gcc -mcpu=cortex-m4 -mthumb -mfloat-abi=hard -mfpu=fpv4-sp-d16 '-D__weak=__attribute__((weak))' '-D__packed="__attribute__((__packed__))"' -DUSE_HAL_DRIVER -DSTM32F373xC -I"/Users/willmitchell/Documents/stm32_workspace/via_hardware/Middlewares/ST/STM32_TouchSensing_Library/inc" -I"/Users/willmitchell/Documents/stm32_workspace/via_hardware/inc" -I"/Users/willmitchell/Documents/stm32_workspace/via_trigseq/inc" -I"/Users/willmitchell/Documents/stm32_workspace/via_ui/inc" -I../Inc -I"/Users/willmitchell/Documents/stm32_workspace/trigseq_rev5_dismembered/Drivers/STM32F3xx_HAL_Driver/Inc" -I"/Users/willmitchell/Documents/stm32_workspace/trigseq_rev5_dismembered/Drivers/STM32F3xx_HAL_Driver/Inc/Legacy" -I../Middlewares/ST/STM32_TouchSensing_Library/inc -I"/Users/willmitchell/Documents/stm32_workspace/trigseq_rev5_dismembered/Drivers/CMSIS/Device/ST/STM32F3xx/Include" -I"/Users/willmitchell/Documents/stm32_workspace/trigseq_rev5_dismembered/Drivers/CMSIS/Include"  -O3 -g3 -w -Wall -fmessage-length=0 -ffunction-sections -fdata-sections -c -fmessage-length=0 -MMD -MP -MF"Drivers/STM32F3xx_HAL_Driver/Src/stm32f3xx_hal_adc_ex.d" -MT"Drivers/STM32F3xx_HAL_Driver/Src/stm32f3xx_hal_adc_ex.o" -o "Drivers/STM32F3xx_HAL_Driver/Src/stm32f3xx_hal_adc_ex.o" "../Drivers/STM32F3xx_HAL_Driver/Src/stm32f3xx_hal_adc_ex.c"
Finished building: ../Drivers/STM32F3xx_HAL_Driver/Src/stm32f3xx_hal_adc_ex.c
 
Building file: ../Drivers/STM32F3xx_HAL_Driver/Src/stm32f3xx_hal_cortex.c
Invoking: MCU GCC Compiler
/Users/willmitchell/Documents/stm32_workspace/trigseq_rev5_dismembered/Debug
arm-none-eabi-gcc -mcpu=cortex-m4 -mthumb -mfloat-abi=hard -mfpu=fpv4-sp-d16 '-D__weak=__attribute__((weak))' '-D__packed="__attribute__((__packed__))"' -DUSE_HAL_DRIVER -DSTM32F373xC -I"/Users/willmitchell/Documents/stm32_workspace/via_hardware/Middlewares/ST/STM32_TouchSensing_Library/inc" -I"/Users/willmitchell/Documents/stm32_workspace/via_hardware/inc" -I"/Users/willmitchell/Documents/stm32_workspace/via_trigseq/inc" -I"/Users/willmitchell/Documents/stm32_workspace/via_ui/inc" -I../Inc -I"/Users/willmitchell/Documents/stm32_workspace/trigseq_rev5_dismembered/Drivers/STM32F3xx_HAL_Driver/Inc" -I"/Users/willmitchell/Documents/stm32_workspace/trigseq_rev5_dismembered/Drivers/STM32F3xx_HAL_Driver/Inc/Legacy" -I../Middlewares/ST/STM32_TouchSensing_Library/inc -I"/Users/willmitchell/Documents/stm32_workspace/trigseq_rev5_dismembered/Drivers/CMSIS/Device/ST/STM32F3xx/Include" -I"/Users/willmitchell/Documents/stm32_workspace/trigseq_rev5_dismembered/Drivers/CMSIS/Include"  -O3 -g3 -w -Wall -fmessage-length=0 -ffunction-sections -fdata-sections -c -fmessage-length=0 -MMD -MP -MF"Drivers/STM32F3xx_HAL_Driver/Src/stm32f3xx_hal_cortex.d" -MT"Drivers/STM32F3xx_HAL_Driver/Src/stm32f3xx_hal_cortex.o" -o "Drivers/STM32F3xx_HAL_Driver/Src/stm32f3xx_hal_cortex.o" "../Drivers/STM32F3xx_HAL_Driver/Src/stm32f3xx_hal_cortex.c"
Finished building: ../Drivers/STM32F3xx_HAL_Driver/Src/stm32f3xx_hal_cortex.c
 
Building file: ../Drivers/STM32F3xx_HAL_Driver/Src/stm32f3xx_hal_dac.c
Invoking: MCU GCC Compiler
/Users/willmitchell/Documents/stm32_workspace/trigseq_rev5_dismembered/Debug
arm-none-eabi-gcc -mcpu=cortex-m4 -mthumb -mfloat-abi=hard -mfpu=fpv4-sp-d16 '-D__weak=__attribute__((weak))' '-D__packed="__attribute__((__packed__))"' -DUSE_HAL_DRIVER -DSTM32F373xC -I"/Users/willmitchell/Documents/stm32_workspace/via_hardware/Middlewares/ST/STM32_TouchSensing_Library/inc" -I"/Users/willmitchell/Documents/stm32_workspace/via_hardware/inc" -I"/Users/willmitchell/Documents/stm32_workspace/via_trigseq/inc" -I"/Users/willmitchell/Documents/stm32_workspace/via_ui/inc" -I../Inc -I"/Users/willmitchell/Documents/stm32_workspace/trigseq_rev5_dismembered/Drivers/STM32F3xx_HAL_Driver/Inc" -I"/Users/willmitchell/Documents/stm32_workspace/trigseq_rev5_dismembered/Drivers/STM32F3xx_HAL_Driver/Inc/Legacy" -I../Middlewares/ST/STM32_TouchSensing_Library/inc -I"/Users/willmitchell/Documents/stm32_workspace/trigseq_rev5_dismembered/Drivers/CMSIS/Device/ST/STM32F3xx/Include" -I"/Users/willmitchell/Documents/stm32_workspace/trigseq_rev5_dismembered/Drivers/CMSIS/Include"  -O3 -g3 -w -Wall -fmessage-length=0 -ffunction-sections -fdata-sections -c -fmessage-length=0 -MMD -MP -MF"Drivers/STM32F3xx_HAL_Driver/Src/stm32f3xx_hal_dac.d" -MT"Drivers/STM32F3xx_HAL_Driver/Src/stm32f3xx_hal_dac.o" -o "Drivers/STM32F3xx_HAL_Driver/Src/stm32f3xx_hal_dac.o" "../Drivers/STM32F3xx_HAL_Driver/Src/stm32f3xx_hal_dac.c"
Finished building: ../Drivers/STM32F3xx_HAL_Driver/Src/stm32f3xx_hal_dac.c
 
Building file: ../Drivers/STM32F3xx_HAL_Driver/Src/stm32f3xx_hal_dac_ex.c
Invoking: MCU GCC Compiler
/Users/willmitchell/Documents/stm32_workspace/trigseq_rev5_dismembered/Debug
arm-none-eabi-gcc -mcpu=cortex-m4 -mthumb -mfloat-abi=hard -mfpu=fpv4-sp-d16 '-D__weak=__attribute__((weak))' '-D__packed="__attribute__((__packed__))"' -DUSE_HAL_DRIVER -DSTM32F373xC -I"/Users/willmitchell/Documents/stm32_workspace/via_hardware/Middlewares/ST/STM32_TouchSensing_Library/inc" -I"/Users/willmitchell/Documents/stm32_workspace/via_hardware/inc" -I"/Users/willmitchell/Documents/stm32_workspace/via_trigseq/inc" -I"/Users/willmitchell/Documents/stm32_workspace/via_ui/inc" -I../Inc -I"/Users/willmitchell/Documents/stm32_workspace/trigseq_rev5_dismembered/Drivers/STM32F3xx_HAL_Driver/Inc" -I"/Users/willmitchell/Documents/stm32_workspace/trigseq_rev5_dismembered/Drivers/STM32F3xx_HAL_Driver/Inc/Legacy" -I../Middlewares/ST/STM32_TouchSensing_Library/inc -I"/Users/willmitchell/Documents/stm32_workspace/trigseq_rev5_dismembered/Drivers/CMSIS/Device/ST/STM32F3xx/Include" -I"/Users/willmitchell/Documents/stm32_workspace/trigseq_rev5_dismembered/Drivers/CMSIS/Include"  -O3 -g3 -w -Wall -fmessage-length=0 -ffunction-sections -fdata-sections -c -fmessage-length=0 -MMD -MP -MF"Drivers/STM32F3xx_HAL_Driver/Src/stm32f3xx_hal_dac_ex.d" -MT"Drivers/STM32F3xx_HAL_Driver/Src/stm32f3xx_hal_dac_ex.o" -o "Drivers/STM32F3xx_HAL_Driver/Src/stm32f3xx_hal_dac_ex.o" "../Drivers/STM32F3xx_HAL_Driver/Src/stm32f3xx_hal_dac_ex.c"
Finished building: ../Drivers/STM32F3xx_HAL_Driver/Src/stm32f3xx_hal_dac_ex.c
 
Building file: ../Drivers/STM32F3xx_HAL_Driver/Src/stm32f3xx_hal_dma.c
Invoking: MCU GCC Compiler
/Users/willmitchell/Documents/stm32_workspace/trigseq_rev5_dismembered/Debug
arm-none-eabi-gcc -mcpu=cortex-m4 -mthumb -mfloat-abi=hard -mfpu=fpv4-sp-d16 '-D__weak=__attribute__((weak))' '-D__packed="__attribute__((__packed__))"' -DUSE_HAL_DRIVER -DSTM32F373xC -I"/Users/willmitchell/Documents/stm32_workspace/via_hardware/Middlewares/ST/STM32_TouchSensing_Library/inc" -I"/Users/willmitchell/Documents/stm32_workspace/via_hardware/inc" -I"/Users/willmitchell/Documents/stm32_workspace/via_trigseq/inc" -I"/Users/willmitchell/Documents/stm32_workspace/via_ui/inc" -I../Inc -I"/Users/willmitchell/Documents/stm32_workspace/trigseq_rev5_dismembered/Drivers/STM32F3xx_HAL_Driver/Inc" -I"/Users/willmitchell/Documents/stm32_workspace/trigseq_rev5_dismembered/Drivers/STM32F3xx_HAL_Driver/Inc/Legacy" -I../Middlewares/ST/STM32_TouchSensing_Library/inc -I"/Users/willmitchell/Documents/stm32_workspace/trigseq_rev5_dismembered/Drivers/CMSIS/Device/ST/STM32F3xx/Include" -I"/Users/willmitchell/Documents/stm32_workspace/trigseq_rev5_dismembered/Drivers/CMSIS/Include"  -O3 -g3 -w -Wall -fmessage-length=0 -ffunction-sections -fdata-sections -c -fmessage-length=0 -MMD -MP -MF"Drivers/STM32F3xx_HAL_Driver/Src/stm32f3xx_hal_dma.d" -MT"Drivers/STM32F3xx_HAL_Driver/Src/stm32f3xx_hal_dma.o" -o "Drivers/STM32F3xx_HAL_Driver/Src/stm32f3xx_hal_dma.o" "../Drivers/STM32F3xx_HAL_Driver/Src/stm32f3xx_hal_dma.c"
Finished building: ../Drivers/STM32F3xx_HAL_Driver/Src/stm32f3xx_hal_dma.c
 
Building file: ../Drivers/STM32F3xx_HAL_Driver/Src/stm32f3xx_hal_flash.c
Invoking: MCU GCC Compiler
/Users/willmitchell/Documents/stm32_workspace/trigseq_rev5_dismembered/Debug
arm-none-eabi-gcc -mcpu=cortex-m4 -mthumb -mfloat-abi=hard -mfpu=fpv4-sp-d16 '-D__weak=__attribute__((weak))' '-D__packed="__attribute__((__packed__))"' -DUSE_HAL_DRIVER -DSTM32F373xC -I"/Users/willmitchell/Documents/stm32_workspace/via_hardware/Middlewares/ST/STM32_TouchSensing_Library/inc" -I"/Users/willmitchell/Documents/stm32_workspace/via_hardware/inc" -I"/Users/willmitchell/Documents/stm32_workspace/via_trigseq/inc" -I"/Users/willmitchell/Documents/stm32_workspace/via_ui/inc" -I../Inc -I"/Users/willmitchell/Documents/stm32_workspace/trigseq_rev5_dismembered/Drivers/STM32F3xx_HAL_Driver/Inc" -I"/Users/willmitchell/Documents/stm32_workspace/trigseq_rev5_dismembered/Drivers/STM32F3xx_HAL_Driver/Inc/Legacy" -I../Middlewares/ST/STM32_TouchSensing_Library/inc -I"/Users/willmitchell/Documents/stm32_workspace/trigseq_rev5_dismembered/Drivers/CMSIS/Device/ST/STM32F3xx/Include" -I"/Users/willmitchell/Documents/stm32_workspace/trigseq_rev5_dismembered/Drivers/CMSIS/Include"  -O3 -g3 -w -Wall -fmessage-length=0 -ffunction-sections -fdata-sections -c -fmessage-length=0 -MMD -MP -MF"Drivers/STM32F3xx_HAL_Driver/Src/stm32f3xx_hal_flash.d" -MT"Drivers/STM32F3xx_HAL_Driver/Src/stm32f3xx_hal_flash.o" -o "Drivers/STM32F3xx_HAL_Driver/Src/stm32f3xx_hal_flash.o" "../Drivers/STM32F3xx_HAL_Driver/Src/stm32f3xx_hal_flash.c"
Finished building: ../Drivers/STM32F3xx_HAL_Driver/Src/stm32f3xx_hal_flash.c
 
Building file: ../Drivers/STM32F3xx_HAL_Driver/Src/stm32f3xx_hal_flash_ex.c
Invoking: MCU GCC Compiler
/Users/willmitchell/Documents/stm32_workspace/trigseq_rev5_dismembered/Debug
arm-none-eabi-gcc -mcpu=cortex-m4 -mthumb -mfloat-abi=hard -mfpu=fpv4-sp-d16 '-D__weak=__attribute__((weak))' '-D__packed="__attribute__((__packed__))"' -DUSE_HAL_DRIVER -DSTM32F373xC -I"/Users/willmitchell/Documents/stm32_workspace/via_hardware/Middlewares/ST/STM32_TouchSensing_Library/inc" -I"/Users/willmitchell/Documents/stm32_workspace/via_hardware/inc" -I"/Users/willmitchell/Documents/stm32_workspace/via_trigseq/inc" -I"/Users/willmitchell/Documents/stm32_workspace/via_ui/inc" -I../Inc -I"/Users/willmitchell/Documents/stm32_workspace/trigseq_rev5_dismembered/Drivers/STM32F3xx_HAL_Driver/Inc" -I"/Users/willmitchell/Documents/stm32_workspace/trigseq_rev5_dismembered/Drivers/STM32F3xx_HAL_Driver/Inc/Legacy" -I../Middlewares/ST/STM32_TouchSensing_Library/inc -I"/Users/willmitchell/Documents/stm32_workspace/trigseq_rev5_dismembered/Drivers/CMSIS/Device/ST/STM32F3xx/Include" -I"/Users/willmitchell/Documents/stm32_workspace/trigseq_rev5_dismembered/Drivers/CMSIS/Include"  -O3 -g3 -w -Wall -fmessage-length=0 -ffunction-sections -fdata-sections -c -fmessage-length=0 -MMD -MP -MF"Drivers/STM32F3xx_HAL_Driver/Src/stm32f3xx_hal_flash_ex.d" -MT"Drivers/STM32F3xx_HAL_Driver/Src/stm32f3xx_hal_flash_ex.o" -o "Drivers/STM32F3xx_HAL_Driver/Src/stm32f3xx_hal_flash_ex.o" "../Drivers/STM32F3xx_HAL_Driver/Src/stm32f3xx_hal_flash_ex.c"
Finished building: ../Drivers/STM32F3xx_HAL_Driver/Src/stm32f3xx_hal_flash_ex.c
 
Building file: ../Drivers/STM32F3xx_HAL_Driver/Src/stm32f3xx_hal_gpio.c
Invoking: MCU GCC Compiler
/Users/willmitchell/Documents/stm32_workspace/trigseq_rev5_dismembered/Debug
arm-none-eabi-gcc -mcpu=cortex-m4 -mthumb -mfloat-abi=hard -mfpu=fpv4-sp-d16 '-D__weak=__attribute__((weak))' '-D__packed="__attribute__((__packed__))"' -DUSE_HAL_DRIVER -DSTM32F373xC -I"/Users/willmitchell/Documents/stm32_workspace/via_hardware/Middlewares/ST/STM32_TouchSensing_Library/inc" -I"/Users/willmitchell/Documents/stm32_workspace/via_hardware/inc" -I"/Users/willmitchell/Documents/stm32_workspace/via_trigseq/inc" -I"/Users/willmitchell/Documents/stm32_workspace/via_ui/inc" -I../Inc -I"/Users/willmitchell/Documents/stm32_workspace/trigseq_rev5_dismembered/Drivers/STM32F3xx_HAL_Driver/Inc" -I"/Users/willmitchell/Documents/stm32_workspace/trigseq_rev5_dismembered/Drivers/STM32F3xx_HAL_Driver/Inc/Legacy" -I../Middlewares/ST/STM32_TouchSensing_Library/inc -I"/Users/willmitchell/Documents/stm32_workspace/trigseq_rev5_dismembered/Drivers/CMSIS/Device/ST/STM32F3xx/Include" -I"/Users/willmitchell/Documents/stm32_workspace/trigseq_rev5_dismembered/Drivers/CMSIS/Include"  -O3 -g3 -w -Wall -fmessage-length=0 -ffunction-sections -fdata-sections -c -fmessage-length=0 -MMD -MP -MF"Drivers/STM32F3xx_HAL_Driver/Src/stm32f3xx_hal_gpio.d" -MT"Drivers/STM32F3xx_HAL_Driver/Src/stm32f3xx_hal_gpio.o" -o "Drivers/STM32F3xx_HAL_Driver/Src/stm32f3xx_hal_gpio.o" "../Drivers/STM32F3xx_HAL_Driver/Src/stm32f3xx_hal_gpio.c"
Finished building: ../Drivers/STM32F3xx_HAL_Driver/Src/stm32f3xx_hal_gpio.c
 
Building file: ../Drivers/STM32F3xx_HAL_Driver/Src/stm32f3xx_hal_i2c.c
Invoking: MCU GCC Compiler
/Users/willmitchell/Documents/stm32_workspace/trigseq_rev5_dismembered/Debug
arm-none-eabi-gcc -mcpu=cortex-m4 -mthumb -mfloat-abi=hard -mfpu=fpv4-sp-d16 '-D__weak=__attribute__((weak))' '-D__packed="__attribute__((__packed__))"' -DUSE_HAL_DRIVER -DSTM32F373xC -I"/Users/willmitchell/Documents/stm32_workspace/via_hardware/Middlewares/ST/STM32_TouchSensing_Library/inc" -I"/Users/willmitchell/Documents/stm32_workspace/via_hardware/inc" -I"/Users/willmitchell/Documents/stm32_workspace/via_trigseq/inc" -I"/Users/willmitchell/Documents/stm32_workspace/via_ui/inc" -I../Inc -I"/Users/willmitchell/Documents/stm32_workspace/trigseq_rev5_dismembered/Drivers/STM32F3xx_HAL_Driver/Inc" -I"/Users/willmitchell/Documents/stm32_workspace/trigseq_rev5_dismembered/Drivers/STM32F3xx_HAL_Driver/Inc/Legacy" -I../Middlewares/ST/STM32_TouchSensing_Library/inc -I"/Users/willmitchell/Documents/stm32_workspace/trigseq_rev5_dismembered/Drivers/CMSIS/Device/ST/STM32F3xx/Include" -I"/Users/willmitchell/Documents/stm32_workspace/trigseq_rev5_dismembered/Drivers/CMSIS/Include"  -O3 -g3 -w -Wall -fmessage-length=0 -ffunction-sections -fdata-sections -c -fmessage-length=0 -MMD -MP -MF"Drivers/STM32F3xx_HAL_Driver/Src/stm32f3xx_hal_i2c.d" -MT"Drivers/STM32F3xx_HAL_Driver/Src/stm32f3xx_hal_i2c.o" -o "Drivers/STM32F3xx_HAL_Driver/Src/stm32f3xx_hal_i2c.o" "../Drivers/STM32F3xx_HAL_Driver/Src/stm32f3xx_hal_i2c.c"
Finished building: ../Drivers/STM32F3xx_HAL_Driver/Src/stm32f3xx_hal_i2c.c
 
Building file: ../Drivers/STM32F3xx_HAL_Driver/Src/stm32f3xx_hal_i2c_ex.c
Invoking: MCU GCC Compiler
/Users/willmitchell/Documents/stm32_workspace/trigseq_rev5_dismembered/Debug
arm-none-eabi-gcc -mcpu=cortex-m4 -mthumb -mfloat-abi=hard -mfpu=fpv4-sp-d16 '-D__weak=__attribute__((weak))' '-D__packed="__attribute__((__packed__))"' -DUSE_HAL_DRIVER -DSTM32F373xC -I"/Users/willmitchell/Documents/stm32_workspace/via_hardware/Middlewares/ST/STM32_TouchSensing_Library/inc" -I"/Users/willmitchell/Documents/stm32_workspace/via_hardware/inc" -I"/Users/willmitchell/Documents/stm32_workspace/via_trigseq/inc" -I"/Users/willmitchell/Documents/stm32_workspace/via_ui/inc" -I../Inc -I"/Users/willmitchell/Documents/stm32_workspace/trigseq_rev5_dismembered/Drivers/STM32F3xx_HAL_Driver/Inc" -I"/Users/willmitchell/Documents/stm32_workspace/trigseq_rev5_dismembered/Drivers/STM32F3xx_HAL_Driver/Inc/Legacy" -I../Middlewares/ST/STM32_TouchSensing_Library/inc -I"/Users/willmitchell/Documents/stm32_workspace/trigseq_rev5_dismembered/Drivers/CMSIS/Device/ST/STM32F3xx/Include" -I"/Users/willmitchell/Documents/stm32_workspace/trigseq_rev5_dismembered/Drivers/CMSIS/Include"  -O3 -g3 -w -Wall -fmessage-length=0 -ffunction-sections -fdata-sections -c -fmessage-length=0 -MMD -MP -MF"Drivers/STM32F3xx_HAL_Driver/Src/stm32f3xx_hal_i2c_ex.d" -MT"Drivers/STM32F3xx_HAL_Driver/Src/stm32f3xx_hal_i2c_ex.o" -o "Drivers/STM32F3xx_HAL_Driver/Src/stm32f3xx_hal_i2c_ex.o" "../Drivers/STM32F3xx_HAL_Driver/Src/stm32f3xx_hal_i2c_ex.c"
Finished building: ../Drivers/STM32F3xx_HAL_Driver/Src/stm32f3xx_hal_i2c_ex.c
 
Building file: ../Drivers/STM32F3xx_HAL_Driver/Src/stm32f3xx_hal_pwr.c
Invoking: MCU GCC Compiler
/Users/willmitchell/Documents/stm32_workspace/trigseq_rev5_dismembered/Debug
arm-none-eabi-gcc -mcpu=cortex-m4 -mthumb -mfloat-abi=hard -mfpu=fpv4-sp-d16 '-D__weak=__attribute__((weak))' '-D__packed="__attribute__((__packed__))"' -DUSE_HAL_DRIVER -DSTM32F373xC -I"/Users/willmitchell/Documents/stm32_workspace/via_hardware/Middlewares/ST/STM32_TouchSensing_Library/inc" -I"/Users/willmitchell/Documents/stm32_workspace/via_hardware/inc" -I"/Users/willmitchell/Documents/stm32_workspace/via_trigseq/inc" -I"/Users/willmitchell/Documents/stm32_workspace/via_ui/inc" -I../Inc -I"/Users/willmitchell/Documents/stm32_workspace/trigseq_rev5_dismembered/Drivers/STM32F3xx_HAL_Driver/Inc" -I"/Users/willmitchell/Documents/stm32_workspace/trigseq_rev5_dismembered/Drivers/STM32F3xx_HAL_Driver/Inc/Legacy" -I../Middlewares/ST/STM32_TouchSensing_Library/inc -I"/Users/willmitchell/Documents/stm32_workspace/trigseq_rev5_dismembered/Drivers/CMSIS/Device/ST/STM32F3xx/Include" -I"/Users/willmitchell/Documents/stm32_workspace/trigseq_rev5_dismembered/Drivers/CMSIS/Include"  -O3 -g3 -w -Wall -fmessage-length=0 -ffunction-sections -fdata-sections -c -fmessage-length=0 -MMD -MP -MF"Drivers/STM32F3xx_HAL_Driver/Src/stm32f3xx_hal_pwr.d" -MT"Drivers/STM32F3xx_HAL_Driver/Src/stm32f3xx_hal_pwr.o" -o "Drivers/STM32F3xx_HAL_Driver/Src/stm32f3xx_hal_pwr.o" "../Drivers/STM32F3xx_HAL_Driver/Src/stm32f3xx_hal_pwr.c"
Finished building: ../Drivers/STM32F3xx_HAL_Driver/Src/stm32f3xx_hal_pwr.c
 
Building file: ../Drivers/STM32F3xx_HAL_Driver/Src/stm32f3xx_hal_pwr_ex.c
Invoking: MCU GCC Compiler
/Users/willmitchell/Documents/stm32_workspace/trigseq_rev5_dismembered/Debug
arm-none-eabi-gcc -mcpu=cortex-m4 -mthumb -mfloat-abi=hard -mfpu=fpv4-sp-d16 '-D__weak=__attribute__((weak))' '-D__packed="__attribute__((__packed__))"' -DUSE_HAL_DRIVER -DSTM32F373xC -I"/Users/willmitchell/Documents/stm32_workspace/via_hardware/Middlewares/ST/STM32_TouchSensing_Library/inc" -I"/Users/willmitchell/Documents/stm32_workspace/via_hardware/inc" -I"/Users/willmitchell/Documents/stm32_workspace/via_trigseq/inc" -I"/Users/willmitchell/Documents/stm32_workspace/via_ui/inc" -I../Inc -I"/Users/willmitchell/Documents/stm32_workspace/trigseq_rev5_dismembered/Drivers/STM32F3xx_HAL_Driver/Inc" -I"/Users/willmitchell/Documents/stm32_workspace/trigseq_rev5_dismembered/Drivers/STM32F3xx_HAL_Driver/Inc/Legacy" -I../Middlewares/ST/STM32_TouchSensing_Library/inc -I"/Users/willmitchell/Documents/stm32_workspace/trigseq_rev5_dismembered/Drivers/CMSIS/Device/ST/STM32F3xx/Include" -I"/Users/willmitchell/Documents/stm32_workspace/trigseq_rev5_dismembered/Drivers/CMSIS/Include"  -O3 -g3 -w -Wall -fmessage-length=0 -ffunction-sections -fdata-sections -c -fmessage-length=0 -MMD -MP -MF"Drivers/STM32F3xx_HAL_Driver/Src/stm32f3xx_hal_pwr_ex.d" -MT"Drivers/STM32F3xx_HAL_Driver/Src/stm32f3xx_hal_pwr_ex.o" -o "Drivers/STM32F3xx_HAL_Driver/Src/stm32f3xx_hal_pwr_ex.o" "../Drivers/STM32F3xx_HAL_Driver/Src/stm32f3xx_hal_pwr_ex.c"
Finished building: ../Drivers/STM32F3xx_HAL_Driver/Src/stm32f3xx_hal_pwr_ex.c
 
Building file: ../Drivers/STM32F3xx_HAL_Driver/Src/stm32f3xx_hal_rcc.c
Invoking: MCU GCC Compiler
/Users/willmitchell/Documents/stm32_workspace/trigseq_rev5_dismembered/Debug
arm-none-eabi-gcc -mcpu=cortex-m4 -mthumb -mfloat-abi=hard -mfpu=fpv4-sp-d16 '-D__weak=__attribute__((weak))' '-D__packed="__attribute__((__packed__))"' -DUSE_HAL_DRIVER -DSTM32F373xC -I"/Users/willmitchell/Documents/stm32_workspace/via_hardware/Middlewares/ST/STM32_TouchSensing_Library/inc" -I"/Users/willmitchell/Documents/stm32_workspace/via_hardware/inc" -I"/Users/willmitchell/Documents/stm32_workspace/via_trigseq/inc" -I"/Users/willmitchell/Documents/stm32_workspace/via_ui/inc" -I../Inc -I"/Users/willmitchell/Documents/stm32_workspace/trigseq_rev5_dismembered/Drivers/STM32F3xx_HAL_Driver/Inc" -I"/Users/willmitchell/Documents/stm32_workspace/trigseq_rev5_dismembered/Drivers/STM32F3xx_HAL_Driver/Inc/Legacy" -I../Middlewares/ST/STM32_TouchSensing_Library/inc -I"/Users/willmitchell/Documents/stm32_workspace/trigseq_rev5_dismembered/Drivers/CMSIS/Device/ST/STM32F3xx/Include" -I"/Users/willmitchell/Documents/stm32_workspace/trigseq_rev5_dismembered/Drivers/CMSIS/Include"  -O3 -g3 -w -Wall -fmessage-length=0 -ffunction-sections -fdata-sections -c -fmessage-length=0 -MMD -MP -MF"Drivers/STM32F3xx_HAL_Driver/Src/stm32f3xx_hal_rcc.d" -MT"Drivers/STM32F3xx_HAL_Driver/Src/stm32f3xx_hal_rcc.o" -o "Drivers/STM32F3xx_HAL_Driver/Src/stm32f3xx_hal_rcc.o" "../Drivers/STM32F3xx_HAL_Driver/Src/stm32f3xx_hal_rcc.c"
Finished building: ../Drivers/STM32F3xx_HAL_Driver/Src/stm32f3xx_hal_rcc.c
 
Building file: ../Drivers/STM32F3xx_HAL_Driver/Src/stm32f3xx_hal_rcc_ex.c
Invoking: MCU GCC Compiler
/Users/willmitchell/Documents/stm32_workspace/trigseq_rev5_dismembered/Debug
arm-none-eabi-gcc -mcpu=cortex-m4 -mthumb -mfloat-abi=hard -mfpu=fpv4-sp-d16 '-D__weak=__attribute__((weak))' '-D__packed="__attribute__((__packed__))"' -DUSE_HAL_DRIVER -DSTM32F373xC -I"/Users/willmitchell/Documents/stm32_workspace/via_hardware/Middlewares/ST/STM32_TouchSensing_Library/inc" -I"/Users/willmitchell/Documents/stm32_workspace/via_hardware/inc" -I"/Users/willmitchell/Documents/stm32_workspace/via_trigseq/inc" -I"/Users/willmitchell/Documents/stm32_workspace/via_ui/inc" -I../Inc -I"/Users/willmitchell/Documents/stm32_workspace/trigseq_rev5_dismembered/Drivers/STM32F3xx_HAL_Driver/Inc" -I"/Users/willmitchell/Documents/stm32_workspace/trigseq_rev5_dismembered/Drivers/STM32F3xx_HAL_Driver/Inc/Legacy" -I../Middlewares/ST/STM32_TouchSensing_Library/inc -I"/Users/willmitchell/Documents/stm32_workspace/trigseq_rev5_dismembered/Drivers/CMSIS/Device/ST/STM32F3xx/Include" -I"/Users/willmitchell/Documents/stm32_workspace/trigseq_rev5_dismembered/Drivers/CMSIS/Include"  -O3 -g3 -w -Wall -fmessage-length=0 -ffunction-sections -fdata-sections -c -fmessage-length=0 -MMD -MP -MF"Drivers/STM32F3xx_HAL_Driver/Src/stm32f3xx_hal_rcc_ex.d" -MT"Drivers/STM32F3xx_HAL_Driver/Src/stm32f3xx_hal_rcc_ex.o" -o "Drivers/STM32F3xx_HAL_Driver/Src/stm32f3xx_hal_rcc_ex.o" "../Drivers/STM32F3xx_HAL_Driver/Src/stm32f3xx_hal_rcc_ex.c"
Finished building: ../Drivers/STM32F3xx_HAL_Driver/Src/stm32f3xx_hal_rcc_ex.c
 
Building file: ../Drivers/STM32F3xx_HAL_Driver/Src/stm32f3xx_hal_sdadc.c
Invoking: MCU GCC Compiler
/Users/willmitchell/Documents/stm32_workspace/trigseq_rev5_dismembered/Debug
arm-none-eabi-gcc -mcpu=cortex-m4 -mthumb -mfloat-abi=hard -mfpu=fpv4-sp-d16 '-D__weak=__attribute__((weak))' '-D__packed="__attribute__((__packed__))"' -DUSE_HAL_DRIVER -DSTM32F373xC -I"/Users/willmitchell/Documents/stm32_workspace/via_hardware/Middlewares/ST/STM32_TouchSensing_Library/inc" -I"/Users/willmitchell/Documents/stm32_workspace/via_hardware/inc" -I"/Users/willmitchell/Documents/stm32_workspace/via_trigseq/inc" -I"/Users/willmitchell/Documents/stm32_workspace/via_ui/inc" -I../Inc -I"/Users/willmitchell/Documents/stm32_workspace/trigseq_rev5_dismembered/Drivers/STM32F3xx_HAL_Driver/Inc" -I"/Users/willmitchell/Documents/stm32_workspace/trigseq_rev5_dismembered/Drivers/STM32F3xx_HAL_Driver/Inc/Legacy" -I../Middlewares/ST/STM32_TouchSensing_Library/inc -I"/Users/willmitchell/Documents/stm32_workspace/trigseq_rev5_dismembered/Drivers/CMSIS/Device/ST/STM32F3xx/Include" -I"/Users/willmitchell/Documents/stm32_workspace/trigseq_rev5_dismembered/Drivers/CMSIS/Include"  -O3 -g3 -w -Wall -fmessage-length=0 -ffunction-sections -fdata-sections -c -fmessage-length=0 -MMD -MP -MF"Drivers/STM32F3xx_HAL_Driver/Src/stm32f3xx_hal_sdadc.d" -MT"Drivers/STM32F3xx_HAL_Driver/Src/stm32f3xx_hal_sdadc.o" -o "Drivers/STM32F3xx_HAL_Driver/Src/stm32f3xx_hal_sdadc.o" "../Drivers/STM32F3xx_HAL_Driver/Src/stm32f3xx_hal_sdadc.c"
Finished building: ../Drivers/STM32F3xx_HAL_Driver/Src/stm32f3xx_hal_sdadc.c
 
Building file: ../Drivers/STM32F3xx_HAL_Driver/Src/stm32f3xx_hal_tim.c
Invoking: MCU GCC Compiler
/Users/willmitchell/Documents/stm32_workspace/trigseq_rev5_dismembered/Debug
arm-none-eabi-gcc -mcpu=cortex-m4 -mthumb -mfloat-abi=hard -mfpu=fpv4-sp-d16 '-D__weak=__attribute__((weak))' '-D__packed="__attribute__((__packed__))"' -DUSE_HAL_DRIVER -DSTM32F373xC -I"/Users/willmitchell/Documents/stm32_workspace/via_hardware/Middlewares/ST/STM32_TouchSensing_Library/inc" -I"/Users/willmitchell/Documents/stm32_workspace/via_hardware/inc" -I"/Users/willmitchell/Documents/stm32_workspace/via_trigseq/inc" -I"/Users/willmitchell/Documents/stm32_workspace/via_ui/inc" -I../Inc -I"/Users/willmitchell/Documents/stm32_workspace/trigseq_rev5_dismembered/Drivers/STM32F3xx_HAL_Driver/Inc" -I"/Users/willmitchell/Documents/stm32_workspace/trigseq_rev5_dismembered/Drivers/STM32F3xx_HAL_Driver/Inc/Legacy" -I../Middlewares/ST/STM32_TouchSensing_Library/inc -I"/Users/willmitchell/Documents/stm32_workspace/trigseq_rev5_dismembered/Drivers/CMSIS/Device/ST/STM32F3xx/Include" -I"/Users/willmitchell/Documents/stm32_workspace/trigseq_rev5_dismembered/Drivers/CMSIS/Include"  -O3 -g3 -w -Wall -fmessage-length=0 -ffunction-sections -fdata-sections -c -fmessage-length=0 -MMD -MP -MF"Drivers/STM32F3xx_HAL_Driver/Src/stm32f3xx_hal_tim.d" -MT"Drivers/STM32F3xx_HAL_Driver/Src/stm32f3xx_hal_tim.o" -o "Drivers/STM32F3xx_HAL_Driver/Src/stm32f3xx_hal_tim.o" "../Drivers/STM32F3xx_HAL_Driver/Src/stm32f3xx_hal_tim.c"
Finished building: ../Drivers/STM32F3xx_HAL_Driver/Src/stm32f3xx_hal_tim.c
 
Building file: ../Drivers/STM32F3xx_HAL_Driver/Src/stm32f3xx_hal_tim_ex.c
Invoking: MCU GCC Compiler
/Users/willmitchell/Documents/stm32_workspace/trigseq_rev5_dismembered/Debug
arm-none-eabi-gcc -mcpu=cortex-m4 -mthumb -mfloat-abi=hard -mfpu=fpv4-sp-d16 '-D__weak=__attribute__((weak))' '-D__packed="__attribute__((__packed__))"' -DUSE_HAL_DRIVER -DSTM32F373xC -I"/Users/willmitchell/Documents/stm32_workspace/via_hardware/Middlewares/ST/STM32_TouchSensing_Library/inc" -I"/Users/willmitchell/Documents/stm32_workspace/via_hardware/inc" -I"/Users/willmitchell/Documents/stm32_workspace/via_trigseq/inc" -I"/Users/willmitchell/Documents/stm32_workspace/via_ui/inc" -I../Inc -I"/Users/willmitchell/Documents/stm32_workspace/trigseq_rev5_dismembered/Drivers/STM32F3xx_HAL_Driver/Inc" -I"/Users/willmitchell/Documents/stm32_workspace/trigseq_rev5_dismembered/Drivers/STM32F3xx_HAL_Driver/Inc/Legacy" -I../Middlewares/ST/STM32_TouchSensing_Library/inc -I"/Users/willmitchell/Documents/stm32_workspace/trigseq_rev5_dismembered/Drivers/CMSIS/Device/ST/STM32F3xx/Include" -I"/Users/willmitchell/Documents/stm32_workspace/trigseq_rev5_dismembered/Drivers/CMSIS/Include"  -O3 -g3 -w -Wall -fmessage-length=0 -ffunction-sections -fdata-sections -c -fmessage-length=0 -MMD -MP -MF"Drivers/STM32F3xx_HAL_Driver/Src/stm32f3xx_hal_tim_ex.d" -MT"Drivers/STM32F3xx_HAL_Driver/Src/stm32f3xx_hal_tim_ex.o" -o "Drivers/STM32F3xx_HAL_Driver/Src/stm32f3xx_hal_tim_ex.o" "../Drivers/STM32F3xx_HAL_Driver/Src/stm32f3xx_hal_tim_ex.c"
Finished building: ../Drivers/STM32F3xx_HAL_Driver/Src/stm32f3xx_hal_tim_ex.c
 
Building file: ../Drivers/STM32F3xx_HAL_Driver/Src/stm32f3xx_hal_tsc.c
Invoking: MCU GCC Compiler
/Users/willmitchell/Documents/stm32_workspace/trigseq_rev5_dismembered/Debug
arm-none-eabi-gcc -mcpu=cortex-m4 -mthumb -mfloat-abi=hard -mfpu=fpv4-sp-d16 '-D__weak=__attribute__((weak))' '-D__packed="__attribute__((__packed__))"' -DUSE_HAL_DRIVER -DSTM32F373xC -I"/Users/willmitchell/Documents/stm32_workspace/via_hardware/Middlewares/ST/STM32_TouchSensing_Library/inc" -I"/Users/willmitchell/Documents/stm32_workspace/via_hardware/inc" -I"/Users/willmitchell/Documents/stm32_workspace/via_trigseq/inc" -I"/Users/willmitchell/Documents/stm32_workspace/via_ui/inc" -I../Inc -I"/Users/willmitchell/Documents/stm32_workspace/trigseq_rev5_dismembered/Drivers/STM32F3xx_HAL_Driver/Inc" -I"/Users/willmitchell/Documents/stm32_workspace/trigseq_rev5_dismembered/Drivers/STM32F3xx_HAL_Driver/Inc/Legacy" -I../Middlewares/ST/STM32_TouchSensing_Library/inc -I"/Users/willmitchell/Documents/stm32_workspace/trigseq_rev5_dismembered/Drivers/CMSIS/Device/ST/STM32F3xx/Include" -I"/Users/willmitchell/Documents/stm32_workspace/trigseq_rev5_dismembered/Drivers/CMSIS/Include"  -O3 -g3 -w -Wall -fmessage-length=0 -ffunction-sections -fdata-sections -c -fmessage-length=0 -MMD -MP -MF"Drivers/STM32F3xx_HAL_Driver/Src/stm32f3xx_hal_tsc.d" -MT"Drivers/STM32F3xx_HAL_Driver/Src/stm32f3xx_hal_tsc.o" -o "Drivers/STM32F3xx_HAL_Driver/Src/stm32f3xx_hal_tsc.o" "../Drivers/STM32F3xx_HAL_Driver/Src/stm32f3xx_hal_tsc.c"
Finished building: ../Drivers/STM32F3xx_HAL_Driver/Src/stm32f3xx_hal_tsc.c
 
Building target: trigseq_rev5_dismembered.elf
Invoking: MCU GCC Linker
arm-none-eabi-gcc -mcpu=cortex-m4 -mthumb -mfloat-abi=hard -mfpu=fpv4-sp-d16 -L"/Users/willmitchell/Documents/stm32_workspace/via_ui/Release" -L"/Users/willmitchell/Documents/stm32_workspace/via_trigseq/Release" -L"/Users/willmitchell/Documents/stm32_workspace/via_hardware/Release" -L"/Users/willmitchell/Documents/stm32_workspace/trigseq_rev5_dismembered/Lib"  -specs=nosys.specs -specs=nano.specs -T"../STM32F373CCTx_FLASH.ld" -Wl,-Map=output.map -Wl,--gc-sections -o "trigseq_rev5_dismembered.elf" @"objects.list"  -lvia_ui -lvia_hardware -lvia_trigseq -larm_cortexM4lf_math -lm
Finished building target: trigseq_rev5_dismembered.elf
 
/Applications/Xcode.app/Contents/Developer/usr/bin/make --no-print-directory post-build
Generating binary and Printing size information:
arm-none-eabi-objcopy -O binary "trigseq_rev5_dismembered.elf" "trigseq_rev5_dismembered.bin"
arm-none-eabi-size "trigseq_rev5_dismembered.elf"
   text	   data	    bss	    dec	    hex	filename
  34484	    600	   3888	  38972	   983c	trigseq_rev5_dismembered.elf
 

22:35:26 Build Finished (took 6s.161ms)

