05:41:07 **** Build of configuration Debug for project via_trigseq ****
make all 
Building file: ../Src/trigseq_hardware_io.c
Invoking: MCU GCC Compiler
/Users/willmitchell/Documents/stm32_workspace/via_trigseq/Debug
arm-none-eabi-gcc -mcpu=cortex-m4 -mthumb -mfloat-abi=hard -mfpu=fpv4-sp-d16 '-D__weak=__attribute__((weak))' '-D__packed="__attribute__((__packed__))"' -DUSE_HAL_DRIVER -DSTM32F373xC -I"/Users/willmitchell/Documents/stm32_workspace/via_ui/inc" -I"/Users/willmitchell/Documents/stm32_workspace/via_hardware/Middlewares/ST/STM32_TouchSensing_Library/inc" -I"/Users/willmitchell/Documents/stm32_workspace/via_hardware/inc" -I"/Users/willmitchell/Documents/stm32_workspace/via_trigseq/Inc" -I"/Users/willmitchell/Documents/stm32_workspace/via_trigseq/Drivers/STM32F3xx_HAL_Driver/Inc" -I"/Users/willmitchell/Documents/stm32_workspace/via_trigseq/Drivers/STM32F3xx_HAL_Driver/Inc/Legacy" -I../Middlewares/ST/STM32_TouchSensing_Library/inc -I"/Users/willmitchell/Documents/stm32_workspace/via_trigseq/Drivers/CMSIS/Device/ST/STM32F3xx/Include" -I"/Users/willmitchell/Documents/stm32_workspace/via_trigseq/Drivers/CMSIS/Include"  -O0 -g3 -Wall -fmessage-length=0 -ffunction-sections -c -MMD -MP -MF"Src/trigseq_hardware_io.d" -MT"Src/trigseq_hardware_io.o" -o "Src/trigseq_hardware_io.o" "../Src/trigseq_hardware_io.c"
../Src/trigseq_hardware_io.c: In function 'handleConversionSlow':
../Src/trigseq_hardware_io.c:291:13: warning: unused variable 'pwmCounter' [-Wunused-variable]
  static int pwmCounter;
             ^~~~~~~~~~
At top level:
../Src/trigseq_hardware_io.c:291:13: warning: 'pwmCounter' defined but not used [-Wunused-variable]
Finished building: ../Src/trigseq_hardware_io.c
 
Building file: ../Src/trigseq_init.c
Invoking: MCU GCC Compiler
/Users/willmitchell/Documents/stm32_workspace/via_trigseq/Debug
arm-none-eabi-gcc -mcpu=cortex-m4 -mthumb -mfloat-abi=hard -mfpu=fpv4-sp-d16 '-D__weak=__attribute__((weak))' '-D__packed="__attribute__((__packed__))"' -DUSE_HAL_DRIVER -DSTM32F373xC -I"/Users/willmitchell/Documents/stm32_workspace/via_ui/inc" -I"/Users/willmitchell/Documents/stm32_workspace/via_hardware/Middlewares/ST/STM32_TouchSensing_Library/inc" -I"/Users/willmitchell/Documents/stm32_workspace/via_hardware/inc" -I"/Users/willmitchell/Documents/stm32_workspace/via_trigseq/Inc" -I"/Users/willmitchell/Documents/stm32_workspace/via_trigseq/Drivers/STM32F3xx_HAL_Driver/Inc" -I"/Users/willmitchell/Documents/stm32_workspace/via_trigseq/Drivers/STM32F3xx_HAL_Driver/Inc/Legacy" -I../Middlewares/ST/STM32_TouchSensing_Library/inc -I"/Users/willmitchell/Documents/stm32_workspace/via_trigseq/Drivers/CMSIS/Device/ST/STM32F3xx/Include" -I"/Users/willmitchell/Documents/stm32_workspace/via_trigseq/Drivers/CMSIS/Include"  -O0 -g3 -Wall -fmessage-length=0 -ffunction-sections -c -MMD -MP -MF"Src/trigseq_init.d" -MT"Src/trigseq_init.o" -o "Src/trigseq_init.o" "../Src/trigseq_init.c"
../Src/trigseq_init.c:9:17: warning: 'VirtAddVarTab' initialized and declared 'extern'
 extern uint16_t VirtAddVarTab[NB_OF_VAR] = {0x1, 0x2, 0x3, 0x4, 0x5, 0x6, 0x7, 0x8, 0x9, 0x10, 0x11, 0x12, 0x13, 0x14, 0x15, 0x16};
                 ^~~~~~~~~~~~~
Finished building: ../Src/trigseq_init.c
 
Building file: ../Src/trigseq_interrupt_handlers.c
Invoking: MCU GCC Compiler
/Users/willmitchell/Documents/stm32_workspace/via_trigseq/Debug
arm-none-eabi-gcc -mcpu=cortex-m4 -mthumb -mfloat-abi=hard -mfpu=fpv4-sp-d16 '-D__weak=__attribute__((weak))' '-D__packed="__attribute__((__packed__))"' -DUSE_HAL_DRIVER -DSTM32F373xC -I"/Users/willmitchell/Documents/stm32_workspace/via_ui/inc" -I"/Users/willmitchell/Documents/stm32_workspace/via_hardware/Middlewares/ST/STM32_TouchSensing_Library/inc" -I"/Users/willmitchell/Documents/stm32_workspace/via_hardware/inc" -I"/Users/willmitchell/Documents/stm32_workspace/via_trigseq/Inc" -I"/Users/willmitchell/Documents/stm32_workspace/via_trigseq/Drivers/STM32F3xx_HAL_Driver/Inc" -I"/Users/willmitchell/Documents/stm32_workspace/via_trigseq/Drivers/STM32F3xx_HAL_Driver/Inc/Legacy" -I../Middlewares/ST/STM32_TouchSensing_Library/inc -I"/Users/willmitchell/Documents/stm32_workspace/via_trigseq/Drivers/CMSIS/Device/ST/STM32F3xx/Include" -I"/Users/willmitchell/Documents/stm32_workspace/via_trigseq/Drivers/CMSIS/Include"  -O0 -g3 -Wall -fmessage-length=0 -ffunction-sections -c -MMD -MP -MF"Src/trigseq_interrupt_handlers.d" -MT"Src/trigseq_interrupt_handlers.o" -o "Src/trigseq_interrupt_handlers.o" "../Src/trigseq_interrupt_handlers.c"
Finished building: ../Src/trigseq_interrupt_handlers.c
 
Building file: ../Src/trigseq_patterns.c
Invoking: MCU GCC Compiler
/Users/willmitchell/Documents/stm32_workspace/via_trigseq/Debug
arm-none-eabi-gcc -mcpu=cortex-m4 -mthumb -mfloat-abi=hard -mfpu=fpv4-sp-d16 '-D__weak=__attribute__((weak))' '-D__packed="__attribute__((__packed__))"' -DUSE_HAL_DRIVER -DSTM32F373xC -I"/Users/willmitchell/Documents/stm32_workspace/via_ui/inc" -I"/Users/willmitchell/Documents/stm32_workspace/via_hardware/Middlewares/ST/STM32_TouchSensing_Library/inc" -I"/Users/willmitchell/Documents/stm32_workspace/via_hardware/inc" -I"/Users/willmitchell/Documents/stm32_workspace/via_trigseq/Inc" -I"/Users/willmitchell/Documents/stm32_workspace/via_trigseq/Drivers/STM32F3xx_HAL_Driver/Inc" -I"/Users/willmitchell/Documents/stm32_workspace/via_trigseq/Drivers/STM32F3xx_HAL_Driver/Inc/Legacy" -I../Middlewares/ST/STM32_TouchSensing_Library/inc -I"/Users/willmitchell/Documents/stm32_workspace/via_trigseq/Drivers/CMSIS/Device/ST/STM32F3xx/Include" -I"/Users/willmitchell/Documents/stm32_workspace/via_trigseq/Drivers/CMSIS/Include"  -O0 -g3 -Wall -fmessage-length=0 -ffunction-sections -c -MMD -MP -MF"Src/trigseq_patterns.d" -MT"Src/trigseq_patterns.o" -o "Src/trigseq_patterns.o" "../Src/trigseq_patterns.c"
../Src/trigseq_patterns.c: In function 'initializePatterns':
../Src/trigseq_patterns.c:8:20: warning: assignment discards 'const' qualifier from pointer target type [-Wdiscarded-qualifiers]
    patternBanks[0] = &euclidean_simple;
                    ^
../Src/trigseq_patterns.c:9:20: warning: assignment discards 'const' qualifier from pointer target type [-Wdiscarded-qualifiers]
    patternBanks[1] = &euclidean_2vs3;
                    ^
../Src/trigseq_patterns.c:10:20: warning: assignment discards 'const' qualifier from pointer target type [-Wdiscarded-qualifiers]
    patternBanks[2] = &euclidean_3_2multvs2_3mult;
                    ^
../Src/trigseq_patterns.c:11:20: warning: assignment discards 'const' qualifier from pointer target type [-Wdiscarded-qualifiers]
    patternBanks[3] = &euclidean_12vs16odd;
                    ^
../Src/trigseq_patterns.c:12:20: warning: assignment discards 'const' qualifier from pointer target type [-Wdiscarded-qualifiers]
    patternBanks[4] = &euclidean_16vs32odd;
                    ^
../Src/trigseq_patterns.c:13:20: warning: assignment discards 'const' qualifier from pointer target type [-Wdiscarded-qualifiers]
    patternBanks[5] = &euclidean_16vs32noprimes;
                    ^
../Src/trigseq_patterns.c:14:20: warning: assignment discards 'const' qualifier from pointer target type [-Wdiscarded-qualifiers]
    patternBanks[6] = &euclidean_divider;
                    ^
../Src/trigseq_patterns.c:15:20: warning: assignment discards 'const' qualifier from pointer target type [-Wdiscarded-qualifiers]
    patternBanks[7] = &euclidean_doubled_divider;
                    ^
Finished building: ../Src/trigseq_patterns.c
 
Building file: ../Src/trigseq_sequence_functions.c
Invoking: MCU GCC Compiler
/Users/willmitchell/Documents/stm32_workspace/via_trigseq/Debug
arm-none-eabi-gcc -mcpu=cortex-m4 -mthumb -mfloat-abi=hard -mfpu=fpv4-sp-d16 '-D__weak=__attribute__((weak))' '-D__packed="__attribute__((__packed__))"' -DUSE_HAL_DRIVER -DSTM32F373xC -I"/Users/willmitchell/Documents/stm32_workspace/via_ui/inc" -I"/Users/willmitchell/Documents/stm32_workspace/via_hardware/Middlewares/ST/STM32_TouchSensing_Library/inc" -I"/Users/willmitchell/Documents/stm32_workspace/via_hardware/inc" -I"/Users/willmitchell/Documents/stm32_workspace/via_trigseq/Inc" -I"/Users/willmitchell/Documents/stm32_workspace/via_trigseq/Drivers/STM32F3xx_HAL_Driver/Inc" -I"/Users/willmitchell/Documents/stm32_workspace/via_trigseq/Drivers/STM32F3xx_HAL_Driver/Inc/Legacy" -I../Middlewares/ST/STM32_TouchSensing_Library/inc -I"/Users/willmitchell/Documents/stm32_workspace/via_trigseq/Drivers/CMSIS/Device/ST/STM32F3xx/Include" -I"/Users/willmitchell/Documents/stm32_workspace/via_trigseq/Drivers/CMSIS/Include"  -O0 -g3 -Wall -fmessage-length=0 -ffunction-sections -c -MMD -MP -MF"Src/trigseq_sequence_functions.d" -MT"Src/trigseq_sequence_functions.o" -o "Src/trigseq_sequence_functions.o" "../Src/trigseq_sequence_functions.c"
Finished building: ../Src/trigseq_sequence_functions.c
 
Building file: ../Src/trigseq_ui_implementation.c
Invoking: MCU GCC Compiler
/Users/willmitchell/Documents/stm32_workspace/via_trigseq/Debug
arm-none-eabi-gcc -mcpu=cortex-m4 -mthumb -mfloat-abi=hard -mfpu=fpv4-sp-d16 '-D__weak=__attribute__((weak))' '-D__packed="__attribute__((__packed__))"' -DUSE_HAL_DRIVER -DSTM32F373xC -I"/Users/willmitchell/Documents/stm32_workspace/via_ui/inc" -I"/Users/willmitchell/Documents/stm32_workspace/via_hardware/Middlewares/ST/STM32_TouchSensing_Library/inc" -I"/Users/willmitchell/Documents/stm32_workspace/via_hardware/inc" -I"/Users/willmitchell/Documents/stm32_workspace/via_trigseq/Inc" -I"/Users/willmitchell/Documents/stm32_workspace/via_trigseq/Drivers/STM32F3xx_HAL_Driver/Inc" -I"/Users/willmitchell/Documents/stm32_workspace/via_trigseq/Drivers/STM32F3xx_HAL_Driver/Inc/Legacy" -I../Middlewares/ST/STM32_TouchSensing_Library/inc -I"/Users/willmitchell/Documents/stm32_workspace/via_trigseq/Drivers/CMSIS/Device/ST/STM32F3xx/Include" -I"/Users/willmitchell/Documents/stm32_workspace/via_trigseq/Drivers/CMSIS/Include"  -O0 -g3 -Wall -fmessage-length=0 -ffunction-sections -c -MMD -MP -MF"Src/trigseq_ui_implementation.d" -MT"Src/trigseq_ui_implementation.o" -o "Src/trigseq_ui_implementation.o" "../Src/trigseq_ui_implementation.c"
../Src/trigseq_ui_implementation.c: In function 'handleButton5Tap':
../Src/trigseq_ui_implementation.c:65:2: warning: implicit declaration of function 'handleButton5ModeChange'; did you mean 'handleButon5ModeChange'? [-Wimplicit-function-declaration]
  handleButton5ModeChange(AND_B_MODE);
  ^~~~~~~~~~~~~~~~~~~~~~~
  handleButon5ModeChange
../Src/trigseq_ui_implementation.c: In function 'handleButton6Tap':
../Src/trigseq_ui_implementation.c:72:2: warning: implicit declaration of function 'handleButton6ModeChange'; did you mean 'handleButon6ModeChange'? [-Wimplicit-function-declaration]
  handleButton6ModeChange(B_PATTERN_BANK);
  ^~~~~~~~~~~~~~~~~~~~~~~
  handleButon6ModeChange
../Src/trigseq_ui_implementation.c: In function 'handleAux2Tap':
../Src/trigseq_ui_implementation.c:80:2: warning: implicit declaration of function 'handleAux2ModeChange'; did you mean 'handleButon6ModeChange'? [-Wimplicit-function-declaration]
  handleAux2ModeChange(LOGIC_MODE);
  ^~~~~~~~~~~~~~~~~~~~
  handleButon6ModeChange
../Src/trigseq_ui_implementation.c: At top level:
../Src/trigseq_ui_implementation.c:144:6: warning: conflicting types for 'handleButton5ModeChange'
 void handleButton5ModeChange(int mode) {
      ^~~~~~~~~~~~~~~~~~~~~~~
../Src/trigseq_ui_implementation.c:65:2: note: previous implicit declaration of 'handleButton5ModeChange' was here
  handleButton5ModeChange(AND_B_MODE);
  ^~~~~~~~~~~~~~~~~~~~~~~
../Src/trigseq_ui_implementation.c:150:6: warning: conflicting types for 'handleButton6ModeChange'
 void handleButton6ModeChange(int mode) {
      ^~~~~~~~~~~~~~~~~~~~~~~
../Src/trigseq_ui_implementation.c:72:2: note: previous implicit declaration of 'handleButton6ModeChange' was here
  handleButton6ModeChange(B_PATTERN_BANK);
  ^~~~~~~~~~~~~~~~~~~~~~~
../Src/trigseq_ui_implementation.c:156:6: warning: conflicting types for 'handleAux2ModeChange'
 void handleAux2ModeChange(int mode) {
      ^~~~~~~~~~~~~~~~~~~~
../Src/trigseq_ui_implementation.c:80:2: note: previous implicit declaration of 'handleAux2ModeChange' was here
  handleAux2ModeChange(LOGIC_MODE);
  ^~~~~~~~~~~~~~~~~~~~
Finished building: ../Src/trigseq_ui_implementation.c
 
Building file: ../Src/tsl_user.c
Invoking: MCU GCC Compiler
/Users/willmitchell/Documents/stm32_workspace/via_trigseq/Debug
arm-none-eabi-gcc -mcpu=cortex-m4 -mthumb -mfloat-abi=hard -mfpu=fpv4-sp-d16 '-D__weak=__attribute__((weak))' '-D__packed="__attribute__((__packed__))"' -DUSE_HAL_DRIVER -DSTM32F373xC -I"/Users/willmitchell/Documents/stm32_workspace/via_ui/inc" -I"/Users/willmitchell/Documents/stm32_workspace/via_hardware/Middlewares/ST/STM32_TouchSensing_Library/inc" -I"/Users/willmitchell/Documents/stm32_workspace/via_hardware/inc" -I"/Users/willmitchell/Documents/stm32_workspace/via_trigseq/Inc" -I"/Users/willmitchell/Documents/stm32_workspace/via_trigseq/Drivers/STM32F3xx_HAL_Driver/Inc" -I"/Users/willmitchell/Documents/stm32_workspace/via_trigseq/Drivers/STM32F3xx_HAL_Driver/Inc/Legacy" -I../Middlewares/ST/STM32_TouchSensing_Library/inc -I"/Users/willmitchell/Documents/stm32_workspace/via_trigseq/Drivers/CMSIS/Device/ST/STM32F3xx/Include" -I"/Users/willmitchell/Documents/stm32_workspace/via_trigseq/Drivers/CMSIS/Include"  -O0 -g3 -Wall -fmessage-length=0 -ffunction-sections -c -MMD -MP -MF"Src/tsl_user.d" -MT"Src/tsl_user.o" -o "Src/tsl_user.o" "../Src/tsl_user.c"
Finished building: ../Src/tsl_user.c
 
Building file: ../Drivers/STM32F3xx_HAL_Driver/Src/stm32f3xx_hal.c
Invoking: MCU GCC Compiler
/Users/willmitchell/Documents/stm32_workspace/via_trigseq/Debug
arm-none-eabi-gcc -mcpu=cortex-m4 -mthumb -mfloat-abi=hard -mfpu=fpv4-sp-d16 '-D__weak=__attribute__((weak))' '-D__packed="__attribute__((__packed__))"' -DUSE_HAL_DRIVER -DSTM32F373xC -I"/Users/willmitchell/Documents/stm32_workspace/via_ui/inc" -I"/Users/willmitchell/Documents/stm32_workspace/via_hardware/Middlewares/ST/STM32_TouchSensing_Library/inc" -I"/Users/willmitchell/Documents/stm32_workspace/via_hardware/inc" -I"/Users/willmitchell/Documents/stm32_workspace/via_trigseq/Inc" -I"/Users/willmitchell/Documents/stm32_workspace/via_trigseq/Drivers/STM32F3xx_HAL_Driver/Inc" -I"/Users/willmitchell/Documents/stm32_workspace/via_trigseq/Drivers/STM32F3xx_HAL_Driver/Inc/Legacy" -I../Middlewares/ST/STM32_TouchSensing_Library/inc -I"/Users/willmitchell/Documents/stm32_workspace/via_trigseq/Drivers/CMSIS/Device/ST/STM32F3xx/Include" -I"/Users/willmitchell/Documents/stm32_workspace/via_trigseq/Drivers/CMSIS/Include"  -O0 -g3 -Wall -fmessage-length=0 -ffunction-sections -c -MMD -MP -MF"Drivers/STM32F3xx_HAL_Driver/Src/stm32f3xx_hal.d" -MT"Drivers/STM32F3xx_HAL_Driver/Src/stm32f3xx_hal.o" -o "Drivers/STM32F3xx_HAL_Driver/Src/stm32f3xx_hal.o" "../Drivers/STM32F3xx_HAL_Driver/Src/stm32f3xx_hal.c"
Finished building: ../Drivers/STM32F3xx_HAL_Driver/Src/stm32f3xx_hal.c
 
Building file: ../Drivers/STM32F3xx_HAL_Driver/Src/stm32f3xx_hal_adc.c
Invoking: MCU GCC Compiler
/Users/willmitchell/Documents/stm32_workspace/via_trigseq/Debug
arm-none-eabi-gcc -mcpu=cortex-m4 -mthumb -mfloat-abi=hard -mfpu=fpv4-sp-d16 '-D__weak=__attribute__((weak))' '-D__packed="__attribute__((__packed__))"' -DUSE_HAL_DRIVER -DSTM32F373xC -I"/Users/willmitchell/Documents/stm32_workspace/via_ui/inc" -I"/Users/willmitchell/Documents/stm32_workspace/via_hardware/Middlewares/ST/STM32_TouchSensing_Library/inc" -I"/Users/willmitchell/Documents/stm32_workspace/via_hardware/inc" -I"/Users/willmitchell/Documents/stm32_workspace/via_trigseq/Inc" -I"/Users/willmitchell/Documents/stm32_workspace/via_trigseq/Drivers/STM32F3xx_HAL_Driver/Inc" -I"/Users/willmitchell/Documents/stm32_workspace/via_trigseq/Drivers/STM32F3xx_HAL_Driver/Inc/Legacy" -I../Middlewares/ST/STM32_TouchSensing_Library/inc -I"/Users/willmitchell/Documents/stm32_workspace/via_trigseq/Drivers/CMSIS/Device/ST/STM32F3xx/Include" -I"/Users/willmitchell/Documents/stm32_workspace/via_trigseq/Drivers/CMSIS/Include"  -O0 -g3 -Wall -fmessage-length=0 -ffunction-sections -c -MMD -MP -MF"Drivers/STM32F3xx_HAL_Driver/Src/stm32f3xx_hal_adc.d" -MT"Drivers/STM32F3xx_HAL_Driver/Src/stm32f3xx_hal_adc.o" -o "Drivers/STM32F3xx_HAL_Driver/Src/stm32f3xx_hal_adc.o" "../Drivers/STM32F3xx_HAL_Driver/Src/stm32f3xx_hal_adc.c"
Finished building: ../Drivers/STM32F3xx_HAL_Driver/Src/stm32f3xx_hal_adc.c
 
Building file: ../Drivers/STM32F3xx_HAL_Driver/Src/stm32f3xx_hal_adc_ex.c
Invoking: MCU GCC Compiler
/Users/willmitchell/Documents/stm32_workspace/via_trigseq/Debug
arm-none-eabi-gcc -mcpu=cortex-m4 -mthumb -mfloat-abi=hard -mfpu=fpv4-sp-d16 '-D__weak=__attribute__((weak))' '-D__packed="__attribute__((__packed__))"' -DUSE_HAL_DRIVER -DSTM32F373xC -I"/Users/willmitchell/Documents/stm32_workspace/via_ui/inc" -I"/Users/willmitchell/Documents/stm32_workspace/via_hardware/Middlewares/ST/STM32_TouchSensing_Library/inc" -I"/Users/willmitchell/Documents/stm32_workspace/via_hardware/inc" -I"/Users/willmitchell/Documents/stm32_workspace/via_trigseq/Inc" -I"/Users/willmitchell/Documents/stm32_workspace/via_trigseq/Drivers/STM32F3xx_HAL_Driver/Inc" -I"/Users/willmitchell/Documents/stm32_workspace/via_trigseq/Drivers/STM32F3xx_HAL_Driver/Inc/Legacy" -I../Middlewares/ST/STM32_TouchSensing_Library/inc -I"/Users/willmitchell/Documents/stm32_workspace/via_trigseq/Drivers/CMSIS/Device/ST/STM32F3xx/Include" -I"/Users/willmitchell/Documents/stm32_workspace/via_trigseq/Drivers/CMSIS/Include"  -O0 -g3 -Wall -fmessage-length=0 -ffunction-sections -c -MMD -MP -MF"Drivers/STM32F3xx_HAL_Driver/Src/stm32f3xx_hal_adc_ex.d" -MT"Drivers/STM32F3xx_HAL_Driver/Src/stm32f3xx_hal_adc_ex.o" -o "Drivers/STM32F3xx_HAL_Driver/Src/stm32f3xx_hal_adc_ex.o" "../Drivers/STM32F3xx_HAL_Driver/Src/stm32f3xx_hal_adc_ex.c"
Finished building: ../Drivers/STM32F3xx_HAL_Driver/Src/stm32f3xx_hal_adc_ex.c
 
Building file: ../Drivers/STM32F3xx_HAL_Driver/Src/stm32f3xx_hal_cortex.c
Invoking: MCU GCC Compiler
/Users/willmitchell/Documents/stm32_workspace/via_trigseq/Debug
arm-none-eabi-gcc -mcpu=cortex-m4 -mthumb -mfloat-abi=hard -mfpu=fpv4-sp-d16 '-D__weak=__attribute__((weak))' '-D__packed="__attribute__((__packed__))"' -DUSE_HAL_DRIVER -DSTM32F373xC -I"/Users/willmitchell/Documents/stm32_workspace/via_ui/inc" -I"/Users/willmitchell/Documents/stm32_workspace/via_hardware/Middlewares/ST/STM32_TouchSensing_Library/inc" -I"/Users/willmitchell/Documents/stm32_workspace/via_hardware/inc" -I"/Users/willmitchell/Documents/stm32_workspace/via_trigseq/Inc" -I"/Users/willmitchell/Documents/stm32_workspace/via_trigseq/Drivers/STM32F3xx_HAL_Driver/Inc" -I"/Users/willmitchell/Documents/stm32_workspace/via_trigseq/Drivers/STM32F3xx_HAL_Driver/Inc/Legacy" -I../Middlewares/ST/STM32_TouchSensing_Library/inc -I"/Users/willmitchell/Documents/stm32_workspace/via_trigseq/Drivers/CMSIS/Device/ST/STM32F3xx/Include" -I"/Users/willmitchell/Documents/stm32_workspace/via_trigseq/Drivers/CMSIS/Include"  -O0 -g3 -Wall -fmessage-length=0 -ffunction-sections -c -MMD -MP -MF"Drivers/STM32F3xx_HAL_Driver/Src/stm32f3xx_hal_cortex.d" -MT"Drivers/STM32F3xx_HAL_Driver/Src/stm32f3xx_hal_cortex.o" -o "Drivers/STM32F3xx_HAL_Driver/Src/stm32f3xx_hal_cortex.o" "../Drivers/STM32F3xx_HAL_Driver/Src/stm32f3xx_hal_cortex.c"
Finished building: ../Drivers/STM32F3xx_HAL_Driver/Src/stm32f3xx_hal_cortex.c
 
Building file: ../Drivers/STM32F3xx_HAL_Driver/Src/stm32f3xx_hal_dac.c
Invoking: MCU GCC Compiler
/Users/willmitchell/Documents/stm32_workspace/via_trigseq/Debug
arm-none-eabi-gcc -mcpu=cortex-m4 -mthumb -mfloat-abi=hard -mfpu=fpv4-sp-d16 '-D__weak=__attribute__((weak))' '-D__packed="__attribute__((__packed__))"' -DUSE_HAL_DRIVER -DSTM32F373xC -I"/Users/willmitchell/Documents/stm32_workspace/via_ui/inc" -I"/Users/willmitchell/Documents/stm32_workspace/via_hardware/Middlewares/ST/STM32_TouchSensing_Library/inc" -I"/Users/willmitchell/Documents/stm32_workspace/via_hardware/inc" -I"/Users/willmitchell/Documents/stm32_workspace/via_trigseq/Inc" -I"/Users/willmitchell/Documents/stm32_workspace/via_trigseq/Drivers/STM32F3xx_HAL_Driver/Inc" -I"/Users/willmitchell/Documents/stm32_workspace/via_trigseq/Drivers/STM32F3xx_HAL_Driver/Inc/Legacy" -I../Middlewares/ST/STM32_TouchSensing_Library/inc -I"/Users/willmitchell/Documents/stm32_workspace/via_trigseq/Drivers/CMSIS/Device/ST/STM32F3xx/Include" -I"/Users/willmitchell/Documents/stm32_workspace/via_trigseq/Drivers/CMSIS/Include"  -O0 -g3 -Wall -fmessage-length=0 -ffunction-sections -c -MMD -MP -MF"Drivers/STM32F3xx_HAL_Driver/Src/stm32f3xx_hal_dac.d" -MT"Drivers/STM32F3xx_HAL_Driver/Src/stm32f3xx_hal_dac.o" -o "Drivers/STM32F3xx_HAL_Driver/Src/stm32f3xx_hal_dac.o" "../Drivers/STM32F3xx_HAL_Driver/Src/stm32f3xx_hal_dac.c"
Finished building: ../Drivers/STM32F3xx_HAL_Driver/Src/stm32f3xx_hal_dac.c
 
Building file: ../Drivers/STM32F3xx_HAL_Driver/Src/stm32f3xx_hal_dac_ex.c
Invoking: MCU GCC Compiler
/Users/willmitchell/Documents/stm32_workspace/via_trigseq/Debug
arm-none-eabi-gcc -mcpu=cortex-m4 -mthumb -mfloat-abi=hard -mfpu=fpv4-sp-d16 '-D__weak=__attribute__((weak))' '-D__packed="__attribute__((__packed__))"' -DUSE_HAL_DRIVER -DSTM32F373xC -I"/Users/willmitchell/Documents/stm32_workspace/via_ui/inc" -I"/Users/willmitchell/Documents/stm32_workspace/via_hardware/Middlewares/ST/STM32_TouchSensing_Library/inc" -I"/Users/willmitchell/Documents/stm32_workspace/via_hardware/inc" -I"/Users/willmitchell/Documents/stm32_workspace/via_trigseq/Inc" -I"/Users/willmitchell/Documents/stm32_workspace/via_trigseq/Drivers/STM32F3xx_HAL_Driver/Inc" -I"/Users/willmitchell/Documents/stm32_workspace/via_trigseq/Drivers/STM32F3xx_HAL_Driver/Inc/Legacy" -I../Middlewares/ST/STM32_TouchSensing_Library/inc -I"/Users/willmitchell/Documents/stm32_workspace/via_trigseq/Drivers/CMSIS/Device/ST/STM32F3xx/Include" -I"/Users/willmitchell/Documents/stm32_workspace/via_trigseq/Drivers/CMSIS/Include"  -O0 -g3 -Wall -fmessage-length=0 -ffunction-sections -c -MMD -MP -MF"Drivers/STM32F3xx_HAL_Driver/Src/stm32f3xx_hal_dac_ex.d" -MT"Drivers/STM32F3xx_HAL_Driver/Src/stm32f3xx_hal_dac_ex.o" -o "Drivers/STM32F3xx_HAL_Driver/Src/stm32f3xx_hal_dac_ex.o" "../Drivers/STM32F3xx_HAL_Driver/Src/stm32f3xx_hal_dac_ex.c"
Finished building: ../Drivers/STM32F3xx_HAL_Driver/Src/stm32f3xx_hal_dac_ex.c
 
Building file: ../Drivers/STM32F3xx_HAL_Driver/Src/stm32f3xx_hal_dma.c
Invoking: MCU GCC Compiler
/Users/willmitchell/Documents/stm32_workspace/via_trigseq/Debug
arm-none-eabi-gcc -mcpu=cortex-m4 -mthumb -mfloat-abi=hard -mfpu=fpv4-sp-d16 '-D__weak=__attribute__((weak))' '-D__packed="__attribute__((__packed__))"' -DUSE_HAL_DRIVER -DSTM32F373xC -I"/Users/willmitchell/Documents/stm32_workspace/via_ui/inc" -I"/Users/willmitchell/Documents/stm32_workspace/via_hardware/Middlewares/ST/STM32_TouchSensing_Library/inc" -I"/Users/willmitchell/Documents/stm32_workspace/via_hardware/inc" -I"/Users/willmitchell/Documents/stm32_workspace/via_trigseq/Inc" -I"/Users/willmitchell/Documents/stm32_workspace/via_trigseq/Drivers/STM32F3xx_HAL_Driver/Inc" -I"/Users/willmitchell/Documents/stm32_workspace/via_trigseq/Drivers/STM32F3xx_HAL_Driver/Inc/Legacy" -I../Middlewares/ST/STM32_TouchSensing_Library/inc -I"/Users/willmitchell/Documents/stm32_workspace/via_trigseq/Drivers/CMSIS/Device/ST/STM32F3xx/Include" -I"/Users/willmitchell/Documents/stm32_workspace/via_trigseq/Drivers/CMSIS/Include"  -O0 -g3 -Wall -fmessage-length=0 -ffunction-sections -c -MMD -MP -MF"Drivers/STM32F3xx_HAL_Driver/Src/stm32f3xx_hal_dma.d" -MT"Drivers/STM32F3xx_HAL_Driver/Src/stm32f3xx_hal_dma.o" -o "Drivers/STM32F3xx_HAL_Driver/Src/stm32f3xx_hal_dma.o" "../Drivers/STM32F3xx_HAL_Driver/Src/stm32f3xx_hal_dma.c"
Finished building: ../Drivers/STM32F3xx_HAL_Driver/Src/stm32f3xx_hal_dma.c
 
Building file: ../Drivers/STM32F3xx_HAL_Driver/Src/stm32f3xx_hal_flash.c
Invoking: MCU GCC Compiler
/Users/willmitchell/Documents/stm32_workspace/via_trigseq/Debug
arm-none-eabi-gcc -mcpu=cortex-m4 -mthumb -mfloat-abi=hard -mfpu=fpv4-sp-d16 '-D__weak=__attribute__((weak))' '-D__packed="__attribute__((__packed__))"' -DUSE_HAL_DRIVER -DSTM32F373xC -I"/Users/willmitchell/Documents/stm32_workspace/via_ui/inc" -I"/Users/willmitchell/Documents/stm32_workspace/via_hardware/Middlewares/ST/STM32_TouchSensing_Library/inc" -I"/Users/willmitchell/Documents/stm32_workspace/via_hardware/inc" -I"/Users/willmitchell/Documents/stm32_workspace/via_trigseq/Inc" -I"/Users/willmitchell/Documents/stm32_workspace/via_trigseq/Drivers/STM32F3xx_HAL_Driver/Inc" -I"/Users/willmitchell/Documents/stm32_workspace/via_trigseq/Drivers/STM32F3xx_HAL_Driver/Inc/Legacy" -I../Middlewares/ST/STM32_TouchSensing_Library/inc -I"/Users/willmitchell/Documents/stm32_workspace/via_trigseq/Drivers/CMSIS/Device/ST/STM32F3xx/Include" -I"/Users/willmitchell/Documents/stm32_workspace/via_trigseq/Drivers/CMSIS/Include"  -O0 -g3 -Wall -fmessage-length=0 -ffunction-sections -c -MMD -MP -MF"Drivers/STM32F3xx_HAL_Driver/Src/stm32f3xx_hal_flash.d" -MT"Drivers/STM32F3xx_HAL_Driver/Src/stm32f3xx_hal_flash.o" -o "Drivers/STM32F3xx_HAL_Driver/Src/stm32f3xx_hal_flash.o" "../Drivers/STM32F3xx_HAL_Driver/Src/stm32f3xx_hal_flash.c"
Finished building: ../Drivers/STM32F3xx_HAL_Driver/Src/stm32f3xx_hal_flash.c
 
Building file: ../Drivers/STM32F3xx_HAL_Driver/Src/stm32f3xx_hal_flash_ex.c
Invoking: MCU GCC Compiler
/Users/willmitchell/Documents/stm32_workspace/via_trigseq/Debug
arm-none-eabi-gcc -mcpu=cortex-m4 -mthumb -mfloat-abi=hard -mfpu=fpv4-sp-d16 '-D__weak=__attribute__((weak))' '-D__packed="__attribute__((__packed__))"' -DUSE_HAL_DRIVER -DSTM32F373xC -I"/Users/willmitchell/Documents/stm32_workspace/via_ui/inc" -I"/Users/willmitchell/Documents/stm32_workspace/via_hardware/Middlewares/ST/STM32_TouchSensing_Library/inc" -I"/Users/willmitchell/Documents/stm32_workspace/via_hardware/inc" -I"/Users/willmitchell/Documents/stm32_workspace/via_trigseq/Inc" -I"/Users/willmitchell/Documents/stm32_workspace/via_trigseq/Drivers/STM32F3xx_HAL_Driver/Inc" -I"/Users/willmitchell/Documents/stm32_workspace/via_trigseq/Drivers/STM32F3xx_HAL_Driver/Inc/Legacy" -I../Middlewares/ST/STM32_TouchSensing_Library/inc -I"/Users/willmitchell/Documents/stm32_workspace/via_trigseq/Drivers/CMSIS/Device/ST/STM32F3xx/Include" -I"/Users/willmitchell/Documents/stm32_workspace/via_trigseq/Drivers/CMSIS/Include"  -O0 -g3 -Wall -fmessage-length=0 -ffunction-sections -c -MMD -MP -MF"Drivers/STM32F3xx_HAL_Driver/Src/stm32f3xx_hal_flash_ex.d" -MT"Drivers/STM32F3xx_HAL_Driver/Src/stm32f3xx_hal_flash_ex.o" -o "Drivers/STM32F3xx_HAL_Driver/Src/stm32f3xx_hal_flash_ex.o" "../Drivers/STM32F3xx_HAL_Driver/Src/stm32f3xx_hal_flash_ex.c"
Finished building: ../Drivers/STM32F3xx_HAL_Driver/Src/stm32f3xx_hal_flash_ex.c
 
Building file: ../Drivers/STM32F3xx_HAL_Driver/Src/stm32f3xx_hal_gpio.c
Invoking: MCU GCC Compiler
/Users/willmitchell/Documents/stm32_workspace/via_trigseq/Debug
arm-none-eabi-gcc -mcpu=cortex-m4 -mthumb -mfloat-abi=hard -mfpu=fpv4-sp-d16 '-D__weak=__attribute__((weak))' '-D__packed="__attribute__((__packed__))"' -DUSE_HAL_DRIVER -DSTM32F373xC -I"/Users/willmitchell/Documents/stm32_workspace/via_ui/inc" -I"/Users/willmitchell/Documents/stm32_workspace/via_hardware/Middlewares/ST/STM32_TouchSensing_Library/inc" -I"/Users/willmitchell/Documents/stm32_workspace/via_hardware/inc" -I"/Users/willmitchell/Documents/stm32_workspace/via_trigseq/Inc" -I"/Users/willmitchell/Documents/stm32_workspace/via_trigseq/Drivers/STM32F3xx_HAL_Driver/Inc" -I"/Users/willmitchell/Documents/stm32_workspace/via_trigseq/Drivers/STM32F3xx_HAL_Driver/Inc/Legacy" -I../Middlewares/ST/STM32_TouchSensing_Library/inc -I"/Users/willmitchell/Documents/stm32_workspace/via_trigseq/Drivers/CMSIS/Device/ST/STM32F3xx/Include" -I"/Users/willmitchell/Documents/stm32_workspace/via_trigseq/Drivers/CMSIS/Include"  -O0 -g3 -Wall -fmessage-length=0 -ffunction-sections -c -MMD -MP -MF"Drivers/STM32F3xx_HAL_Driver/Src/stm32f3xx_hal_gpio.d" -MT"Drivers/STM32F3xx_HAL_Driver/Src/stm32f3xx_hal_gpio.o" -o "Drivers/STM32F3xx_HAL_Driver/Src/stm32f3xx_hal_gpio.o" "../Drivers/STM32F3xx_HAL_Driver/Src/stm32f3xx_hal_gpio.c"
Finished building: ../Drivers/STM32F3xx_HAL_Driver/Src/stm32f3xx_hal_gpio.c
 
Building file: ../Drivers/STM32F3xx_HAL_Driver/Src/stm32f3xx_hal_i2c.c
Invoking: MCU GCC Compiler
/Users/willmitchell/Documents/stm32_workspace/via_trigseq/Debug
arm-none-eabi-gcc -mcpu=cortex-m4 -mthumb -mfloat-abi=hard -mfpu=fpv4-sp-d16 '-D__weak=__attribute__((weak))' '-D__packed="__attribute__((__packed__))"' -DUSE_HAL_DRIVER -DSTM32F373xC -I"/Users/willmitchell/Documents/stm32_workspace/via_ui/inc" -I"/Users/willmitchell/Documents/stm32_workspace/via_hardware/Middlewares/ST/STM32_TouchSensing_Library/inc" -I"/Users/willmitchell/Documents/stm32_workspace/via_hardware/inc" -I"/Users/willmitchell/Documents/stm32_workspace/via_trigseq/Inc" -I"/Users/willmitchell/Documents/stm32_workspace/via_trigseq/Drivers/STM32F3xx_HAL_Driver/Inc" -I"/Users/willmitchell/Documents/stm32_workspace/via_trigseq/Drivers/STM32F3xx_HAL_Driver/Inc/Legacy" -I../Middlewares/ST/STM32_TouchSensing_Library/inc -I"/Users/willmitchell/Documents/stm32_workspace/via_trigseq/Drivers/CMSIS/Device/ST/STM32F3xx/Include" -I"/Users/willmitchell/Documents/stm32_workspace/via_trigseq/Drivers/CMSIS/Include"  -O0 -g3 -Wall -fmessage-length=0 -ffunction-sections -c -MMD -MP -MF"Drivers/STM32F3xx_HAL_Driver/Src/stm32f3xx_hal_i2c.d" -MT"Drivers/STM32F3xx_HAL_Driver/Src/stm32f3xx_hal_i2c.o" -o "Drivers/STM32F3xx_HAL_Driver/Src/stm32f3xx_hal_i2c.o" "../Drivers/STM32F3xx_HAL_Driver/Src/stm32f3xx_hal_i2c.c"
Finished building: ../Drivers/STM32F3xx_HAL_Driver/Src/stm32f3xx_hal_i2c.c
 
Building file: ../Drivers/STM32F3xx_HAL_Driver/Src/stm32f3xx_hal_i2c_ex.c
Invoking: MCU GCC Compiler
/Users/willmitchell/Documents/stm32_workspace/via_trigseq/Debug
arm-none-eabi-gcc -mcpu=cortex-m4 -mthumb -mfloat-abi=hard -mfpu=fpv4-sp-d16 '-D__weak=__attribute__((weak))' '-D__packed="__attribute__((__packed__))"' -DUSE_HAL_DRIVER -DSTM32F373xC -I"/Users/willmitchell/Documents/stm32_workspace/via_ui/inc" -I"/Users/willmitchell/Documents/stm32_workspace/via_hardware/Middlewares/ST/STM32_TouchSensing_Library/inc" -I"/Users/willmitchell/Documents/stm32_workspace/via_hardware/inc" -I"/Users/willmitchell/Documents/stm32_workspace/via_trigseq/Inc" -I"/Users/willmitchell/Documents/stm32_workspace/via_trigseq/Drivers/STM32F3xx_HAL_Driver/Inc" -I"/Users/willmitchell/Documents/stm32_workspace/via_trigseq/Drivers/STM32F3xx_HAL_Driver/Inc/Legacy" -I../Middlewares/ST/STM32_TouchSensing_Library/inc -I"/Users/willmitchell/Documents/stm32_workspace/via_trigseq/Drivers/CMSIS/Device/ST/STM32F3xx/Include" -I"/Users/willmitchell/Documents/stm32_workspace/via_trigseq/Drivers/CMSIS/Include"  -O0 -g3 -Wall -fmessage-length=0 -ffunction-sections -c -MMD -MP -MF"Drivers/STM32F3xx_HAL_Driver/Src/stm32f3xx_hal_i2c_ex.d" -MT"Drivers/STM32F3xx_HAL_Driver/Src/stm32f3xx_hal_i2c_ex.o" -o "Drivers/STM32F3xx_HAL_Driver/Src/stm32f3xx_hal_i2c_ex.o" "../Drivers/STM32F3xx_HAL_Driver/Src/stm32f3xx_hal_i2c_ex.c"
Finished building: ../Drivers/STM32F3xx_HAL_Driver/Src/stm32f3xx_hal_i2c_ex.c
 
Building file: ../Drivers/STM32F3xx_HAL_Driver/Src/stm32f3xx_hal_pwr.c
Invoking: MCU GCC Compiler
/Users/willmitchell/Documents/stm32_workspace/via_trigseq/Debug
arm-none-eabi-gcc -mcpu=cortex-m4 -mthumb -mfloat-abi=hard -mfpu=fpv4-sp-d16 '-D__weak=__attribute__((weak))' '-D__packed="__attribute__((__packed__))"' -DUSE_HAL_DRIVER -DSTM32F373xC -I"/Users/willmitchell/Documents/stm32_workspace/via_ui/inc" -I"/Users/willmitchell/Documents/stm32_workspace/via_hardware/Middlewares/ST/STM32_TouchSensing_Library/inc" -I"/Users/willmitchell/Documents/stm32_workspace/via_hardware/inc" -I"/Users/willmitchell/Documents/stm32_workspace/via_trigseq/Inc" -I"/Users/willmitchell/Documents/stm32_workspace/via_trigseq/Drivers/STM32F3xx_HAL_Driver/Inc" -I"/Users/willmitchell/Documents/stm32_workspace/via_trigseq/Drivers/STM32F3xx_HAL_Driver/Inc/Legacy" -I../Middlewares/ST/STM32_TouchSensing_Library/inc -I"/Users/willmitchell/Documents/stm32_workspace/via_trigseq/Drivers/CMSIS/Device/ST/STM32F3xx/Include" -I"/Users/willmitchell/Documents/stm32_workspace/via_trigseq/Drivers/CMSIS/Include"  -O0 -g3 -Wall -fmessage-length=0 -ffunction-sections -c -MMD -MP -MF"Drivers/STM32F3xx_HAL_Driver/Src/stm32f3xx_hal_pwr.d" -MT"Drivers/STM32F3xx_HAL_Driver/Src/stm32f3xx_hal_pwr.o" -o "Drivers/STM32F3xx_HAL_Driver/Src/stm32f3xx_hal_pwr.o" "../Drivers/STM32F3xx_HAL_Driver/Src/stm32f3xx_hal_pwr.c"
Finished building: ../Drivers/STM32F3xx_HAL_Driver/Src/stm32f3xx_hal_pwr.c
 
Building file: ../Drivers/STM32F3xx_HAL_Driver/Src/stm32f3xx_hal_pwr_ex.c
Invoking: MCU GCC Compiler
/Users/willmitchell/Documents/stm32_workspace/via_trigseq/Debug
arm-none-eabi-gcc -mcpu=cortex-m4 -mthumb -mfloat-abi=hard -mfpu=fpv4-sp-d16 '-D__weak=__attribute__((weak))' '-D__packed="__attribute__((__packed__))"' -DUSE_HAL_DRIVER -DSTM32F373xC -I"/Users/willmitchell/Documents/stm32_workspace/via_ui/inc" -I"/Users/willmitchell/Documents/stm32_workspace/via_hardware/Middlewares/ST/STM32_TouchSensing_Library/inc" -I"/Users/willmitchell/Documents/stm32_workspace/via_hardware/inc" -I"/Users/willmitchell/Documents/stm32_workspace/via_trigseq/Inc" -I"/Users/willmitchell/Documents/stm32_workspace/via_trigseq/Drivers/STM32F3xx_HAL_Driver/Inc" -I"/Users/willmitchell/Documents/stm32_workspace/via_trigseq/Drivers/STM32F3xx_HAL_Driver/Inc/Legacy" -I../Middlewares/ST/STM32_TouchSensing_Library/inc -I"/Users/willmitchell/Documents/stm32_workspace/via_trigseq/Drivers/CMSIS/Device/ST/STM32F3xx/Include" -I"/Users/willmitchell/Documents/stm32_workspace/via_trigseq/Drivers/CMSIS/Include"  -O0 -g3 -Wall -fmessage-length=0 -ffunction-sections -c -MMD -MP -MF"Drivers/STM32F3xx_HAL_Driver/Src/stm32f3xx_hal_pwr_ex.d" -MT"Drivers/STM32F3xx_HAL_Driver/Src/stm32f3xx_hal_pwr_ex.o" -o "Drivers/STM32F3xx_HAL_Driver/Src/stm32f3xx_hal_pwr_ex.o" "../Drivers/STM32F3xx_HAL_Driver/Src/stm32f3xx_hal_pwr_ex.c"
Finished building: ../Drivers/STM32F3xx_HAL_Driver/Src/stm32f3xx_hal_pwr_ex.c
 
Building file: ../Drivers/STM32F3xx_HAL_Driver/Src/stm32f3xx_hal_rcc.c
Invoking: MCU GCC Compiler
/Users/willmitchell/Documents/stm32_workspace/via_trigseq/Debug
arm-none-eabi-gcc -mcpu=cortex-m4 -mthumb -mfloat-abi=hard -mfpu=fpv4-sp-d16 '-D__weak=__attribute__((weak))' '-D__packed="__attribute__((__packed__))"' -DUSE_HAL_DRIVER -DSTM32F373xC -I"/Users/willmitchell/Documents/stm32_workspace/via_ui/inc" -I"/Users/willmitchell/Documents/stm32_workspace/via_hardware/Middlewares/ST/STM32_TouchSensing_Library/inc" -I"/Users/willmitchell/Documents/stm32_workspace/via_hardware/inc" -I"/Users/willmitchell/Documents/stm32_workspace/via_trigseq/Inc" -I"/Users/willmitchell/Documents/stm32_workspace/via_trigseq/Drivers/STM32F3xx_HAL_Driver/Inc" -I"/Users/willmitchell/Documents/stm32_workspace/via_trigseq/Drivers/STM32F3xx_HAL_Driver/Inc/Legacy" -I../Middlewares/ST/STM32_TouchSensing_Library/inc -I"/Users/willmitchell/Documents/stm32_workspace/via_trigseq/Drivers/CMSIS/Device/ST/STM32F3xx/Include" -I"/Users/willmitchell/Documents/stm32_workspace/via_trigseq/Drivers/CMSIS/Include"  -O0 -g3 -Wall -fmessage-length=0 -ffunction-sections -c -MMD -MP -MF"Drivers/STM32F3xx_HAL_Driver/Src/stm32f3xx_hal_rcc.d" -MT"Drivers/STM32F3xx_HAL_Driver/Src/stm32f3xx_hal_rcc.o" -o "Drivers/STM32F3xx_HAL_Driver/Src/stm32f3xx_hal_rcc.o" "../Drivers/STM32F3xx_HAL_Driver/Src/stm32f3xx_hal_rcc.c"
Finished building: ../Drivers/STM32F3xx_HAL_Driver/Src/stm32f3xx_hal_rcc.c
 
Building file: ../Drivers/STM32F3xx_HAL_Driver/Src/stm32f3xx_hal_rcc_ex.c
Invoking: MCU GCC Compiler
/Users/willmitchell/Documents/stm32_workspace/via_trigseq/Debug
arm-none-eabi-gcc -mcpu=cortex-m4 -mthumb -mfloat-abi=hard -mfpu=fpv4-sp-d16 '-D__weak=__attribute__((weak))' '-D__packed="__attribute__((__packed__))"' -DUSE_HAL_DRIVER -DSTM32F373xC -I"/Users/willmitchell/Documents/stm32_workspace/via_ui/inc" -I"/Users/willmitchell/Documents/stm32_workspace/via_hardware/Middlewares/ST/STM32_TouchSensing_Library/inc" -I"/Users/willmitchell/Documents/stm32_workspace/via_hardware/inc" -I"/Users/willmitchell/Documents/stm32_workspace/via_trigseq/Inc" -I"/Users/willmitchell/Documents/stm32_workspace/via_trigseq/Drivers/STM32F3xx_HAL_Driver/Inc" -I"/Users/willmitchell/Documents/stm32_workspace/via_trigseq/Drivers/STM32F3xx_HAL_Driver/Inc/Legacy" -I../Middlewares/ST/STM32_TouchSensing_Library/inc -I"/Users/willmitchell/Documents/stm32_workspace/via_trigseq/Drivers/CMSIS/Device/ST/STM32F3xx/Include" -I"/Users/willmitchell/Documents/stm32_workspace/via_trigseq/Drivers/CMSIS/Include"  -O0 -g3 -Wall -fmessage-length=0 -ffunction-sections -c -MMD -MP -MF"Drivers/STM32F3xx_HAL_Driver/Src/stm32f3xx_hal_rcc_ex.d" -MT"Drivers/STM32F3xx_HAL_Driver/Src/stm32f3xx_hal_rcc_ex.o" -o "Drivers/STM32F3xx_HAL_Driver/Src/stm32f3xx_hal_rcc_ex.o" "../Drivers/STM32F3xx_HAL_Driver/Src/stm32f3xx_hal_rcc_ex.c"
Finished building: ../Drivers/STM32F3xx_HAL_Driver/Src/stm32f3xx_hal_rcc_ex.c
 
Building file: ../Drivers/STM32F3xx_HAL_Driver/Src/stm32f3xx_hal_sdadc.c
Invoking: MCU GCC Compiler
/Users/willmitchell/Documents/stm32_workspace/via_trigseq/Debug
arm-none-eabi-gcc -mcpu=cortex-m4 -mthumb -mfloat-abi=hard -mfpu=fpv4-sp-d16 '-D__weak=__attribute__((weak))' '-D__packed="__attribute__((__packed__))"' -DUSE_HAL_DRIVER -DSTM32F373xC -I"/Users/willmitchell/Documents/stm32_workspace/via_ui/inc" -I"/Users/willmitchell/Documents/stm32_workspace/via_hardware/Middlewares/ST/STM32_TouchSensing_Library/inc" -I"/Users/willmitchell/Documents/stm32_workspace/via_hardware/inc" -I"/Users/willmitchell/Documents/stm32_workspace/via_trigseq/Inc" -I"/Users/willmitchell/Documents/stm32_workspace/via_trigseq/Drivers/STM32F3xx_HAL_Driver/Inc" -I"/Users/willmitchell/Documents/stm32_workspace/via_trigseq/Drivers/STM32F3xx_HAL_Driver/Inc/Legacy" -I../Middlewares/ST/STM32_TouchSensing_Library/inc -I"/Users/willmitchell/Documents/stm32_workspace/via_trigseq/Drivers/CMSIS/Device/ST/STM32F3xx/Include" -I"/Users/willmitchell/Documents/stm32_workspace/via_trigseq/Drivers/CMSIS/Include"  -O0 -g3 -Wall -fmessage-length=0 -ffunction-sections -c -MMD -MP -MF"Drivers/STM32F3xx_HAL_Driver/Src/stm32f3xx_hal_sdadc.d" -MT"Drivers/STM32F3xx_HAL_Driver/Src/stm32f3xx_hal_sdadc.o" -o "Drivers/STM32F3xx_HAL_Driver/Src/stm32f3xx_hal_sdadc.o" "../Drivers/STM32F3xx_HAL_Driver/Src/stm32f3xx_hal_sdadc.c"
Finished building: ../Drivers/STM32F3xx_HAL_Driver/Src/stm32f3xx_hal_sdadc.c
 
Building file: ../Drivers/STM32F3xx_HAL_Driver/Src/stm32f3xx_hal_tim.c
Invoking: MCU GCC Compiler
/Users/willmitchell/Documents/stm32_workspace/via_trigseq/Debug
arm-none-eabi-gcc -mcpu=cortex-m4 -mthumb -mfloat-abi=hard -mfpu=fpv4-sp-d16 '-D__weak=__attribute__((weak))' '-D__packed="__attribute__((__packed__))"' -DUSE_HAL_DRIVER -DSTM32F373xC -I"/Users/willmitchell/Documents/stm32_workspace/via_ui/inc" -I"/Users/willmitchell/Documents/stm32_workspace/via_hardware/Middlewares/ST/STM32_TouchSensing_Library/inc" -I"/Users/willmitchell/Documents/stm32_workspace/via_hardware/inc" -I"/Users/willmitchell/Documents/stm32_workspace/via_trigseq/Inc" -I"/Users/willmitchell/Documents/stm32_workspace/via_trigseq/Drivers/STM32F3xx_HAL_Driver/Inc" -I"/Users/willmitchell/Documents/stm32_workspace/via_trigseq/Drivers/STM32F3xx_HAL_Driver/Inc/Legacy" -I../Middlewares/ST/STM32_TouchSensing_Library/inc -I"/Users/willmitchell/Documents/stm32_workspace/via_trigseq/Drivers/CMSIS/Device/ST/STM32F3xx/Include" -I"/Users/willmitchell/Documents/stm32_workspace/via_trigseq/Drivers/CMSIS/Include"  -O0 -g3 -Wall -fmessage-length=0 -ffunction-sections -c -MMD -MP -MF"Drivers/STM32F3xx_HAL_Driver/Src/stm32f3xx_hal_tim.d" -MT"Drivers/STM32F3xx_HAL_Driver/Src/stm32f3xx_hal_tim.o" -o "Drivers/STM32F3xx_HAL_Driver/Src/stm32f3xx_hal_tim.o" "../Drivers/STM32F3xx_HAL_Driver/Src/stm32f3xx_hal_tim.c"
Finished building: ../Drivers/STM32F3xx_HAL_Driver/Src/stm32f3xx_hal_tim.c
 
Building file: ../Drivers/STM32F3xx_HAL_Driver/Src/stm32f3xx_hal_tim_ex.c
Invoking: MCU GCC Compiler
/Users/willmitchell/Documents/stm32_workspace/via_trigseq/Debug
arm-none-eabi-gcc -mcpu=cortex-m4 -mthumb -mfloat-abi=hard -mfpu=fpv4-sp-d16 '-D__weak=__attribute__((weak))' '-D__packed="__attribute__((__packed__))"' -DUSE_HAL_DRIVER -DSTM32F373xC -I"/Users/willmitchell/Documents/stm32_workspace/via_ui/inc" -I"/Users/willmitchell/Documents/stm32_workspace/via_hardware/Middlewares/ST/STM32_TouchSensing_Library/inc" -I"/Users/willmitchell/Documents/stm32_workspace/via_hardware/inc" -I"/Users/willmitchell/Documents/stm32_workspace/via_trigseq/Inc" -I"/Users/willmitchell/Documents/stm32_workspace/via_trigseq/Drivers/STM32F3xx_HAL_Driver/Inc" -I"/Users/willmitchell/Documents/stm32_workspace/via_trigseq/Drivers/STM32F3xx_HAL_Driver/Inc/Legacy" -I../Middlewares/ST/STM32_TouchSensing_Library/inc -I"/Users/willmitchell/Documents/stm32_workspace/via_trigseq/Drivers/CMSIS/Device/ST/STM32F3xx/Include" -I"/Users/willmitchell/Documents/stm32_workspace/via_trigseq/Drivers/CMSIS/Include"  -O0 -g3 -Wall -fmessage-length=0 -ffunction-sections -c -MMD -MP -MF"Drivers/STM32F3xx_HAL_Driver/Src/stm32f3xx_hal_tim_ex.d" -MT"Drivers/STM32F3xx_HAL_Driver/Src/stm32f3xx_hal_tim_ex.o" -o "Drivers/STM32F3xx_HAL_Driver/Src/stm32f3xx_hal_tim_ex.o" "../Drivers/STM32F3xx_HAL_Driver/Src/stm32f3xx_hal_tim_ex.c"
Finished building: ../Drivers/STM32F3xx_HAL_Driver/Src/stm32f3xx_hal_tim_ex.c
 
Building file: ../Drivers/STM32F3xx_HAL_Driver/Src/stm32f3xx_hal_tsc.c
Invoking: MCU GCC Compiler
/Users/willmitchell/Documents/stm32_workspace/via_trigseq/Debug
arm-none-eabi-gcc -mcpu=cortex-m4 -mthumb -mfloat-abi=hard -mfpu=fpv4-sp-d16 '-D__weak=__attribute__((weak))' '-D__packed="__attribute__((__packed__))"' -DUSE_HAL_DRIVER -DSTM32F373xC -I"/Users/willmitchell/Documents/stm32_workspace/via_ui/inc" -I"/Users/willmitchell/Documents/stm32_workspace/via_hardware/Middlewares/ST/STM32_TouchSensing_Library/inc" -I"/Users/willmitchell/Documents/stm32_workspace/via_hardware/inc" -I"/Users/willmitchell/Documents/stm32_workspace/via_trigseq/Inc" -I"/Users/willmitchell/Documents/stm32_workspace/via_trigseq/Drivers/STM32F3xx_HAL_Driver/Inc" -I"/Users/willmitchell/Documents/stm32_workspace/via_trigseq/Drivers/STM32F3xx_HAL_Driver/Inc/Legacy" -I../Middlewares/ST/STM32_TouchSensing_Library/inc -I"/Users/willmitchell/Documents/stm32_workspace/via_trigseq/Drivers/CMSIS/Device/ST/STM32F3xx/Include" -I"/Users/willmitchell/Documents/stm32_workspace/via_trigseq/Drivers/CMSIS/Include"  -O0 -g3 -Wall -fmessage-length=0 -ffunction-sections -c -MMD -MP -MF"Drivers/STM32F3xx_HAL_Driver/Src/stm32f3xx_hal_tsc.d" -MT"Drivers/STM32F3xx_HAL_Driver/Src/stm32f3xx_hal_tsc.o" -o "Drivers/STM32F3xx_HAL_Driver/Src/stm32f3xx_hal_tsc.o" "../Drivers/STM32F3xx_HAL_Driver/Src/stm32f3xx_hal_tsc.c"
Finished building: ../Drivers/STM32F3xx_HAL_Driver/Src/stm32f3xx_hal_tsc.c
 
Building target: libvia_trigseq.a
Invoking: MCU GCC Archiver
arm-none-eabi-ar -r  "libvia_trigseq.a" @"objects.list"  
arm-none-eabi-ar: creating libvia_trigseq.a
Finished building target: libvia_trigseq.a
 

05:41:12 Build Finished (took 5s.233ms)

