23:04:27 **** Incremental Build of configuration Debug for project via_scanner_f373 ****
make all 
Building file: ../Src/main.c
Invoking: MCU GCC Compiler
/Users/willmitchell/Documents/stm32_workspace/via_scanner_f373/Debug
arm-none-eabi-gcc -mcpu=cortex-m4 -mthumb -mfloat-abi=hard -mfpu=fpv4-sp-d16 '-D__weak=__attribute__((weak))' '-D__packed="__attribute__((__packed__))"' -DUSE_HAL_DRIVER -DSTM32F373xC -I"/Users/willmitchell/Documents/stm32_workspace/via/stm32f373/Middlewares/ST/STM32_TouchSensing_Library/inc" -I"/Users/willmitchell/Documents/stm32_workspace/via/modules/inc" -I"/Users/willmitchell/Documents/stm32_workspace/via/synthesis/inc" -I"/Users/willmitchell/Documents/stm32_workspace/via/stm32f373/inc" -I"/Users/willmitchell/Documents/stm32_workspace/via/io/inc" -I../Inc -I"/Users/willmitchell/Documents/stm32_workspace/via_scanner_f373/Drivers/STM32F3xx_HAL_Driver/Inc" -I"/Users/willmitchell/Documents/stm32_workspace/via_scanner_f373/Drivers/STM32F3xx_HAL_Driver/Inc/Legacy" -I../Middlewares/ST/STM32_TouchSensing_Library/inc -I"/Users/willmitchell/Documents/stm32_workspace/via_scanner_f373/Drivers/CMSIS/Device/ST/STM32F3xx/Include" -I"/Users/willmitchell/Documents/stm32_workspace/via_scanner_f373/Drivers/CMSIS/Include" -I"/Users/willmitchell/Documents/stm32_workspace/via/ui/inc"  -O3 -g3 -w -Wall -fmessage-length=0 -ffunction-sections -fdata-sections -c -fmessage-length=0 -MMD -MP -MF"Src/main.d" -MT"Src/main.o" -o "Src/main.o" "../Src/main.c"
Finished building: ../Src/main.c
 
Building file: ../Src/main_hardware_init.c
Invoking: MCU GCC Compiler
/Users/willmitchell/Documents/stm32_workspace/via_scanner_f373/Debug
arm-none-eabi-gcc -mcpu=cortex-m4 -mthumb -mfloat-abi=hard -mfpu=fpv4-sp-d16 '-D__weak=__attribute__((weak))' '-D__packed="__attribute__((__packed__))"' -DUSE_HAL_DRIVER -DSTM32F373xC -I"/Users/willmitchell/Documents/stm32_workspace/via/stm32f373/Middlewares/ST/STM32_TouchSensing_Library/inc" -I"/Users/willmitchell/Documents/stm32_workspace/via/modules/inc" -I"/Users/willmitchell/Documents/stm32_workspace/via/synthesis/inc" -I"/Users/willmitchell/Documents/stm32_workspace/via/stm32f373/inc" -I"/Users/willmitchell/Documents/stm32_workspace/via/io/inc" -I../Inc -I"/Users/willmitchell/Documents/stm32_workspace/via_scanner_f373/Drivers/STM32F3xx_HAL_Driver/Inc" -I"/Users/willmitchell/Documents/stm32_workspace/via_scanner_f373/Drivers/STM32F3xx_HAL_Driver/Inc/Legacy" -I../Middlewares/ST/STM32_TouchSensing_Library/inc -I"/Users/willmitchell/Documents/stm32_workspace/via_scanner_f373/Drivers/CMSIS/Device/ST/STM32F3xx/Include" -I"/Users/willmitchell/Documents/stm32_workspace/via_scanner_f373/Drivers/CMSIS/Include" -I"/Users/willmitchell/Documents/stm32_workspace/via/ui/inc"  -O3 -g3 -w -Wall -fmessage-length=0 -ffunction-sections -fdata-sections -c -fmessage-length=0 -MMD -MP -MF"Src/main_hardware_init.d" -MT"Src/main_hardware_init.o" -o "Src/main_hardware_init.o" "../Src/main_hardware_init.c"
Finished building: ../Src/main_hardware_init.c
 
Building file: ../Src/user_interrupts.c
Invoking: MCU GCC Compiler
/Users/willmitchell/Documents/stm32_workspace/via_scanner_f373/Debug
arm-none-eabi-gcc -mcpu=cortex-m4 -mthumb -mfloat-abi=hard -mfpu=fpv4-sp-d16 '-D__weak=__attribute__((weak))' '-D__packed="__attribute__((__packed__))"' -DUSE_HAL_DRIVER -DSTM32F373xC -I"/Users/willmitchell/Documents/stm32_workspace/via/stm32f373/Middlewares/ST/STM32_TouchSensing_Library/inc" -I"/Users/willmitchell/Documents/stm32_workspace/via/modules/inc" -I"/Users/willmitchell/Documents/stm32_workspace/via/synthesis/inc" -I"/Users/willmitchell/Documents/stm32_workspace/via/stm32f373/inc" -I"/Users/willmitchell/Documents/stm32_workspace/via/io/inc" -I../Inc -I"/Users/willmitchell/Documents/stm32_workspace/via_scanner_f373/Drivers/STM32F3xx_HAL_Driver/Inc" -I"/Users/willmitchell/Documents/stm32_workspace/via_scanner_f373/Drivers/STM32F3xx_HAL_Driver/Inc/Legacy" -I../Middlewares/ST/STM32_TouchSensing_Library/inc -I"/Users/willmitchell/Documents/stm32_workspace/via_scanner_f373/Drivers/CMSIS/Device/ST/STM32F3xx/Include" -I"/Users/willmitchell/Documents/stm32_workspace/via_scanner_f373/Drivers/CMSIS/Include" -I"/Users/willmitchell/Documents/stm32_workspace/via/ui/inc"  -O3 -g3 -w -Wall -fmessage-length=0 -ffunction-sections -fdata-sections -c -fmessage-length=0 -MMD -MP -MF"Src/user_interrupts.d" -MT"Src/user_interrupts.o" -o "Src/user_interrupts.o" "../Src/user_interrupts.c"
Finished building: ../Src/user_interrupts.c
 
Building target: via_scanner_f373.elf
Invoking: MCU GCC Linker
arm-none-eabi-gcc -mcpu=cortex-m4 -mthumb -mfloat-abi=hard -mfpu=fpv4-sp-d16 -L"/Users/willmitchell/Documents/stm32_workspace/via/Debug" -specs=nosys.specs -specs=nano.specs -T"../STM32F373CCTx_FLASH.ld" -Wl,-Map=output.map -Wl,--gc-sections -o "via_scanner_f373.elf" @"objects.list"  -lvia -lm
Finished building target: via_scanner_f373.elf
 
/Applications/Xcode.app/Contents/Developer/usr/bin/make --no-print-directory post-build
Generating binary and Printing size information:
arm-none-eabi-objcopy -O binary "via_scanner_f373.elf" "via_scanner_f373.bin"
arm-none-eabi-size "via_scanner_f373.elf"
   text	   data	    bss	    dec	    hex	filename
  68348	    460	  25128	  93936	  16ef0	via_scanner_f373.elf
 

23:04:29 Build Finished (took 1s.391ms)

