23:47:28 **** Incremental Build of configuration Release for project via_meta ****
make all 
Building file: ../Src/meta_fill_buffer.c
Invoking: MCU GCC Compiler
/Users/willmitchell/Documents/stm32_workspace/via_meta/Release
arm-none-eabi-gcc -mcpu=cortex-m4 -mthumb -mfloat-abi=hard -mfpu=fpv4-sp-d16 '-D__weak=__attribute__((weak))' '-D__packed="__attribute__((__packed__))"' -DUSE_HAL_DRIVER -DSTM32F373xC -I"/Users/willmitchell/Documents/stm32_workspace/via_ui/inc" -I"/Users/willmitchell/Documents/stm32_workspace/via_hardware/Middlewares/ST/STM32_TouchSensing_Library/inc" -I"/Users/willmitchell/Documents/stm32_workspace/via_hardware/inc" -I"/Users/willmitchell/Documents/stm32_workspace/via_meta/Inc" -I"/Users/willmitchell/Documents/stm32_workspace/via_meta/Drivers/STM32F3xx_HAL_Driver/Inc" -I"/Users/willmitchell/Documents/stm32_workspace/via_meta/Drivers/STM32F3xx_HAL_Driver/Inc/Legacy" -I../Middlewares/ST/STM32_TouchSensing_Library/inc -I"/Users/willmitchell/Documents/stm32_workspace/via_meta/Drivers/CMSIS/Device/ST/STM32F3xx/Include" -I"/Users/willmitchell/Documents/stm32_workspace/via_meta/Drivers/CMSIS/Include"  -O1 -w -fmessage-length=0 -ffunction-sections -c -MMD -MP -MF"Src/meta_fill_buffer.d" -MT"Src/meta_fill_buffer.o" -o "Src/meta_fill_buffer.o" "../Src/meta_fill_buffer.c"
Finished building: ../Src/meta_fill_buffer.c
 
Building file: ../Src/meta_hardware_io.c
Invoking: MCU GCC Compiler
/Users/willmitchell/Documents/stm32_workspace/via_meta/Release
arm-none-eabi-gcc -mcpu=cortex-m4 -mthumb -mfloat-abi=hard -mfpu=fpv4-sp-d16 '-D__weak=__attribute__((weak))' '-D__packed="__attribute__((__packed__))"' -DUSE_HAL_DRIVER -DSTM32F373xC -I"/Users/willmitchell/Documents/stm32_workspace/via_ui/inc" -I"/Users/willmitchell/Documents/stm32_workspace/via_hardware/Middlewares/ST/STM32_TouchSensing_Library/inc" -I"/Users/willmitchell/Documents/stm32_workspace/via_hardware/inc" -I"/Users/willmitchell/Documents/stm32_workspace/via_meta/Inc" -I"/Users/willmitchell/Documents/stm32_workspace/via_meta/Drivers/STM32F3xx_HAL_Driver/Inc" -I"/Users/willmitchell/Documents/stm32_workspace/via_meta/Drivers/STM32F3xx_HAL_Driver/Inc/Legacy" -I../Middlewares/ST/STM32_TouchSensing_Library/inc -I"/Users/willmitchell/Documents/stm32_workspace/via_meta/Drivers/CMSIS/Device/ST/STM32F3xx/Include" -I"/Users/willmitchell/Documents/stm32_workspace/via_meta/Drivers/CMSIS/Include"  -O1 -w -fmessage-length=0 -ffunction-sections -c -MMD -MP -MF"Src/meta_hardware_io.d" -MT"Src/meta_hardware_io.o" -o "Src/meta_hardware_io.o" "../Src/meta_hardware_io.c"
Finished building: ../Src/meta_hardware_io.c
 
Building file: ../Src/meta_init.c
Invoking: MCU GCC Compiler
/Users/willmitchell/Documents/stm32_workspace/via_meta/Release
arm-none-eabi-gcc -mcpu=cortex-m4 -mthumb -mfloat-abi=hard -mfpu=fpv4-sp-d16 '-D__weak=__attribute__((weak))' '-D__packed="__attribute__((__packed__))"' -DUSE_HAL_DRIVER -DSTM32F373xC -I"/Users/willmitchell/Documents/stm32_workspace/via_ui/inc" -I"/Users/willmitchell/Documents/stm32_workspace/via_hardware/Middlewares/ST/STM32_TouchSensing_Library/inc" -I"/Users/willmitchell/Documents/stm32_workspace/via_hardware/inc" -I"/Users/willmitchell/Documents/stm32_workspace/via_meta/Inc" -I"/Users/willmitchell/Documents/stm32_workspace/via_meta/Drivers/STM32F3xx_HAL_Driver/Inc" -I"/Users/willmitchell/Documents/stm32_workspace/via_meta/Drivers/STM32F3xx_HAL_Driver/Inc/Legacy" -I../Middlewares/ST/STM32_TouchSensing_Library/inc -I"/Users/willmitchell/Documents/stm32_workspace/via_meta/Drivers/CMSIS/Device/ST/STM32F3xx/Include" -I"/Users/willmitchell/Documents/stm32_workspace/via_meta/Drivers/CMSIS/Include"  -O1 -w -fmessage-length=0 -ffunction-sections -c -MMD -MP -MF"Src/meta_init.d" -MT"Src/meta_init.o" -o "Src/meta_init.o" "../Src/meta_init.c"
Finished building: ../Src/meta_init.c
 
Building file: ../Src/meta_interrupt_handlers.c
Invoking: MCU GCC Compiler
/Users/willmitchell/Documents/stm32_workspace/via_meta/Release
arm-none-eabi-gcc -mcpu=cortex-m4 -mthumb -mfloat-abi=hard -mfpu=fpv4-sp-d16 '-D__weak=__attribute__((weak))' '-D__packed="__attribute__((__packed__))"' -DUSE_HAL_DRIVER -DSTM32F373xC -I"/Users/willmitchell/Documents/stm32_workspace/via_ui/inc" -I"/Users/willmitchell/Documents/stm32_workspace/via_hardware/Middlewares/ST/STM32_TouchSensing_Library/inc" -I"/Users/willmitchell/Documents/stm32_workspace/via_hardware/inc" -I"/Users/willmitchell/Documents/stm32_workspace/via_meta/Inc" -I"/Users/willmitchell/Documents/stm32_workspace/via_meta/Drivers/STM32F3xx_HAL_Driver/Inc" -I"/Users/willmitchell/Documents/stm32_workspace/via_meta/Drivers/STM32F3xx_HAL_Driver/Inc/Legacy" -I../Middlewares/ST/STM32_TouchSensing_Library/inc -I"/Users/willmitchell/Documents/stm32_workspace/via_meta/Drivers/CMSIS/Device/ST/STM32F3xx/Include" -I"/Users/willmitchell/Documents/stm32_workspace/via_meta/Drivers/CMSIS/Include"  -O1 -w -fmessage-length=0 -ffunction-sections -c -MMD -MP -MF"Src/meta_interrupt_handlers.d" -MT"Src/meta_interrupt_handlers.o" -o "Src/meta_interrupt_handlers.o" "../Src/meta_interrupt_handlers.c"
Finished building: ../Src/meta_interrupt_handlers.c
 
Building file: ../Src/meta_logic_handling.c
Invoking: MCU GCC Compiler
/Users/willmitchell/Documents/stm32_workspace/via_meta/Release
arm-none-eabi-gcc -mcpu=cortex-m4 -mthumb -mfloat-abi=hard -mfpu=fpv4-sp-d16 '-D__weak=__attribute__((weak))' '-D__packed="__attribute__((__packed__))"' -DUSE_HAL_DRIVER -DSTM32F373xC -I"/Users/willmitchell/Documents/stm32_workspace/via_ui/inc" -I"/Users/willmitchell/Documents/stm32_workspace/via_hardware/Middlewares/ST/STM32_TouchSensing_Library/inc" -I"/Users/willmitchell/Documents/stm32_workspace/via_hardware/inc" -I"/Users/willmitchell/Documents/stm32_workspace/via_meta/Inc" -I"/Users/willmitchell/Documents/stm32_workspace/via_meta/Drivers/STM32F3xx_HAL_Driver/Inc" -I"/Users/willmitchell/Documents/stm32_workspace/via_meta/Drivers/STM32F3xx_HAL_Driver/Inc/Legacy" -I../Middlewares/ST/STM32_TouchSensing_Library/inc -I"/Users/willmitchell/Documents/stm32_workspace/via_meta/Drivers/CMSIS/Device/ST/STM32F3xx/Include" -I"/Users/willmitchell/Documents/stm32_workspace/via_meta/Drivers/CMSIS/Include"  -O1 -w -fmessage-length=0 -ffunction-sections -c -MMD -MP -MF"Src/meta_logic_handling.d" -MT"Src/meta_logic_handling.o" -o "Src/meta_logic_handling.o" "../Src/meta_logic_handling.c"
Finished building: ../Src/meta_logic_handling.c
 
Building file: ../Src/meta_main_states.c
Invoking: MCU GCC Compiler
/Users/willmitchell/Documents/stm32_workspace/via_meta/Release
arm-none-eabi-gcc -mcpu=cortex-m4 -mthumb -mfloat-abi=hard -mfpu=fpv4-sp-d16 '-D__weak=__attribute__((weak))' '-D__packed="__attribute__((__packed__))"' -DUSE_HAL_DRIVER -DSTM32F373xC -I"/Users/willmitchell/Documents/stm32_workspace/via_ui/inc" -I"/Users/willmitchell/Documents/stm32_workspace/via_hardware/Middlewares/ST/STM32_TouchSensing_Library/inc" -I"/Users/willmitchell/Documents/stm32_workspace/via_hardware/inc" -I"/Users/willmitchell/Documents/stm32_workspace/via_meta/Inc" -I"/Users/willmitchell/Documents/stm32_workspace/via_meta/Drivers/STM32F3xx_HAL_Driver/Inc" -I"/Users/willmitchell/Documents/stm32_workspace/via_meta/Drivers/STM32F3xx_HAL_Driver/Inc/Legacy" -I../Middlewares/ST/STM32_TouchSensing_Library/inc -I"/Users/willmitchell/Documents/stm32_workspace/via_meta/Drivers/CMSIS/Device/ST/STM32F3xx/Include" -I"/Users/willmitchell/Documents/stm32_workspace/via_meta/Drivers/CMSIS/Include"  -O1 -w -fmessage-length=0 -ffunction-sections -c -MMD -MP -MF"Src/meta_main_states.d" -MT"Src/meta_main_states.o" -o "Src/meta_main_states.o" "../Src/meta_main_states.c"
Finished building: ../Src/meta_main_states.c
 
Building file: ../Src/meta_phase_generation.c
Invoking: MCU GCC Compiler
/Users/willmitchell/Documents/stm32_workspace/via_meta/Release
arm-none-eabi-gcc -mcpu=cortex-m4 -mthumb -mfloat-abi=hard -mfpu=fpv4-sp-d16 '-D__weak=__attribute__((weak))' '-D__packed="__attribute__((__packed__))"' -DUSE_HAL_DRIVER -DSTM32F373xC -I"/Users/willmitchell/Documents/stm32_workspace/via_ui/inc" -I"/Users/willmitchell/Documents/stm32_workspace/via_hardware/Middlewares/ST/STM32_TouchSensing_Library/inc" -I"/Users/willmitchell/Documents/stm32_workspace/via_hardware/inc" -I"/Users/willmitchell/Documents/stm32_workspace/via_meta/Inc" -I"/Users/willmitchell/Documents/stm32_workspace/via_meta/Drivers/STM32F3xx_HAL_Driver/Inc" -I"/Users/willmitchell/Documents/stm32_workspace/via_meta/Drivers/STM32F3xx_HAL_Driver/Inc/Legacy" -I../Middlewares/ST/STM32_TouchSensing_Library/inc -I"/Users/willmitchell/Documents/stm32_workspace/via_meta/Drivers/CMSIS/Device/ST/STM32F3xx/Include" -I"/Users/willmitchell/Documents/stm32_workspace/via_meta/Drivers/CMSIS/Include"  -O1 -w -fmessage-length=0 -ffunction-sections -c -MMD -MP -MF"Src/meta_phase_generation.d" -MT"Src/meta_phase_generation.o" -o "Src/meta_phase_generation.o" "../Src/meta_phase_generation.c"
Finished building: ../Src/meta_phase_generation.c
 
Building file: ../Src/meta_sample_generation.c
Invoking: MCU GCC Compiler
/Users/willmitchell/Documents/stm32_workspace/via_meta/Release
arm-none-eabi-gcc -mcpu=cortex-m4 -mthumb -mfloat-abi=hard -mfpu=fpv4-sp-d16 '-D__weak=__attribute__((weak))' '-D__packed="__attribute__((__packed__))"' -DUSE_HAL_DRIVER -DSTM32F373xC -I"/Users/willmitchell/Documents/stm32_workspace/via_ui/inc" -I"/Users/willmitchell/Documents/stm32_workspace/via_hardware/Middlewares/ST/STM32_TouchSensing_Library/inc" -I"/Users/willmitchell/Documents/stm32_workspace/via_hardware/inc" -I"/Users/willmitchell/Documents/stm32_workspace/via_meta/Inc" -I"/Users/willmitchell/Documents/stm32_workspace/via_meta/Drivers/STM32F3xx_HAL_Driver/Inc" -I"/Users/willmitchell/Documents/stm32_workspace/via_meta/Drivers/STM32F3xx_HAL_Driver/Inc/Legacy" -I../Middlewares/ST/STM32_TouchSensing_Library/inc -I"/Users/willmitchell/Documents/stm32_workspace/via_meta/Drivers/CMSIS/Device/ST/STM32F3xx/Include" -I"/Users/willmitchell/Documents/stm32_workspace/via_meta/Drivers/CMSIS/Include"  -O1 -w -fmessage-length=0 -ffunction-sections -c -MMD -MP -MF"Src/meta_sample_generation.d" -MT"Src/meta_sample_generation.o" -o "Src/meta_sample_generation.o" "../Src/meta_sample_generation.c"
Finished building: ../Src/meta_sample_generation.c
 
Building file: ../Src/meta_trigger_states.c
Invoking: MCU GCC Compiler
/Users/willmitchell/Documents/stm32_workspace/via_meta/Release
arm-none-eabi-gcc -mcpu=cortex-m4 -mthumb -mfloat-abi=hard -mfpu=fpv4-sp-d16 '-D__weak=__attribute__((weak))' '-D__packed="__attribute__((__packed__))"' -DUSE_HAL_DRIVER -DSTM32F373xC -I"/Users/willmitchell/Documents/stm32_workspace/via_ui/inc" -I"/Users/willmitchell/Documents/stm32_workspace/via_hardware/Middlewares/ST/STM32_TouchSensing_Library/inc" -I"/Users/willmitchell/Documents/stm32_workspace/via_hardware/inc" -I"/Users/willmitchell/Documents/stm32_workspace/via_meta/Inc" -I"/Users/willmitchell/Documents/stm32_workspace/via_meta/Drivers/STM32F3xx_HAL_Driver/Inc" -I"/Users/willmitchell/Documents/stm32_workspace/via_meta/Drivers/STM32F3xx_HAL_Driver/Inc/Legacy" -I../Middlewares/ST/STM32_TouchSensing_Library/inc -I"/Users/willmitchell/Documents/stm32_workspace/via_meta/Drivers/CMSIS/Device/ST/STM32F3xx/Include" -I"/Users/willmitchell/Documents/stm32_workspace/via_meta/Drivers/CMSIS/Include"  -O1 -w -fmessage-length=0 -ffunction-sections -c -MMD -MP -MF"Src/meta_trigger_states.d" -MT"Src/meta_trigger_states.o" -o "Src/meta_trigger_states.o" "../Src/meta_trigger_states.c"
Finished building: ../Src/meta_trigger_states.c
 
Building file: ../Src/meta_ui_implementation.c
Invoking: MCU GCC Compiler
/Users/willmitchell/Documents/stm32_workspace/via_meta/Release
arm-none-eabi-gcc -mcpu=cortex-m4 -mthumb -mfloat-abi=hard -mfpu=fpv4-sp-d16 '-D__weak=__attribute__((weak))' '-D__packed="__attribute__((__packed__))"' -DUSE_HAL_DRIVER -DSTM32F373xC -I"/Users/willmitchell/Documents/stm32_workspace/via_ui/inc" -I"/Users/willmitchell/Documents/stm32_workspace/via_hardware/Middlewares/ST/STM32_TouchSensing_Library/inc" -I"/Users/willmitchell/Documents/stm32_workspace/via_hardware/inc" -I"/Users/willmitchell/Documents/stm32_workspace/via_meta/Inc" -I"/Users/willmitchell/Documents/stm32_workspace/via_meta/Drivers/STM32F3xx_HAL_Driver/Inc" -I"/Users/willmitchell/Documents/stm32_workspace/via_meta/Drivers/STM32F3xx_HAL_Driver/Inc/Legacy" -I../Middlewares/ST/STM32_TouchSensing_Library/inc -I"/Users/willmitchell/Documents/stm32_workspace/via_meta/Drivers/CMSIS/Device/ST/STM32F3xx/Include" -I"/Users/willmitchell/Documents/stm32_workspace/via_meta/Drivers/CMSIS/Include"  -O1 -w -fmessage-length=0 -ffunction-sections -c -MMD -MP -MF"Src/meta_ui_implementation.d" -MT"Src/meta_ui_implementation.o" -o "Src/meta_ui_implementation.o" "../Src/meta_ui_implementation.c"
Finished building: ../Src/meta_ui_implementation.c
 
Building target: libvia_meta.a
Invoking: MCU GCC Archiver
arm-none-eabi-ar -r  "libvia_meta.a" @"objects.list"  
Finished building target: libvia_meta.a
 

23:47:30 Build Finished (took 1s.601ms)

