22:17:45 **** Incremental Build of configuration Release for project via_hardware_library ****
make all 
Building file: ../Src/adc.c
Invoking: MCU GCC Compiler
/Users/willmitchell/Documents/stm32_workspace/via_hardware_library/Release
arm-none-eabi-gcc -mcpu=cortex-m4 -mthumb -mfloat-abi=hard -mfpu=fpv4-sp-d16 '-D__weak=__attribute__((weak))' '-D__packed="__attribute__((__packed__))"' -DUSE_HAL_DRIVER -DSTM32F373xC -I"/Users/willmitchell/Documents/stm32_workspace/via_hardware_library/Inc" -I"/Users/willmitchell/Documents/stm32_workspace/via_ui_library/inc" -I"/Users/willmitchell/Documents/stm32_workspace/via_hardware_library/Drivers/STM32F3xx_HAL_Driver/Inc" -I"/Users/willmitchell/Documents/stm32_workspace/via_hardware_library/Drivers/STM32F3xx_HAL_Driver/Inc/Legacy" -I"/Users/willmitchell/Documents/stm32_workspace/via_hardware_library/Middlewares/ST/STM32_TouchSensing_Library/inc" -I"/Users/willmitchell/Documents/stm32_workspace/via_hardware_library/Drivers/CMSIS/Device/ST/STM32F3xx/Include" -I"/Users/willmitchell/Documents/stm32_workspace/via_hardware_library/Drivers/CMSIS/Include"  -O3 -Wall -fmessage-length=0 -ffunction-sections -c -MMD -MP -MF"Src/adc.d" -MT"Src/adc.o" -o "Src/adc.o" "../Src/adc.c"
Finished building: ../Src/adc.c
 
Building file: ../Src/dac.c
Invoking: MCU GCC Compiler
/Users/willmitchell/Documents/stm32_workspace/via_hardware_library/Release
arm-none-eabi-gcc -mcpu=cortex-m4 -mthumb -mfloat-abi=hard -mfpu=fpv4-sp-d16 '-D__weak=__attribute__((weak))' '-D__packed="__attribute__((__packed__))"' -DUSE_HAL_DRIVER -DSTM32F373xC -I"/Users/willmitchell/Documents/stm32_workspace/via_hardware_library/Inc" -I"/Users/willmitchell/Documents/stm32_workspace/via_ui_library/inc" -I"/Users/willmitchell/Documents/stm32_workspace/via_hardware_library/Drivers/STM32F3xx_HAL_Driver/Inc" -I"/Users/willmitchell/Documents/stm32_workspace/via_hardware_library/Drivers/STM32F3xx_HAL_Driver/Inc/Legacy" -I"/Users/willmitchell/Documents/stm32_workspace/via_hardware_library/Middlewares/ST/STM32_TouchSensing_Library/inc" -I"/Users/willmitchell/Documents/stm32_workspace/via_hardware_library/Drivers/CMSIS/Device/ST/STM32F3xx/Include" -I"/Users/willmitchell/Documents/stm32_workspace/via_hardware_library/Drivers/CMSIS/Include"  -O3 -Wall -fmessage-length=0 -ffunction-sections -c -MMD -MP -MF"Src/dac.d" -MT"Src/dac.o" -o "Src/dac.o" "../Src/dac.c"
Finished building: ../Src/dac.c
 
Building file: ../Src/dma.c
Invoking: MCU GCC Compiler
/Users/willmitchell/Documents/stm32_workspace/via_hardware_library/Release
arm-none-eabi-gcc -mcpu=cortex-m4 -mthumb -mfloat-abi=hard -mfpu=fpv4-sp-d16 '-D__weak=__attribute__((weak))' '-D__packed="__attribute__((__packed__))"' -DUSE_HAL_DRIVER -DSTM32F373xC -I"/Users/willmitchell/Documents/stm32_workspace/via_hardware_library/Inc" -I"/Users/willmitchell/Documents/stm32_workspace/via_ui_library/inc" -I"/Users/willmitchell/Documents/stm32_workspace/via_hardware_library/Drivers/STM32F3xx_HAL_Driver/Inc" -I"/Users/willmitchell/Documents/stm32_workspace/via_hardware_library/Drivers/STM32F3xx_HAL_Driver/Inc/Legacy" -I"/Users/willmitchell/Documents/stm32_workspace/via_hardware_library/Middlewares/ST/STM32_TouchSensing_Library/inc" -I"/Users/willmitchell/Documents/stm32_workspace/via_hardware_library/Drivers/CMSIS/Device/ST/STM32F3xx/Include" -I"/Users/willmitchell/Documents/stm32_workspace/via_hardware_library/Drivers/CMSIS/Include"  -O3 -Wall -fmessage-length=0 -ffunction-sections -c -MMD -MP -MF"Src/dma.d" -MT"Src/dma.o" -o "Src/dma.o" "../Src/dma.c"
Finished building: ../Src/dma.c
 
Building file: ../Src/gpio.c
Invoking: MCU GCC Compiler
/Users/willmitchell/Documents/stm32_workspace/via_hardware_library/Release
arm-none-eabi-gcc -mcpu=cortex-m4 -mthumb -mfloat-abi=hard -mfpu=fpv4-sp-d16 '-D__weak=__attribute__((weak))' '-D__packed="__attribute__((__packed__))"' -DUSE_HAL_DRIVER -DSTM32F373xC -I"/Users/willmitchell/Documents/stm32_workspace/via_hardware_library/Inc" -I"/Users/willmitchell/Documents/stm32_workspace/via_ui_library/inc" -I"/Users/willmitchell/Documents/stm32_workspace/via_hardware_library/Drivers/STM32F3xx_HAL_Driver/Inc" -I"/Users/willmitchell/Documents/stm32_workspace/via_hardware_library/Drivers/STM32F3xx_HAL_Driver/Inc/Legacy" -I"/Users/willmitchell/Documents/stm32_workspace/via_hardware_library/Middlewares/ST/STM32_TouchSensing_Library/inc" -I"/Users/willmitchell/Documents/stm32_workspace/via_hardware_library/Drivers/CMSIS/Device/ST/STM32F3xx/Include" -I"/Users/willmitchell/Documents/stm32_workspace/via_hardware_library/Drivers/CMSIS/Include"  -O3 -Wall -fmessage-length=0 -ffunction-sections -c -MMD -MP -MF"Src/gpio.d" -MT"Src/gpio.o" -o "Src/gpio.o" "../Src/gpio.c"
Finished building: ../Src/gpio.c
 
Building file: ../Src/sdadc.c
Invoking: MCU GCC Compiler
/Users/willmitchell/Documents/stm32_workspace/via_hardware_library/Release
arm-none-eabi-gcc -mcpu=cortex-m4 -mthumb -mfloat-abi=hard -mfpu=fpv4-sp-d16 '-D__weak=__attribute__((weak))' '-D__packed="__attribute__((__packed__))"' -DUSE_HAL_DRIVER -DSTM32F373xC -I"/Users/willmitchell/Documents/stm32_workspace/via_hardware_library/Inc" -I"/Users/willmitchell/Documents/stm32_workspace/via_ui_library/inc" -I"/Users/willmitchell/Documents/stm32_workspace/via_hardware_library/Drivers/STM32F3xx_HAL_Driver/Inc" -I"/Users/willmitchell/Documents/stm32_workspace/via_hardware_library/Drivers/STM32F3xx_HAL_Driver/Inc/Legacy" -I"/Users/willmitchell/Documents/stm32_workspace/via_hardware_library/Middlewares/ST/STM32_TouchSensing_Library/inc" -I"/Users/willmitchell/Documents/stm32_workspace/via_hardware_library/Drivers/CMSIS/Device/ST/STM32F3xx/Include" -I"/Users/willmitchell/Documents/stm32_workspace/via_hardware_library/Drivers/CMSIS/Include"  -O3 -Wall -fmessage-length=0 -ffunction-sections -c -MMD -MP -MF"Src/sdadc.d" -MT"Src/sdadc.o" -o "Src/sdadc.o" "../Src/sdadc.c"
Finished building: ../Src/sdadc.c
 
Building file: ../Src/stm32f3xx_hal_msp.c
Invoking: MCU GCC Compiler
/Users/willmitchell/Documents/stm32_workspace/via_hardware_library/Release
arm-none-eabi-gcc -mcpu=cortex-m4 -mthumb -mfloat-abi=hard -mfpu=fpv4-sp-d16 '-D__weak=__attribute__((weak))' '-D__packed="__attribute__((__packed__))"' -DUSE_HAL_DRIVER -DSTM32F373xC -I"/Users/willmitchell/Documents/stm32_workspace/via_hardware_library/Inc" -I"/Users/willmitchell/Documents/stm32_workspace/via_ui_library/inc" -I"/Users/willmitchell/Documents/stm32_workspace/via_hardware_library/Drivers/STM32F3xx_HAL_Driver/Inc" -I"/Users/willmitchell/Documents/stm32_workspace/via_hardware_library/Drivers/STM32F3xx_HAL_Driver/Inc/Legacy" -I"/Users/willmitchell/Documents/stm32_workspace/via_hardware_library/Middlewares/ST/STM32_TouchSensing_Library/inc" -I"/Users/willmitchell/Documents/stm32_workspace/via_hardware_library/Drivers/CMSIS/Device/ST/STM32F3xx/Include" -I"/Users/willmitchell/Documents/stm32_workspace/via_hardware_library/Drivers/CMSIS/Include"  -O3 -Wall -fmessage-length=0 -ffunction-sections -c -MMD -MP -MF"Src/stm32f3xx_hal_msp.d" -MT"Src/stm32f3xx_hal_msp.o" -o "Src/stm32f3xx_hal_msp.o" "../Src/stm32f3xx_hal_msp.c"
Finished building: ../Src/stm32f3xx_hal_msp.c
 
Building file: ../Src/system_stm32f3xx.c
Invoking: MCU GCC Compiler
/Users/willmitchell/Documents/stm32_workspace/via_hardware_library/Release
arm-none-eabi-gcc -mcpu=cortex-m4 -mthumb -mfloat-abi=hard -mfpu=fpv4-sp-d16 '-D__weak=__attribute__((weak))' '-D__packed="__attribute__((__packed__))"' -DUSE_HAL_DRIVER -DSTM32F373xC -I"/Users/willmitchell/Documents/stm32_workspace/via_hardware_library/Inc" -I"/Users/willmitchell/Documents/stm32_workspace/via_ui_library/inc" -I"/Users/willmitchell/Documents/stm32_workspace/via_hardware_library/Drivers/STM32F3xx_HAL_Driver/Inc" -I"/Users/willmitchell/Documents/stm32_workspace/via_hardware_library/Drivers/STM32F3xx_HAL_Driver/Inc/Legacy" -I"/Users/willmitchell/Documents/stm32_workspace/via_hardware_library/Middlewares/ST/STM32_TouchSensing_Library/inc" -I"/Users/willmitchell/Documents/stm32_workspace/via_hardware_library/Drivers/CMSIS/Device/ST/STM32F3xx/Include" -I"/Users/willmitchell/Documents/stm32_workspace/via_hardware_library/Drivers/CMSIS/Include"  -O3 -Wall -fmessage-length=0 -ffunction-sections -c -MMD -MP -MF"Src/system_stm32f3xx.d" -MT"Src/system_stm32f3xx.o" -o "Src/system_stm32f3xx.o" "../Src/system_stm32f3xx.c"
Finished building: ../Src/system_stm32f3xx.c
 
Building file: ../Src/tim.c
Invoking: MCU GCC Compiler
/Users/willmitchell/Documents/stm32_workspace/via_hardware_library/Release
arm-none-eabi-gcc -mcpu=cortex-m4 -mthumb -mfloat-abi=hard -mfpu=fpv4-sp-d16 '-D__weak=__attribute__((weak))' '-D__packed="__attribute__((__packed__))"' -DUSE_HAL_DRIVER -DSTM32F373xC -I"/Users/willmitchell/Documents/stm32_workspace/via_hardware_library/Inc" -I"/Users/willmitchell/Documents/stm32_workspace/via_ui_library/inc" -I"/Users/willmitchell/Documents/stm32_workspace/via_hardware_library/Drivers/STM32F3xx_HAL_Driver/Inc" -I"/Users/willmitchell/Documents/stm32_workspace/via_hardware_library/Drivers/STM32F3xx_HAL_Driver/Inc/Legacy" -I"/Users/willmitchell/Documents/stm32_workspace/via_hardware_library/Middlewares/ST/STM32_TouchSensing_Library/inc" -I"/Users/willmitchell/Documents/stm32_workspace/via_hardware_library/Drivers/CMSIS/Device/ST/STM32F3xx/Include" -I"/Users/willmitchell/Documents/stm32_workspace/via_hardware_library/Drivers/CMSIS/Include"  -O3 -Wall -fmessage-length=0 -ffunction-sections -c -MMD -MP -MF"Src/tim.d" -MT"Src/tim.o" -o "Src/tim.o" "../Src/tim.c"
Finished building: ../Src/tim.c
 
Building file: ../Src/touchsensing.c
Invoking: MCU GCC Compiler
/Users/willmitchell/Documents/stm32_workspace/via_hardware_library/Release
arm-none-eabi-gcc -mcpu=cortex-m4 -mthumb -mfloat-abi=hard -mfpu=fpv4-sp-d16 '-D__weak=__attribute__((weak))' '-D__packed="__attribute__((__packed__))"' -DUSE_HAL_DRIVER -DSTM32F373xC -I"/Users/willmitchell/Documents/stm32_workspace/via_hardware_library/Inc" -I"/Users/willmitchell/Documents/stm32_workspace/via_ui_library/inc" -I"/Users/willmitchell/Documents/stm32_workspace/via_hardware_library/Drivers/STM32F3xx_HAL_Driver/Inc" -I"/Users/willmitchell/Documents/stm32_workspace/via_hardware_library/Drivers/STM32F3xx_HAL_Driver/Inc/Legacy" -I"/Users/willmitchell/Documents/stm32_workspace/via_hardware_library/Middlewares/ST/STM32_TouchSensing_Library/inc" -I"/Users/willmitchell/Documents/stm32_workspace/via_hardware_library/Drivers/CMSIS/Device/ST/STM32F3xx/Include" -I"/Users/willmitchell/Documents/stm32_workspace/via_hardware_library/Drivers/CMSIS/Include"  -O3 -Wall -fmessage-length=0 -ffunction-sections -c -MMD -MP -MF"Src/touchsensing.d" -MT"Src/touchsensing.o" -o "Src/touchsensing.o" "../Src/touchsensing.c"
Finished building: ../Src/touchsensing.c
 
Building file: ../Src/tsc.c
Invoking: MCU GCC Compiler
/Users/willmitchell/Documents/stm32_workspace/via_hardware_library/Release
arm-none-eabi-gcc -mcpu=cortex-m4 -mthumb -mfloat-abi=hard -mfpu=fpv4-sp-d16 '-D__weak=__attribute__((weak))' '-D__packed="__attribute__((__packed__))"' -DUSE_HAL_DRIVER -DSTM32F373xC -I"/Users/willmitchell/Documents/stm32_workspace/via_hardware_library/Inc" -I"/Users/willmitchell/Documents/stm32_workspace/via_ui_library/inc" -I"/Users/willmitchell/Documents/stm32_workspace/via_hardware_library/Drivers/STM32F3xx_HAL_Driver/Inc" -I"/Users/willmitchell/Documents/stm32_workspace/via_hardware_library/Drivers/STM32F3xx_HAL_Driver/Inc/Legacy" -I"/Users/willmitchell/Documents/stm32_workspace/via_hardware_library/Middlewares/ST/STM32_TouchSensing_Library/inc" -I"/Users/willmitchell/Documents/stm32_workspace/via_hardware_library/Drivers/CMSIS/Device/ST/STM32F3xx/Include" -I"/Users/willmitchell/Documents/stm32_workspace/via_hardware_library/Drivers/CMSIS/Include"  -O3 -Wall -fmessage-length=0 -ffunction-sections -c -MMD -MP -MF"Src/tsc.d" -MT"Src/tsc.o" -o "Src/tsc.o" "../Src/tsc.c"
Finished building: ../Src/tsc.c
 
Building file: ../Src/tsl_user.c
Invoking: MCU GCC Compiler
/Users/willmitchell/Documents/stm32_workspace/via_hardware_library/Release
arm-none-eabi-gcc -mcpu=cortex-m4 -mthumb -mfloat-abi=hard -mfpu=fpv4-sp-d16 '-D__weak=__attribute__((weak))' '-D__packed="__attribute__((__packed__))"' -DUSE_HAL_DRIVER -DSTM32F373xC -I"/Users/willmitchell/Documents/stm32_workspace/via_hardware_library/Inc" -I"/Users/willmitchell/Documents/stm32_workspace/via_ui_library/inc" -I"/Users/willmitchell/Documents/stm32_workspace/via_hardware_library/Drivers/STM32F3xx_HAL_Driver/Inc" -I"/Users/willmitchell/Documents/stm32_workspace/via_hardware_library/Drivers/STM32F3xx_HAL_Driver/Inc/Legacy" -I"/Users/willmitchell/Documents/stm32_workspace/via_hardware_library/Middlewares/ST/STM32_TouchSensing_Library/inc" -I"/Users/willmitchell/Documents/stm32_workspace/via_hardware_library/Drivers/CMSIS/Device/ST/STM32F3xx/Include" -I"/Users/willmitchell/Documents/stm32_workspace/via_hardware_library/Drivers/CMSIS/Include"  -O3 -Wall -fmessage-length=0 -ffunction-sections -c -MMD -MP -MF"Src/tsl_user.d" -MT"Src/tsl_user.o" -o "Src/tsl_user.o" "../Src/tsl_user.c"
Finished building: ../Src/tsl_user.c
 
Building file: ../Middlewares/ST/STM32_TouchSensing_Library/src/tsl.c
Invoking: MCU GCC Compiler
/Users/willmitchell/Documents/stm32_workspace/via_hardware_library/Release
arm-none-eabi-gcc -mcpu=cortex-m4 -mthumb -mfloat-abi=hard -mfpu=fpv4-sp-d16 '-D__weak=__attribute__((weak))' '-D__packed="__attribute__((__packed__))"' -DUSE_HAL_DRIVER -DSTM32F373xC -I"/Users/willmitchell/Documents/stm32_workspace/via_hardware_library/Inc" -I"/Users/willmitchell/Documents/stm32_workspace/via_ui_library/inc" -I"/Users/willmitchell/Documents/stm32_workspace/via_hardware_library/Drivers/STM32F3xx_HAL_Driver/Inc" -I"/Users/willmitchell/Documents/stm32_workspace/via_hardware_library/Drivers/STM32F3xx_HAL_Driver/Inc/Legacy" -I"/Users/willmitchell/Documents/stm32_workspace/via_hardware_library/Middlewares/ST/STM32_TouchSensing_Library/inc" -I"/Users/willmitchell/Documents/stm32_workspace/via_hardware_library/Drivers/CMSIS/Device/ST/STM32F3xx/Include" -I"/Users/willmitchell/Documents/stm32_workspace/via_hardware_library/Drivers/CMSIS/Include"  -O3 -Wall -fmessage-length=0 -ffunction-sections -c -MMD -MP -MF"Middlewares/ST/STM32_TouchSensing_Library/src/tsl.d" -MT"Middlewares/ST/STM32_TouchSensing_Library/src/tsl.o" -o "Middlewares/ST/STM32_TouchSensing_Library/src/tsl.o" "../Middlewares/ST/STM32_TouchSensing_Library/src/tsl.c"
Finished building: ../Middlewares/ST/STM32_TouchSensing_Library/src/tsl.c
 
Building file: ../Middlewares/ST/STM32_TouchSensing_Library/src/tsl_acq.c
Invoking: MCU GCC Compiler
/Users/willmitchell/Documents/stm32_workspace/via_hardware_library/Release
arm-none-eabi-gcc -mcpu=cortex-m4 -mthumb -mfloat-abi=hard -mfpu=fpv4-sp-d16 '-D__weak=__attribute__((weak))' '-D__packed="__attribute__((__packed__))"' -DUSE_HAL_DRIVER -DSTM32F373xC -I"/Users/willmitchell/Documents/stm32_workspace/via_hardware_library/Inc" -I"/Users/willmitchell/Documents/stm32_workspace/via_ui_library/inc" -I"/Users/willmitchell/Documents/stm32_workspace/via_hardware_library/Drivers/STM32F3xx_HAL_Driver/Inc" -I"/Users/willmitchell/Documents/stm32_workspace/via_hardware_library/Drivers/STM32F3xx_HAL_Driver/Inc/Legacy" -I"/Users/willmitchell/Documents/stm32_workspace/via_hardware_library/Middlewares/ST/STM32_TouchSensing_Library/inc" -I"/Users/willmitchell/Documents/stm32_workspace/via_hardware_library/Drivers/CMSIS/Device/ST/STM32F3xx/Include" -I"/Users/willmitchell/Documents/stm32_workspace/via_hardware_library/Drivers/CMSIS/Include"  -O3 -Wall -fmessage-length=0 -ffunction-sections -c -MMD -MP -MF"Middlewares/ST/STM32_TouchSensing_Library/src/tsl_acq.d" -MT"Middlewares/ST/STM32_TouchSensing_Library/src/tsl_acq.o" -o "Middlewares/ST/STM32_TouchSensing_Library/src/tsl_acq.o" "../Middlewares/ST/STM32_TouchSensing_Library/src/tsl_acq.c"
Finished building: ../Middlewares/ST/STM32_TouchSensing_Library/src/tsl_acq.c
 
Building file: ../Middlewares/ST/STM32_TouchSensing_Library/src/tsl_acq_tsc.c
Invoking: MCU GCC Compiler
/Users/willmitchell/Documents/stm32_workspace/via_hardware_library/Release
arm-none-eabi-gcc -mcpu=cortex-m4 -mthumb -mfloat-abi=hard -mfpu=fpv4-sp-d16 '-D__weak=__attribute__((weak))' '-D__packed="__attribute__((__packed__))"' -DUSE_HAL_DRIVER -DSTM32F373xC -I"/Users/willmitchell/Documents/stm32_workspace/via_hardware_library/Inc" -I"/Users/willmitchell/Documents/stm32_workspace/via_ui_library/inc" -I"/Users/willmitchell/Documents/stm32_workspace/via_hardware_library/Drivers/STM32F3xx_HAL_Driver/Inc" -I"/Users/willmitchell/Documents/stm32_workspace/via_hardware_library/Drivers/STM32F3xx_HAL_Driver/Inc/Legacy" -I"/Users/willmitchell/Documents/stm32_workspace/via_hardware_library/Middlewares/ST/STM32_TouchSensing_Library/inc" -I"/Users/willmitchell/Documents/stm32_workspace/via_hardware_library/Drivers/CMSIS/Device/ST/STM32F3xx/Include" -I"/Users/willmitchell/Documents/stm32_workspace/via_hardware_library/Drivers/CMSIS/Include"  -O3 -Wall -fmessage-length=0 -ffunction-sections -c -MMD -MP -MF"Middlewares/ST/STM32_TouchSensing_Library/src/tsl_acq_tsc.d" -MT"Middlewares/ST/STM32_TouchSensing_Library/src/tsl_acq_tsc.o" -o "Middlewares/ST/STM32_TouchSensing_Library/src/tsl_acq_tsc.o" "../Middlewares/ST/STM32_TouchSensing_Library/src/tsl_acq_tsc.c"
Finished building: ../Middlewares/ST/STM32_TouchSensing_Library/src/tsl_acq_tsc.c
 
Building file: ../Middlewares/ST/STM32_TouchSensing_Library/src/tsl_dxs.c
Invoking: MCU GCC Compiler
/Users/willmitchell/Documents/stm32_workspace/via_hardware_library/Release
arm-none-eabi-gcc -mcpu=cortex-m4 -mthumb -mfloat-abi=hard -mfpu=fpv4-sp-d16 '-D__weak=__attribute__((weak))' '-D__packed="__attribute__((__packed__))"' -DUSE_HAL_DRIVER -DSTM32F373xC -I"/Users/willmitchell/Documents/stm32_workspace/via_hardware_library/Inc" -I"/Users/willmitchell/Documents/stm32_workspace/via_ui_library/inc" -I"/Users/willmitchell/Documents/stm32_workspace/via_hardware_library/Drivers/STM32F3xx_HAL_Driver/Inc" -I"/Users/willmitchell/Documents/stm32_workspace/via_hardware_library/Drivers/STM32F3xx_HAL_Driver/Inc/Legacy" -I"/Users/willmitchell/Documents/stm32_workspace/via_hardware_library/Middlewares/ST/STM32_TouchSensing_Library/inc" -I"/Users/willmitchell/Documents/stm32_workspace/via_hardware_library/Drivers/CMSIS/Device/ST/STM32F3xx/Include" -I"/Users/willmitchell/Documents/stm32_workspace/via_hardware_library/Drivers/CMSIS/Include"  -O3 -Wall -fmessage-length=0 -ffunction-sections -c -MMD -MP -MF"Middlewares/ST/STM32_TouchSensing_Library/src/tsl_dxs.d" -MT"Middlewares/ST/STM32_TouchSensing_Library/src/tsl_dxs.o" -o "Middlewares/ST/STM32_TouchSensing_Library/src/tsl_dxs.o" "../Middlewares/ST/STM32_TouchSensing_Library/src/tsl_dxs.c"
Finished building: ../Middlewares/ST/STM32_TouchSensing_Library/src/tsl_dxs.c
 
Building file: ../Middlewares/ST/STM32_TouchSensing_Library/src/tsl_ecs.c
Invoking: MCU GCC Compiler
/Users/willmitchell/Documents/stm32_workspace/via_hardware_library/Release
arm-none-eabi-gcc -mcpu=cortex-m4 -mthumb -mfloat-abi=hard -mfpu=fpv4-sp-d16 '-D__weak=__attribute__((weak))' '-D__packed="__attribute__((__packed__))"' -DUSE_HAL_DRIVER -DSTM32F373xC -I"/Users/willmitchell/Documents/stm32_workspace/via_hardware_library/Inc" -I"/Users/willmitchell/Documents/stm32_workspace/via_ui_library/inc" -I"/Users/willmitchell/Documents/stm32_workspace/via_hardware_library/Drivers/STM32F3xx_HAL_Driver/Inc" -I"/Users/willmitchell/Documents/stm32_workspace/via_hardware_library/Drivers/STM32F3xx_HAL_Driver/Inc/Legacy" -I"/Users/willmitchell/Documents/stm32_workspace/via_hardware_library/Middlewares/ST/STM32_TouchSensing_Library/inc" -I"/Users/willmitchell/Documents/stm32_workspace/via_hardware_library/Drivers/CMSIS/Device/ST/STM32F3xx/Include" -I"/Users/willmitchell/Documents/stm32_workspace/via_hardware_library/Drivers/CMSIS/Include"  -O3 -Wall -fmessage-length=0 -ffunction-sections -c -MMD -MP -MF"Middlewares/ST/STM32_TouchSensing_Library/src/tsl_ecs.d" -MT"Middlewares/ST/STM32_TouchSensing_Library/src/tsl_ecs.o" -o "Middlewares/ST/STM32_TouchSensing_Library/src/tsl_ecs.o" "../Middlewares/ST/STM32_TouchSensing_Library/src/tsl_ecs.c"
Finished building: ../Middlewares/ST/STM32_TouchSensing_Library/src/tsl_ecs.c
 
Building file: ../Middlewares/ST/STM32_TouchSensing_Library/src/tsl_filter.c
Invoking: MCU GCC Compiler
/Users/willmitchell/Documents/stm32_workspace/via_hardware_library/Release
arm-none-eabi-gcc -mcpu=cortex-m4 -mthumb -mfloat-abi=hard -mfpu=fpv4-sp-d16 '-D__weak=__attribute__((weak))' '-D__packed="__attribute__((__packed__))"' -DUSE_HAL_DRIVER -DSTM32F373xC -I"/Users/willmitchell/Documents/stm32_workspace/via_hardware_library/Inc" -I"/Users/willmitchell/Documents/stm32_workspace/via_ui_library/inc" -I"/Users/willmitchell/Documents/stm32_workspace/via_hardware_library/Drivers/STM32F3xx_HAL_Driver/Inc" -I"/Users/willmitchell/Documents/stm32_workspace/via_hardware_library/Drivers/STM32F3xx_HAL_Driver/Inc/Legacy" -I"/Users/willmitchell/Documents/stm32_workspace/via_hardware_library/Middlewares/ST/STM32_TouchSensing_Library/inc" -I"/Users/willmitchell/Documents/stm32_workspace/via_hardware_library/Drivers/CMSIS/Device/ST/STM32F3xx/Include" -I"/Users/willmitchell/Documents/stm32_workspace/via_hardware_library/Drivers/CMSIS/Include"  -O3 -Wall -fmessage-length=0 -ffunction-sections -c -MMD -MP -MF"Middlewares/ST/STM32_TouchSensing_Library/src/tsl_filter.d" -MT"Middlewares/ST/STM32_TouchSensing_Library/src/tsl_filter.o" -o "Middlewares/ST/STM32_TouchSensing_Library/src/tsl_filter.o" "../Middlewares/ST/STM32_TouchSensing_Library/src/tsl_filter.c"
Finished building: ../Middlewares/ST/STM32_TouchSensing_Library/src/tsl_filter.c
 
Building file: ../Middlewares/ST/STM32_TouchSensing_Library/src/tsl_globals.c
Invoking: MCU GCC Compiler
/Users/willmitchell/Documents/stm32_workspace/via_hardware_library/Release
arm-none-eabi-gcc -mcpu=cortex-m4 -mthumb -mfloat-abi=hard -mfpu=fpv4-sp-d16 '-D__weak=__attribute__((weak))' '-D__packed="__attribute__((__packed__))"' -DUSE_HAL_DRIVER -DSTM32F373xC -I"/Users/willmitchell/Documents/stm32_workspace/via_hardware_library/Inc" -I"/Users/willmitchell/Documents/stm32_workspace/via_ui_library/inc" -I"/Users/willmitchell/Documents/stm32_workspace/via_hardware_library/Drivers/STM32F3xx_HAL_Driver/Inc" -I"/Users/willmitchell/Documents/stm32_workspace/via_hardware_library/Drivers/STM32F3xx_HAL_Driver/Inc/Legacy" -I"/Users/willmitchell/Documents/stm32_workspace/via_hardware_library/Middlewares/ST/STM32_TouchSensing_Library/inc" -I"/Users/willmitchell/Documents/stm32_workspace/via_hardware_library/Drivers/CMSIS/Device/ST/STM32F3xx/Include" -I"/Users/willmitchell/Documents/stm32_workspace/via_hardware_library/Drivers/CMSIS/Include"  -O3 -Wall -fmessage-length=0 -ffunction-sections -c -MMD -MP -MF"Middlewares/ST/STM32_TouchSensing_Library/src/tsl_globals.d" -MT"Middlewares/ST/STM32_TouchSensing_Library/src/tsl_globals.o" -o "Middlewares/ST/STM32_TouchSensing_Library/src/tsl_globals.o" "../Middlewares/ST/STM32_TouchSensing_Library/src/tsl_globals.c"
Finished building: ../Middlewares/ST/STM32_TouchSensing_Library/src/tsl_globals.c
 
Building file: ../Middlewares/ST/STM32_TouchSensing_Library/src/tsl_linrot.c
Invoking: MCU GCC Compiler
/Users/willmitchell/Documents/stm32_workspace/via_hardware_library/Release
arm-none-eabi-gcc -mcpu=cortex-m4 -mthumb -mfloat-abi=hard -mfpu=fpv4-sp-d16 '-D__weak=__attribute__((weak))' '-D__packed="__attribute__((__packed__))"' -DUSE_HAL_DRIVER -DSTM32F373xC -I"/Users/willmitchell/Documents/stm32_workspace/via_hardware_library/Inc" -I"/Users/willmitchell/Documents/stm32_workspace/via_ui_library/inc" -I"/Users/willmitchell/Documents/stm32_workspace/via_hardware_library/Drivers/STM32F3xx_HAL_Driver/Inc" -I"/Users/willmitchell/Documents/stm32_workspace/via_hardware_library/Drivers/STM32F3xx_HAL_Driver/Inc/Legacy" -I"/Users/willmitchell/Documents/stm32_workspace/via_hardware_library/Middlewares/ST/STM32_TouchSensing_Library/inc" -I"/Users/willmitchell/Documents/stm32_workspace/via_hardware_library/Drivers/CMSIS/Device/ST/STM32F3xx/Include" -I"/Users/willmitchell/Documents/stm32_workspace/via_hardware_library/Drivers/CMSIS/Include"  -O3 -Wall -fmessage-length=0 -ffunction-sections -c -MMD -MP -MF"Middlewares/ST/STM32_TouchSensing_Library/src/tsl_linrot.d" -MT"Middlewares/ST/STM32_TouchSensing_Library/src/tsl_linrot.o" -o "Middlewares/ST/STM32_TouchSensing_Library/src/tsl_linrot.o" "../Middlewares/ST/STM32_TouchSensing_Library/src/tsl_linrot.c"
Finished building: ../Middlewares/ST/STM32_TouchSensing_Library/src/tsl_linrot.c
 
Building file: ../Middlewares/ST/STM32_TouchSensing_Library/src/tsl_object.c
Invoking: MCU GCC Compiler
/Users/willmitchell/Documents/stm32_workspace/via_hardware_library/Release
arm-none-eabi-gcc -mcpu=cortex-m4 -mthumb -mfloat-abi=hard -mfpu=fpv4-sp-d16 '-D__weak=__attribute__((weak))' '-D__packed="__attribute__((__packed__))"' -DUSE_HAL_DRIVER -DSTM32F373xC -I"/Users/willmitchell/Documents/stm32_workspace/via_hardware_library/Inc" -I"/Users/willmitchell/Documents/stm32_workspace/via_ui_library/inc" -I"/Users/willmitchell/Documents/stm32_workspace/via_hardware_library/Drivers/STM32F3xx_HAL_Driver/Inc" -I"/Users/willmitchell/Documents/stm32_workspace/via_hardware_library/Drivers/STM32F3xx_HAL_Driver/Inc/Legacy" -I"/Users/willmitchell/Documents/stm32_workspace/via_hardware_library/Middlewares/ST/STM32_TouchSensing_Library/inc" -I"/Users/willmitchell/Documents/stm32_workspace/via_hardware_library/Drivers/CMSIS/Device/ST/STM32F3xx/Include" -I"/Users/willmitchell/Documents/stm32_workspace/via_hardware_library/Drivers/CMSIS/Include"  -O3 -Wall -fmessage-length=0 -ffunction-sections -c -MMD -MP -MF"Middlewares/ST/STM32_TouchSensing_Library/src/tsl_object.d" -MT"Middlewares/ST/STM32_TouchSensing_Library/src/tsl_object.o" -o "Middlewares/ST/STM32_TouchSensing_Library/src/tsl_object.o" "../Middlewares/ST/STM32_TouchSensing_Library/src/tsl_object.c"
Finished building: ../Middlewares/ST/STM32_TouchSensing_Library/src/tsl_object.c
 
Building file: ../Middlewares/ST/STM32_TouchSensing_Library/src/tsl_time.c
Invoking: MCU GCC Compiler
/Users/willmitchell/Documents/stm32_workspace/via_hardware_library/Release
arm-none-eabi-gcc -mcpu=cortex-m4 -mthumb -mfloat-abi=hard -mfpu=fpv4-sp-d16 '-D__weak=__attribute__((weak))' '-D__packed="__attribute__((__packed__))"' -DUSE_HAL_DRIVER -DSTM32F373xC -I"/Users/willmitchell/Documents/stm32_workspace/via_hardware_library/Inc" -I"/Users/willmitchell/Documents/stm32_workspace/via_ui_library/inc" -I"/Users/willmitchell/Documents/stm32_workspace/via_hardware_library/Drivers/STM32F3xx_HAL_Driver/Inc" -I"/Users/willmitchell/Documents/stm32_workspace/via_hardware_library/Drivers/STM32F3xx_HAL_Driver/Inc/Legacy" -I"/Users/willmitchell/Documents/stm32_workspace/via_hardware_library/Middlewares/ST/STM32_TouchSensing_Library/inc" -I"/Users/willmitchell/Documents/stm32_workspace/via_hardware_library/Drivers/CMSIS/Device/ST/STM32F3xx/Include" -I"/Users/willmitchell/Documents/stm32_workspace/via_hardware_library/Drivers/CMSIS/Include"  -O3 -Wall -fmessage-length=0 -ffunction-sections -c -MMD -MP -MF"Middlewares/ST/STM32_TouchSensing_Library/src/tsl_time.d" -MT"Middlewares/ST/STM32_TouchSensing_Library/src/tsl_time.o" -o "Middlewares/ST/STM32_TouchSensing_Library/src/tsl_time.o" "../Middlewares/ST/STM32_TouchSensing_Library/src/tsl_time.c"
Finished building: ../Middlewares/ST/STM32_TouchSensing_Library/src/tsl_time.c
 
Building file: ../Middlewares/ST/STM32_TouchSensing_Library/src/tsl_touchkey.c
Invoking: MCU GCC Compiler
/Users/willmitchell/Documents/stm32_workspace/via_hardware_library/Release
arm-none-eabi-gcc -mcpu=cortex-m4 -mthumb -mfloat-abi=hard -mfpu=fpv4-sp-d16 '-D__weak=__attribute__((weak))' '-D__packed="__attribute__((__packed__))"' -DUSE_HAL_DRIVER -DSTM32F373xC -I"/Users/willmitchell/Documents/stm32_workspace/via_hardware_library/Inc" -I"/Users/willmitchell/Documents/stm32_workspace/via_ui_library/inc" -I"/Users/willmitchell/Documents/stm32_workspace/via_hardware_library/Drivers/STM32F3xx_HAL_Driver/Inc" -I"/Users/willmitchell/Documents/stm32_workspace/via_hardware_library/Drivers/STM32F3xx_HAL_Driver/Inc/Legacy" -I"/Users/willmitchell/Documents/stm32_workspace/via_hardware_library/Middlewares/ST/STM32_TouchSensing_Library/inc" -I"/Users/willmitchell/Documents/stm32_workspace/via_hardware_library/Drivers/CMSIS/Device/ST/STM32F3xx/Include" -I"/Users/willmitchell/Documents/stm32_workspace/via_hardware_library/Drivers/CMSIS/Include"  -O3 -Wall -fmessage-length=0 -ffunction-sections -c -MMD -MP -MF"Middlewares/ST/STM32_TouchSensing_Library/src/tsl_touchkey.d" -MT"Middlewares/ST/STM32_TouchSensing_Library/src/tsl_touchkey.o" -o "Middlewares/ST/STM32_TouchSensing_Library/src/tsl_touchkey.o" "../Middlewares/ST/STM32_TouchSensing_Library/src/tsl_touchkey.c"
Finished building: ../Middlewares/ST/STM32_TouchSensing_Library/src/tsl_touchkey.c
 
Building file: ../Drivers/STM32F3xx_HAL_Driver/Src/stm32f3xx_hal.c
Invoking: MCU GCC Compiler
/Users/willmitchell/Documents/stm32_workspace/via_hardware_library/Release
arm-none-eabi-gcc -mcpu=cortex-m4 -mthumb -mfloat-abi=hard -mfpu=fpv4-sp-d16 '-D__weak=__attribute__((weak))' '-D__packed="__attribute__((__packed__))"' -DUSE_HAL_DRIVER -DSTM32F373xC -I"/Users/willmitchell/Documents/stm32_workspace/via_hardware_library/Inc" -I"/Users/willmitchell/Documents/stm32_workspace/via_ui_library/inc" -I"/Users/willmitchell/Documents/stm32_workspace/via_hardware_library/Drivers/STM32F3xx_HAL_Driver/Inc" -I"/Users/willmitchell/Documents/stm32_workspace/via_hardware_library/Drivers/STM32F3xx_HAL_Driver/Inc/Legacy" -I"/Users/willmitchell/Documents/stm32_workspace/via_hardware_library/Middlewares/ST/STM32_TouchSensing_Library/inc" -I"/Users/willmitchell/Documents/stm32_workspace/via_hardware_library/Drivers/CMSIS/Device/ST/STM32F3xx/Include" -I"/Users/willmitchell/Documents/stm32_workspace/via_hardware_library/Drivers/CMSIS/Include"  -O3 -Wall -fmessage-length=0 -ffunction-sections -c -MMD -MP -MF"Drivers/STM32F3xx_HAL_Driver/Src/stm32f3xx_hal.d" -MT"Drivers/STM32F3xx_HAL_Driver/Src/stm32f3xx_hal.o" -o "Drivers/STM32F3xx_HAL_Driver/Src/stm32f3xx_hal.o" "../Drivers/STM32F3xx_HAL_Driver/Src/stm32f3xx_hal.c"
Finished building: ../Drivers/STM32F3xx_HAL_Driver/Src/stm32f3xx_hal.c
 
Building file: ../Drivers/STM32F3xx_HAL_Driver/Src/stm32f3xx_hal_adc.c
Invoking: MCU GCC Compiler
/Users/willmitchell/Documents/stm32_workspace/via_hardware_library/Release
arm-none-eabi-gcc -mcpu=cortex-m4 -mthumb -mfloat-abi=hard -mfpu=fpv4-sp-d16 '-D__weak=__attribute__((weak))' '-D__packed="__attribute__((__packed__))"' -DUSE_HAL_DRIVER -DSTM32F373xC -I"/Users/willmitchell/Documents/stm32_workspace/via_hardware_library/Inc" -I"/Users/willmitchell/Documents/stm32_workspace/via_ui_library/inc" -I"/Users/willmitchell/Documents/stm32_workspace/via_hardware_library/Drivers/STM32F3xx_HAL_Driver/Inc" -I"/Users/willmitchell/Documents/stm32_workspace/via_hardware_library/Drivers/STM32F3xx_HAL_Driver/Inc/Legacy" -I"/Users/willmitchell/Documents/stm32_workspace/via_hardware_library/Middlewares/ST/STM32_TouchSensing_Library/inc" -I"/Users/willmitchell/Documents/stm32_workspace/via_hardware_library/Drivers/CMSIS/Device/ST/STM32F3xx/Include" -I"/Users/willmitchell/Documents/stm32_workspace/via_hardware_library/Drivers/CMSIS/Include"  -O3 -Wall -fmessage-length=0 -ffunction-sections -c -MMD -MP -MF"Drivers/STM32F3xx_HAL_Driver/Src/stm32f3xx_hal_adc.d" -MT"Drivers/STM32F3xx_HAL_Driver/Src/stm32f3xx_hal_adc.o" -o "Drivers/STM32F3xx_HAL_Driver/Src/stm32f3xx_hal_adc.o" "../Drivers/STM32F3xx_HAL_Driver/Src/stm32f3xx_hal_adc.c"
Finished building: ../Drivers/STM32F3xx_HAL_Driver/Src/stm32f3xx_hal_adc.c
 
Building file: ../Drivers/STM32F3xx_HAL_Driver/Src/stm32f3xx_hal_adc_ex.c
Invoking: MCU GCC Compiler
/Users/willmitchell/Documents/stm32_workspace/via_hardware_library/Release
arm-none-eabi-gcc -mcpu=cortex-m4 -mthumb -mfloat-abi=hard -mfpu=fpv4-sp-d16 '-D__weak=__attribute__((weak))' '-D__packed="__attribute__((__packed__))"' -DUSE_HAL_DRIVER -DSTM32F373xC -I"/Users/willmitchell/Documents/stm32_workspace/via_hardware_library/Inc" -I"/Users/willmitchell/Documents/stm32_workspace/via_ui_library/inc" -I"/Users/willmitchell/Documents/stm32_workspace/via_hardware_library/Drivers/STM32F3xx_HAL_Driver/Inc" -I"/Users/willmitchell/Documents/stm32_workspace/via_hardware_library/Drivers/STM32F3xx_HAL_Driver/Inc/Legacy" -I"/Users/willmitchell/Documents/stm32_workspace/via_hardware_library/Middlewares/ST/STM32_TouchSensing_Library/inc" -I"/Users/willmitchell/Documents/stm32_workspace/via_hardware_library/Drivers/CMSIS/Device/ST/STM32F3xx/Include" -I"/Users/willmitchell/Documents/stm32_workspace/via_hardware_library/Drivers/CMSIS/Include"  -O3 -Wall -fmessage-length=0 -ffunction-sections -c -MMD -MP -MF"Drivers/STM32F3xx_HAL_Driver/Src/stm32f3xx_hal_adc_ex.d" -MT"Drivers/STM32F3xx_HAL_Driver/Src/stm32f3xx_hal_adc_ex.o" -o "Drivers/STM32F3xx_HAL_Driver/Src/stm32f3xx_hal_adc_ex.o" "../Drivers/STM32F3xx_HAL_Driver/Src/stm32f3xx_hal_adc_ex.c"
Finished building: ../Drivers/STM32F3xx_HAL_Driver/Src/stm32f3xx_hal_adc_ex.c
 
Building file: ../Drivers/STM32F3xx_HAL_Driver/Src/stm32f3xx_hal_cortex.c
Invoking: MCU GCC Compiler
/Users/willmitchell/Documents/stm32_workspace/via_hardware_library/Release
arm-none-eabi-gcc -mcpu=cortex-m4 -mthumb -mfloat-abi=hard -mfpu=fpv4-sp-d16 '-D__weak=__attribute__((weak))' '-D__packed="__attribute__((__packed__))"' -DUSE_HAL_DRIVER -DSTM32F373xC -I"/Users/willmitchell/Documents/stm32_workspace/via_hardware_library/Inc" -I"/Users/willmitchell/Documents/stm32_workspace/via_ui_library/inc" -I"/Users/willmitchell/Documents/stm32_workspace/via_hardware_library/Drivers/STM32F3xx_HAL_Driver/Inc" -I"/Users/willmitchell/Documents/stm32_workspace/via_hardware_library/Drivers/STM32F3xx_HAL_Driver/Inc/Legacy" -I"/Users/willmitchell/Documents/stm32_workspace/via_hardware_library/Middlewares/ST/STM32_TouchSensing_Library/inc" -I"/Users/willmitchell/Documents/stm32_workspace/via_hardware_library/Drivers/CMSIS/Device/ST/STM32F3xx/Include" -I"/Users/willmitchell/Documents/stm32_workspace/via_hardware_library/Drivers/CMSIS/Include"  -O3 -Wall -fmessage-length=0 -ffunction-sections -c -MMD -MP -MF"Drivers/STM32F3xx_HAL_Driver/Src/stm32f3xx_hal_cortex.d" -MT"Drivers/STM32F3xx_HAL_Driver/Src/stm32f3xx_hal_cortex.o" -o "Drivers/STM32F3xx_HAL_Driver/Src/stm32f3xx_hal_cortex.o" "../Drivers/STM32F3xx_HAL_Driver/Src/stm32f3xx_hal_cortex.c"
Finished building: ../Drivers/STM32F3xx_HAL_Driver/Src/stm32f3xx_hal_cortex.c
 
Building file: ../Drivers/STM32F3xx_HAL_Driver/Src/stm32f3xx_hal_dac.c
Invoking: MCU GCC Compiler
/Users/willmitchell/Documents/stm32_workspace/via_hardware_library/Release
arm-none-eabi-gcc -mcpu=cortex-m4 -mthumb -mfloat-abi=hard -mfpu=fpv4-sp-d16 '-D__weak=__attribute__((weak))' '-D__packed="__attribute__((__packed__))"' -DUSE_HAL_DRIVER -DSTM32F373xC -I"/Users/willmitchell/Documents/stm32_workspace/via_hardware_library/Inc" -I"/Users/willmitchell/Documents/stm32_workspace/via_ui_library/inc" -I"/Users/willmitchell/Documents/stm32_workspace/via_hardware_library/Drivers/STM32F3xx_HAL_Driver/Inc" -I"/Users/willmitchell/Documents/stm32_workspace/via_hardware_library/Drivers/STM32F3xx_HAL_Driver/Inc/Legacy" -I"/Users/willmitchell/Documents/stm32_workspace/via_hardware_library/Middlewares/ST/STM32_TouchSensing_Library/inc" -I"/Users/willmitchell/Documents/stm32_workspace/via_hardware_library/Drivers/CMSIS/Device/ST/STM32F3xx/Include" -I"/Users/willmitchell/Documents/stm32_workspace/via_hardware_library/Drivers/CMSIS/Include"  -O3 -Wall -fmessage-length=0 -ffunction-sections -c -MMD -MP -MF"Drivers/STM32F3xx_HAL_Driver/Src/stm32f3xx_hal_dac.d" -MT"Drivers/STM32F3xx_HAL_Driver/Src/stm32f3xx_hal_dac.o" -o "Drivers/STM32F3xx_HAL_Driver/Src/stm32f3xx_hal_dac.o" "../Drivers/STM32F3xx_HAL_Driver/Src/stm32f3xx_hal_dac.c"
Finished building: ../Drivers/STM32F3xx_HAL_Driver/Src/stm32f3xx_hal_dac.c
 
Building file: ../Drivers/STM32F3xx_HAL_Driver/Src/stm32f3xx_hal_dac_ex.c
Invoking: MCU GCC Compiler
/Users/willmitchell/Documents/stm32_workspace/via_hardware_library/Release
arm-none-eabi-gcc -mcpu=cortex-m4 -mthumb -mfloat-abi=hard -mfpu=fpv4-sp-d16 '-D__weak=__attribute__((weak))' '-D__packed="__attribute__((__packed__))"' -DUSE_HAL_DRIVER -DSTM32F373xC -I"/Users/willmitchell/Documents/stm32_workspace/via_hardware_library/Inc" -I"/Users/willmitchell/Documents/stm32_workspace/via_ui_library/inc" -I"/Users/willmitchell/Documents/stm32_workspace/via_hardware_library/Drivers/STM32F3xx_HAL_Driver/Inc" -I"/Users/willmitchell/Documents/stm32_workspace/via_hardware_library/Drivers/STM32F3xx_HAL_Driver/Inc/Legacy" -I"/Users/willmitchell/Documents/stm32_workspace/via_hardware_library/Middlewares/ST/STM32_TouchSensing_Library/inc" -I"/Users/willmitchell/Documents/stm32_workspace/via_hardware_library/Drivers/CMSIS/Device/ST/STM32F3xx/Include" -I"/Users/willmitchell/Documents/stm32_workspace/via_hardware_library/Drivers/CMSIS/Include"  -O3 -Wall -fmessage-length=0 -ffunction-sections -c -MMD -MP -MF"Drivers/STM32F3xx_HAL_Driver/Src/stm32f3xx_hal_dac_ex.d" -MT"Drivers/STM32F3xx_HAL_Driver/Src/stm32f3xx_hal_dac_ex.o" -o "Drivers/STM32F3xx_HAL_Driver/Src/stm32f3xx_hal_dac_ex.o" "../Drivers/STM32F3xx_HAL_Driver/Src/stm32f3xx_hal_dac_ex.c"
Finished building: ../Drivers/STM32F3xx_HAL_Driver/Src/stm32f3xx_hal_dac_ex.c
 
Building file: ../Drivers/STM32F3xx_HAL_Driver/Src/stm32f3xx_hal_dma.c
Invoking: MCU GCC Compiler
/Users/willmitchell/Documents/stm32_workspace/via_hardware_library/Release
arm-none-eabi-gcc -mcpu=cortex-m4 -mthumb -mfloat-abi=hard -mfpu=fpv4-sp-d16 '-D__weak=__attribute__((weak))' '-D__packed="__attribute__((__packed__))"' -DUSE_HAL_DRIVER -DSTM32F373xC -I"/Users/willmitchell/Documents/stm32_workspace/via_hardware_library/Inc" -I"/Users/willmitchell/Documents/stm32_workspace/via_ui_library/inc" -I"/Users/willmitchell/Documents/stm32_workspace/via_hardware_library/Drivers/STM32F3xx_HAL_Driver/Inc" -I"/Users/willmitchell/Documents/stm32_workspace/via_hardware_library/Drivers/STM32F3xx_HAL_Driver/Inc/Legacy" -I"/Users/willmitchell/Documents/stm32_workspace/via_hardware_library/Middlewares/ST/STM32_TouchSensing_Library/inc" -I"/Users/willmitchell/Documents/stm32_workspace/via_hardware_library/Drivers/CMSIS/Device/ST/STM32F3xx/Include" -I"/Users/willmitchell/Documents/stm32_workspace/via_hardware_library/Drivers/CMSIS/Include"  -O3 -Wall -fmessage-length=0 -ffunction-sections -c -MMD -MP -MF"Drivers/STM32F3xx_HAL_Driver/Src/stm32f3xx_hal_dma.d" -MT"Drivers/STM32F3xx_HAL_Driver/Src/stm32f3xx_hal_dma.o" -o "Drivers/STM32F3xx_HAL_Driver/Src/stm32f3xx_hal_dma.o" "../Drivers/STM32F3xx_HAL_Driver/Src/stm32f3xx_hal_dma.c"
Finished building: ../Drivers/STM32F3xx_HAL_Driver/Src/stm32f3xx_hal_dma.c
 
Building file: ../Drivers/STM32F3xx_HAL_Driver/Src/stm32f3xx_hal_flash.c
Invoking: MCU GCC Compiler
/Users/willmitchell/Documents/stm32_workspace/via_hardware_library/Release
arm-none-eabi-gcc -mcpu=cortex-m4 -mthumb -mfloat-abi=hard -mfpu=fpv4-sp-d16 '-D__weak=__attribute__((weak))' '-D__packed="__attribute__((__packed__))"' -DUSE_HAL_DRIVER -DSTM32F373xC -I"/Users/willmitchell/Documents/stm32_workspace/via_hardware_library/Inc" -I"/Users/willmitchell/Documents/stm32_workspace/via_ui_library/inc" -I"/Users/willmitchell/Documents/stm32_workspace/via_hardware_library/Drivers/STM32F3xx_HAL_Driver/Inc" -I"/Users/willmitchell/Documents/stm32_workspace/via_hardware_library/Drivers/STM32F3xx_HAL_Driver/Inc/Legacy" -I"/Users/willmitchell/Documents/stm32_workspace/via_hardware_library/Middlewares/ST/STM32_TouchSensing_Library/inc" -I"/Users/willmitchell/Documents/stm32_workspace/via_hardware_library/Drivers/CMSIS/Device/ST/STM32F3xx/Include" -I"/Users/willmitchell/Documents/stm32_workspace/via_hardware_library/Drivers/CMSIS/Include"  -O3 -Wall -fmessage-length=0 -ffunction-sections -c -MMD -MP -MF"Drivers/STM32F3xx_HAL_Driver/Src/stm32f3xx_hal_flash.d" -MT"Drivers/STM32F3xx_HAL_Driver/Src/stm32f3xx_hal_flash.o" -o "Drivers/STM32F3xx_HAL_Driver/Src/stm32f3xx_hal_flash.o" "../Drivers/STM32F3xx_HAL_Driver/Src/stm32f3xx_hal_flash.c"
Finished building: ../Drivers/STM32F3xx_HAL_Driver/Src/stm32f3xx_hal_flash.c
 
Building file: ../Drivers/STM32F3xx_HAL_Driver/Src/stm32f3xx_hal_flash_ex.c
Invoking: MCU GCC Compiler
/Users/willmitchell/Documents/stm32_workspace/via_hardware_library/Release
arm-none-eabi-gcc -mcpu=cortex-m4 -mthumb -mfloat-abi=hard -mfpu=fpv4-sp-d16 '-D__weak=__attribute__((weak))' '-D__packed="__attribute__((__packed__))"' -DUSE_HAL_DRIVER -DSTM32F373xC -I"/Users/willmitchell/Documents/stm32_workspace/via_hardware_library/Inc" -I"/Users/willmitchell/Documents/stm32_workspace/via_ui_library/inc" -I"/Users/willmitchell/Documents/stm32_workspace/via_hardware_library/Drivers/STM32F3xx_HAL_Driver/Inc" -I"/Users/willmitchell/Documents/stm32_workspace/via_hardware_library/Drivers/STM32F3xx_HAL_Driver/Inc/Legacy" -I"/Users/willmitchell/Documents/stm32_workspace/via_hardware_library/Middlewares/ST/STM32_TouchSensing_Library/inc" -I"/Users/willmitchell/Documents/stm32_workspace/via_hardware_library/Drivers/CMSIS/Device/ST/STM32F3xx/Include" -I"/Users/willmitchell/Documents/stm32_workspace/via_hardware_library/Drivers/CMSIS/Include"  -O3 -Wall -fmessage-length=0 -ffunction-sections -c -MMD -MP -MF"Drivers/STM32F3xx_HAL_Driver/Src/stm32f3xx_hal_flash_ex.d" -MT"Drivers/STM32F3xx_HAL_Driver/Src/stm32f3xx_hal_flash_ex.o" -o "Drivers/STM32F3xx_HAL_Driver/Src/stm32f3xx_hal_flash_ex.o" "../Drivers/STM32F3xx_HAL_Driver/Src/stm32f3xx_hal_flash_ex.c"
Finished building: ../Drivers/STM32F3xx_HAL_Driver/Src/stm32f3xx_hal_flash_ex.c
 
Building file: ../Drivers/STM32F3xx_HAL_Driver/Src/stm32f3xx_hal_gpio.c
Invoking: MCU GCC Compiler
/Users/willmitchell/Documents/stm32_workspace/via_hardware_library/Release
arm-none-eabi-gcc -mcpu=cortex-m4 -mthumb -mfloat-abi=hard -mfpu=fpv4-sp-d16 '-D__weak=__attribute__((weak))' '-D__packed="__attribute__((__packed__))"' -DUSE_HAL_DRIVER -DSTM32F373xC -I"/Users/willmitchell/Documents/stm32_workspace/via_hardware_library/Inc" -I"/Users/willmitchell/Documents/stm32_workspace/via_ui_library/inc" -I"/Users/willmitchell/Documents/stm32_workspace/via_hardware_library/Drivers/STM32F3xx_HAL_Driver/Inc" -I"/Users/willmitchell/Documents/stm32_workspace/via_hardware_library/Drivers/STM32F3xx_HAL_Driver/Inc/Legacy" -I"/Users/willmitchell/Documents/stm32_workspace/via_hardware_library/Middlewares/ST/STM32_TouchSensing_Library/inc" -I"/Users/willmitchell/Documents/stm32_workspace/via_hardware_library/Drivers/CMSIS/Device/ST/STM32F3xx/Include" -I"/Users/willmitchell/Documents/stm32_workspace/via_hardware_library/Drivers/CMSIS/Include"  -O3 -Wall -fmessage-length=0 -ffunction-sections -c -MMD -MP -MF"Drivers/STM32F3xx_HAL_Driver/Src/stm32f3xx_hal_gpio.d" -MT"Drivers/STM32F3xx_HAL_Driver/Src/stm32f3xx_hal_gpio.o" -o "Drivers/STM32F3xx_HAL_Driver/Src/stm32f3xx_hal_gpio.o" "../Drivers/STM32F3xx_HAL_Driver/Src/stm32f3xx_hal_gpio.c"
Finished building: ../Drivers/STM32F3xx_HAL_Driver/Src/stm32f3xx_hal_gpio.c
 
Building file: ../Drivers/STM32F3xx_HAL_Driver/Src/stm32f3xx_hal_i2c.c
Invoking: MCU GCC Compiler
/Users/willmitchell/Documents/stm32_workspace/via_hardware_library/Release
arm-none-eabi-gcc -mcpu=cortex-m4 -mthumb -mfloat-abi=hard -mfpu=fpv4-sp-d16 '-D__weak=__attribute__((weak))' '-D__packed="__attribute__((__packed__))"' -DUSE_HAL_DRIVER -DSTM32F373xC -I"/Users/willmitchell/Documents/stm32_workspace/via_hardware_library/Inc" -I"/Users/willmitchell/Documents/stm32_workspace/via_ui_library/inc" -I"/Users/willmitchell/Documents/stm32_workspace/via_hardware_library/Drivers/STM32F3xx_HAL_Driver/Inc" -I"/Users/willmitchell/Documents/stm32_workspace/via_hardware_library/Drivers/STM32F3xx_HAL_Driver/Inc/Legacy" -I"/Users/willmitchell/Documents/stm32_workspace/via_hardware_library/Middlewares/ST/STM32_TouchSensing_Library/inc" -I"/Users/willmitchell/Documents/stm32_workspace/via_hardware_library/Drivers/CMSIS/Device/ST/STM32F3xx/Include" -I"/Users/willmitchell/Documents/stm32_workspace/via_hardware_library/Drivers/CMSIS/Include"  -O3 -Wall -fmessage-length=0 -ffunction-sections -c -MMD -MP -MF"Drivers/STM32F3xx_HAL_Driver/Src/stm32f3xx_hal_i2c.d" -MT"Drivers/STM32F3xx_HAL_Driver/Src/stm32f3xx_hal_i2c.o" -o "Drivers/STM32F3xx_HAL_Driver/Src/stm32f3xx_hal_i2c.o" "../Drivers/STM32F3xx_HAL_Driver/Src/stm32f3xx_hal_i2c.c"
Finished building: ../Drivers/STM32F3xx_HAL_Driver/Src/stm32f3xx_hal_i2c.c
 
Building file: ../Drivers/STM32F3xx_HAL_Driver/Src/stm32f3xx_hal_i2c_ex.c
Invoking: MCU GCC Compiler
/Users/willmitchell/Documents/stm32_workspace/via_hardware_library/Release
arm-none-eabi-gcc -mcpu=cortex-m4 -mthumb -mfloat-abi=hard -mfpu=fpv4-sp-d16 '-D__weak=__attribute__((weak))' '-D__packed="__attribute__((__packed__))"' -DUSE_HAL_DRIVER -DSTM32F373xC -I"/Users/willmitchell/Documents/stm32_workspace/via_hardware_library/Inc" -I"/Users/willmitchell/Documents/stm32_workspace/via_ui_library/inc" -I"/Users/willmitchell/Documents/stm32_workspace/via_hardware_library/Drivers/STM32F3xx_HAL_Driver/Inc" -I"/Users/willmitchell/Documents/stm32_workspace/via_hardware_library/Drivers/STM32F3xx_HAL_Driver/Inc/Legacy" -I"/Users/willmitchell/Documents/stm32_workspace/via_hardware_library/Middlewares/ST/STM32_TouchSensing_Library/inc" -I"/Users/willmitchell/Documents/stm32_workspace/via_hardware_library/Drivers/CMSIS/Device/ST/STM32F3xx/Include" -I"/Users/willmitchell/Documents/stm32_workspace/via_hardware_library/Drivers/CMSIS/Include"  -O3 -Wall -fmessage-length=0 -ffunction-sections -c -MMD -MP -MF"Drivers/STM32F3xx_HAL_Driver/Src/stm32f3xx_hal_i2c_ex.d" -MT"Drivers/STM32F3xx_HAL_Driver/Src/stm32f3xx_hal_i2c_ex.o" -o "Drivers/STM32F3xx_HAL_Driver/Src/stm32f3xx_hal_i2c_ex.o" "../Drivers/STM32F3xx_HAL_Driver/Src/stm32f3xx_hal_i2c_ex.c"
Finished building: ../Drivers/STM32F3xx_HAL_Driver/Src/stm32f3xx_hal_i2c_ex.c
 
Building file: ../Drivers/STM32F3xx_HAL_Driver/Src/stm32f3xx_hal_pwr.c
Invoking: MCU GCC Compiler
/Users/willmitchell/Documents/stm32_workspace/via_hardware_library/Release
arm-none-eabi-gcc -mcpu=cortex-m4 -mthumb -mfloat-abi=hard -mfpu=fpv4-sp-d16 '-D__weak=__attribute__((weak))' '-D__packed="__attribute__((__packed__))"' -DUSE_HAL_DRIVER -DSTM32F373xC -I"/Users/willmitchell/Documents/stm32_workspace/via_hardware_library/Inc" -I"/Users/willmitchell/Documents/stm32_workspace/via_ui_library/inc" -I"/Users/willmitchell/Documents/stm32_workspace/via_hardware_library/Drivers/STM32F3xx_HAL_Driver/Inc" -I"/Users/willmitchell/Documents/stm32_workspace/via_hardware_library/Drivers/STM32F3xx_HAL_Driver/Inc/Legacy" -I"/Users/willmitchell/Documents/stm32_workspace/via_hardware_library/Middlewares/ST/STM32_TouchSensing_Library/inc" -I"/Users/willmitchell/Documents/stm32_workspace/via_hardware_library/Drivers/CMSIS/Device/ST/STM32F3xx/Include" -I"/Users/willmitchell/Documents/stm32_workspace/via_hardware_library/Drivers/CMSIS/Include"  -O3 -Wall -fmessage-length=0 -ffunction-sections -c -MMD -MP -MF"Drivers/STM32F3xx_HAL_Driver/Src/stm32f3xx_hal_pwr.d" -MT"Drivers/STM32F3xx_HAL_Driver/Src/stm32f3xx_hal_pwr.o" -o "Drivers/STM32F3xx_HAL_Driver/Src/stm32f3xx_hal_pwr.o" "../Drivers/STM32F3xx_HAL_Driver/Src/stm32f3xx_hal_pwr.c"
Finished building: ../Drivers/STM32F3xx_HAL_Driver/Src/stm32f3xx_hal_pwr.c
 
Building file: ../Drivers/STM32F3xx_HAL_Driver/Src/stm32f3xx_hal_pwr_ex.c
Invoking: MCU GCC Compiler
/Users/willmitchell/Documents/stm32_workspace/via_hardware_library/Release
arm-none-eabi-gcc -mcpu=cortex-m4 -mthumb -mfloat-abi=hard -mfpu=fpv4-sp-d16 '-D__weak=__attribute__((weak))' '-D__packed="__attribute__((__packed__))"' -DUSE_HAL_DRIVER -DSTM32F373xC -I"/Users/willmitchell/Documents/stm32_workspace/via_hardware_library/Inc" -I"/Users/willmitchell/Documents/stm32_workspace/via_ui_library/inc" -I"/Users/willmitchell/Documents/stm32_workspace/via_hardware_library/Drivers/STM32F3xx_HAL_Driver/Inc" -I"/Users/willmitchell/Documents/stm32_workspace/via_hardware_library/Drivers/STM32F3xx_HAL_Driver/Inc/Legacy" -I"/Users/willmitchell/Documents/stm32_workspace/via_hardware_library/Middlewares/ST/STM32_TouchSensing_Library/inc" -I"/Users/willmitchell/Documents/stm32_workspace/via_hardware_library/Drivers/CMSIS/Device/ST/STM32F3xx/Include" -I"/Users/willmitchell/Documents/stm32_workspace/via_hardware_library/Drivers/CMSIS/Include"  -O3 -Wall -fmessage-length=0 -ffunction-sections -c -MMD -MP -MF"Drivers/STM32F3xx_HAL_Driver/Src/stm32f3xx_hal_pwr_ex.d" -MT"Drivers/STM32F3xx_HAL_Driver/Src/stm32f3xx_hal_pwr_ex.o" -o "Drivers/STM32F3xx_HAL_Driver/Src/stm32f3xx_hal_pwr_ex.o" "../Drivers/STM32F3xx_HAL_Driver/Src/stm32f3xx_hal_pwr_ex.c"
Finished building: ../Drivers/STM32F3xx_HAL_Driver/Src/stm32f3xx_hal_pwr_ex.c
 
Building file: ../Drivers/STM32F3xx_HAL_Driver/Src/stm32f3xx_hal_rcc.c
Invoking: MCU GCC Compiler
/Users/willmitchell/Documents/stm32_workspace/via_hardware_library/Release
arm-none-eabi-gcc -mcpu=cortex-m4 -mthumb -mfloat-abi=hard -mfpu=fpv4-sp-d16 '-D__weak=__attribute__((weak))' '-D__packed="__attribute__((__packed__))"' -DUSE_HAL_DRIVER -DSTM32F373xC -I"/Users/willmitchell/Documents/stm32_workspace/via_hardware_library/Inc" -I"/Users/willmitchell/Documents/stm32_workspace/via_ui_library/inc" -I"/Users/willmitchell/Documents/stm32_workspace/via_hardware_library/Drivers/STM32F3xx_HAL_Driver/Inc" -I"/Users/willmitchell/Documents/stm32_workspace/via_hardware_library/Drivers/STM32F3xx_HAL_Driver/Inc/Legacy" -I"/Users/willmitchell/Documents/stm32_workspace/via_hardware_library/Middlewares/ST/STM32_TouchSensing_Library/inc" -I"/Users/willmitchell/Documents/stm32_workspace/via_hardware_library/Drivers/CMSIS/Device/ST/STM32F3xx/Include" -I"/Users/willmitchell/Documents/stm32_workspace/via_hardware_library/Drivers/CMSIS/Include"  -O3 -Wall -fmessage-length=0 -ffunction-sections -c -MMD -MP -MF"Drivers/STM32F3xx_HAL_Driver/Src/stm32f3xx_hal_rcc.d" -MT"Drivers/STM32F3xx_HAL_Driver/Src/stm32f3xx_hal_rcc.o" -o "Drivers/STM32F3xx_HAL_Driver/Src/stm32f3xx_hal_rcc.o" "../Drivers/STM32F3xx_HAL_Driver/Src/stm32f3xx_hal_rcc.c"
Finished building: ../Drivers/STM32F3xx_HAL_Driver/Src/stm32f3xx_hal_rcc.c
 
Building file: ../Drivers/STM32F3xx_HAL_Driver/Src/stm32f3xx_hal_rcc_ex.c
Invoking: MCU GCC Compiler
/Users/willmitchell/Documents/stm32_workspace/via_hardware_library/Release
arm-none-eabi-gcc -mcpu=cortex-m4 -mthumb -mfloat-abi=hard -mfpu=fpv4-sp-d16 '-D__weak=__attribute__((weak))' '-D__packed="__attribute__((__packed__))"' -DUSE_HAL_DRIVER -DSTM32F373xC -I"/Users/willmitchell/Documents/stm32_workspace/via_hardware_library/Inc" -I"/Users/willmitchell/Documents/stm32_workspace/via_ui_library/inc" -I"/Users/willmitchell/Documents/stm32_workspace/via_hardware_library/Drivers/STM32F3xx_HAL_Driver/Inc" -I"/Users/willmitchell/Documents/stm32_workspace/via_hardware_library/Drivers/STM32F3xx_HAL_Driver/Inc/Legacy" -I"/Users/willmitchell/Documents/stm32_workspace/via_hardware_library/Middlewares/ST/STM32_TouchSensing_Library/inc" -I"/Users/willmitchell/Documents/stm32_workspace/via_hardware_library/Drivers/CMSIS/Device/ST/STM32F3xx/Include" -I"/Users/willmitchell/Documents/stm32_workspace/via_hardware_library/Drivers/CMSIS/Include"  -O3 -Wall -fmessage-length=0 -ffunction-sections -c -MMD -MP -MF"Drivers/STM32F3xx_HAL_Driver/Src/stm32f3xx_hal_rcc_ex.d" -MT"Drivers/STM32F3xx_HAL_Driver/Src/stm32f3xx_hal_rcc_ex.o" -o "Drivers/STM32F3xx_HAL_Driver/Src/stm32f3xx_hal_rcc_ex.o" "../Drivers/STM32F3xx_HAL_Driver/Src/stm32f3xx_hal_rcc_ex.c"
Finished building: ../Drivers/STM32F3xx_HAL_Driver/Src/stm32f3xx_hal_rcc_ex.c
 
Building file: ../Drivers/STM32F3xx_HAL_Driver/Src/stm32f3xx_hal_sdadc.c
Invoking: MCU GCC Compiler
/Users/willmitchell/Documents/stm32_workspace/via_hardware_library/Release
arm-none-eabi-gcc -mcpu=cortex-m4 -mthumb -mfloat-abi=hard -mfpu=fpv4-sp-d16 '-D__weak=__attribute__((weak))' '-D__packed="__attribute__((__packed__))"' -DUSE_HAL_DRIVER -DSTM32F373xC -I"/Users/willmitchell/Documents/stm32_workspace/via_hardware_library/Inc" -I"/Users/willmitchell/Documents/stm32_workspace/via_ui_library/inc" -I"/Users/willmitchell/Documents/stm32_workspace/via_hardware_library/Drivers/STM32F3xx_HAL_Driver/Inc" -I"/Users/willmitchell/Documents/stm32_workspace/via_hardware_library/Drivers/STM32F3xx_HAL_Driver/Inc/Legacy" -I"/Users/willmitchell/Documents/stm32_workspace/via_hardware_library/Middlewares/ST/STM32_TouchSensing_Library/inc" -I"/Users/willmitchell/Documents/stm32_workspace/via_hardware_library/Drivers/CMSIS/Device/ST/STM32F3xx/Include" -I"/Users/willmitchell/Documents/stm32_workspace/via_hardware_library/Drivers/CMSIS/Include"  -O3 -Wall -fmessage-length=0 -ffunction-sections -c -MMD -MP -MF"Drivers/STM32F3xx_HAL_Driver/Src/stm32f3xx_hal_sdadc.d" -MT"Drivers/STM32F3xx_HAL_Driver/Src/stm32f3xx_hal_sdadc.o" -o "Drivers/STM32F3xx_HAL_Driver/Src/stm32f3xx_hal_sdadc.o" "../Drivers/STM32F3xx_HAL_Driver/Src/stm32f3xx_hal_sdadc.c"
Finished building: ../Drivers/STM32F3xx_HAL_Driver/Src/stm32f3xx_hal_sdadc.c
 
Building file: ../Drivers/STM32F3xx_HAL_Driver/Src/stm32f3xx_hal_tim.c
Invoking: MCU GCC Compiler
/Users/willmitchell/Documents/stm32_workspace/via_hardware_library/Release
arm-none-eabi-gcc -mcpu=cortex-m4 -mthumb -mfloat-abi=hard -mfpu=fpv4-sp-d16 '-D__weak=__attribute__((weak))' '-D__packed="__attribute__((__packed__))"' -DUSE_HAL_DRIVER -DSTM32F373xC -I"/Users/willmitchell/Documents/stm32_workspace/via_hardware_library/Inc" -I"/Users/willmitchell/Documents/stm32_workspace/via_ui_library/inc" -I"/Users/willmitchell/Documents/stm32_workspace/via_hardware_library/Drivers/STM32F3xx_HAL_Driver/Inc" -I"/Users/willmitchell/Documents/stm32_workspace/via_hardware_library/Drivers/STM32F3xx_HAL_Driver/Inc/Legacy" -I"/Users/willmitchell/Documents/stm32_workspace/via_hardware_library/Middlewares/ST/STM32_TouchSensing_Library/inc" -I"/Users/willmitchell/Documents/stm32_workspace/via_hardware_library/Drivers/CMSIS/Device/ST/STM32F3xx/Include" -I"/Users/willmitchell/Documents/stm32_workspace/via_hardware_library/Drivers/CMSIS/Include"  -O3 -Wall -fmessage-length=0 -ffunction-sections -c -MMD -MP -MF"Drivers/STM32F3xx_HAL_Driver/Src/stm32f3xx_hal_tim.d" -MT"Drivers/STM32F3xx_HAL_Driver/Src/stm32f3xx_hal_tim.o" -o "Drivers/STM32F3xx_HAL_Driver/Src/stm32f3xx_hal_tim.o" "../Drivers/STM32F3xx_HAL_Driver/Src/stm32f3xx_hal_tim.c"
Finished building: ../Drivers/STM32F3xx_HAL_Driver/Src/stm32f3xx_hal_tim.c
 
Building file: ../Drivers/STM32F3xx_HAL_Driver/Src/stm32f3xx_hal_tim_ex.c
Invoking: MCU GCC Compiler
/Users/willmitchell/Documents/stm32_workspace/via_hardware_library/Release
arm-none-eabi-gcc -mcpu=cortex-m4 -mthumb -mfloat-abi=hard -mfpu=fpv4-sp-d16 '-D__weak=__attribute__((weak))' '-D__packed="__attribute__((__packed__))"' -DUSE_HAL_DRIVER -DSTM32F373xC -I"/Users/willmitchell/Documents/stm32_workspace/via_hardware_library/Inc" -I"/Users/willmitchell/Documents/stm32_workspace/via_ui_library/inc" -I"/Users/willmitchell/Documents/stm32_workspace/via_hardware_library/Drivers/STM32F3xx_HAL_Driver/Inc" -I"/Users/willmitchell/Documents/stm32_workspace/via_hardware_library/Drivers/STM32F3xx_HAL_Driver/Inc/Legacy" -I"/Users/willmitchell/Documents/stm32_workspace/via_hardware_library/Middlewares/ST/STM32_TouchSensing_Library/inc" -I"/Users/willmitchell/Documents/stm32_workspace/via_hardware_library/Drivers/CMSIS/Device/ST/STM32F3xx/Include" -I"/Users/willmitchell/Documents/stm32_workspace/via_hardware_library/Drivers/CMSIS/Include"  -O3 -Wall -fmessage-length=0 -ffunction-sections -c -MMD -MP -MF"Drivers/STM32F3xx_HAL_Driver/Src/stm32f3xx_hal_tim_ex.d" -MT"Drivers/STM32F3xx_HAL_Driver/Src/stm32f3xx_hal_tim_ex.o" -o "Drivers/STM32F3xx_HAL_Driver/Src/stm32f3xx_hal_tim_ex.o" "../Drivers/STM32F3xx_HAL_Driver/Src/stm32f3xx_hal_tim_ex.c"
Finished building: ../Drivers/STM32F3xx_HAL_Driver/Src/stm32f3xx_hal_tim_ex.c
 
Building file: ../Drivers/STM32F3xx_HAL_Driver/Src/stm32f3xx_hal_tsc.c
Invoking: MCU GCC Compiler
/Users/willmitchell/Documents/stm32_workspace/via_hardware_library/Release
arm-none-eabi-gcc -mcpu=cortex-m4 -mthumb -mfloat-abi=hard -mfpu=fpv4-sp-d16 '-D__weak=__attribute__((weak))' '-D__packed="__attribute__((__packed__))"' -DUSE_HAL_DRIVER -DSTM32F373xC -I"/Users/willmitchell/Documents/stm32_workspace/via_hardware_library/Inc" -I"/Users/willmitchell/Documents/stm32_workspace/via_ui_library/inc" -I"/Users/willmitchell/Documents/stm32_workspace/via_hardware_library/Drivers/STM32F3xx_HAL_Driver/Inc" -I"/Users/willmitchell/Documents/stm32_workspace/via_hardware_library/Drivers/STM32F3xx_HAL_Driver/Inc/Legacy" -I"/Users/willmitchell/Documents/stm32_workspace/via_hardware_library/Middlewares/ST/STM32_TouchSensing_Library/inc" -I"/Users/willmitchell/Documents/stm32_workspace/via_hardware_library/Drivers/CMSIS/Device/ST/STM32F3xx/Include" -I"/Users/willmitchell/Documents/stm32_workspace/via_hardware_library/Drivers/CMSIS/Include"  -O3 -Wall -fmessage-length=0 -ffunction-sections -c -MMD -MP -MF"Drivers/STM32F3xx_HAL_Driver/Src/stm32f3xx_hal_tsc.d" -MT"Drivers/STM32F3xx_HAL_Driver/Src/stm32f3xx_hal_tsc.o" -o "Drivers/STM32F3xx_HAL_Driver/Src/stm32f3xx_hal_tsc.o" "../Drivers/STM32F3xx_HAL_Driver/Src/stm32f3xx_hal_tsc.c"
Finished building: ../Drivers/STM32F3xx_HAL_Driver/Src/stm32f3xx_hal_tsc.c
 
Building target: libvia_hardware_library.a
Invoking: MCU GCC Archiver
arm-none-eabi-ar -r  "libvia_hardware_library.a" @"objects.list"  
arm-none-eabi-ar: creating libvia_hardware_library.a
Finished building target: libvia_hardware_library.a
 

22:17:51 Build Finished (took 5s.821ms)

